Log file open, 02/12/17 13:52:10
LogInit:Display: Running engine for game: CyberPunk_Unreal
LogPlatformFile: Not using cached read wrapper
LogInit:Display: RandInit(-343612883) SRandInit(-343612883).
LogTaskGraph: Started task graph with 5 named threads and 8 total threads with 1 sets of task threads.
LogStats: Stats thread started at 0.091438
LogPluginManager: Loaded Plugin Paper2D, From C:/Program Files (x86)/Epic Games/4.14/Engine/Plugins/2D/Paper2D/Paper2D.uplugin
LogPluginManager: Loaded Plugin LightPropagationVolume, From C:/Program Files (x86)/Epic Games/4.14/Engine/Plugins/Blendables/LightPropagationVolume/LightPropagationVolume.uplugin
LogPluginManager: Loaded Plugin BlankPlugin, From C:/Program Files (x86)/Epic Games/4.14/Engine/Plugins/Developer/BlankPlugin/BlankPlugin.uplugin
LogPluginManager: Loaded Plugin CodeLiteSourceCodeAccess, From C:/Program Files (x86)/Epic Games/4.14/Engine/Plugins/Developer/CodeLiteSourceCodeAccess/CodeLiteSourceCodeAccess.uplugin
LogPluginManager: Loaded Plugin GitSourceControl, From C:/Program Files (x86)/Epic Games/4.14/Engine/Plugins/Developer/GitSourceControl/GitSourceControl.uplugin
LogPluginManager: Loaded Plugin KDevelopSourceCodeAccess, From C:/Program Files (x86)/Epic Games/4.14/Engine/Plugins/Developer/KDevelopSourceCodeAccess/KDevelopSourceCodeAccess.uplugin
LogPluginManager: Loaded Plugin NullSourceCodeAccess, From C:/Program Files (x86)/Epic Games/4.14/Engine/Plugins/Developer/NullSourceCodeAccess/NullSourceCodeAccess.uplugin
LogPluginManager: Loaded Plugin OneSkyLocalizationService, From C:/Program Files (x86)/Epic Games/4.14/Engine/Plugins/Developer/OneSkyLocalizationService/OneSkyLocalizationService.uplugin
LogPluginManager: Loaded Plugin PerforceSourceControl, From C:/Program Files (x86)/Epic Games/4.14/Engine/Plugins/Developer/PerforceSourceControl/PerforceSourceControl.uplugin
LogPluginManager: Loaded Plugin SubversionSourceControl, From C:/Program Files (x86)/Epic Games/4.14/Engine/Plugins/Developer/SubversionSourceControl/SubversionSourceControl.uplugin
LogPluginManager: Loaded Plugin UObjectPlugin, From C:/Program Files (x86)/Epic Games/4.14/Engine/Plugins/Developer/UObjectPlugin/UObjectPlugin.uplugin
LogPluginManager: Loaded Plugin VisualStudioSourceCodeAccess, From C:/Program Files (x86)/Epic Games/4.14/Engine/Plugins/Developer/VisualStudioSourceCodeAccess/VisualStudioSourceCodeAccess.uplugin
LogPluginManager: Loaded Plugin XCodeSourceCodeAccess, From C:/Program Files (x86)/Epic Games/4.14/Engine/Plugins/Developer/XCodeSourceCodeAccess/XCodeSourceCodeAccess.uplugin
LogPluginManager: Loaded Plugin AudioCapture, From C:/Program Files (x86)/Epic Games/4.14/Engine/Plugins/Editor/AudioCapture/AudioCapture.uplugin
LogPluginManager: Loaded Plugin EpicSurvey, From C:/Program Files (x86)/Epic Games/4.14/Engine/Plugins/Editor/EpicSurvey/EpicSurvey.uplugin
LogPluginManager: Loaded Plugin MacGraphicsSwitching, From C:/Program Files (x86)/Epic Games/4.14/Engine/Plugins/Editor/MacGraphicsSwitching/MacGraphicsSwitching.uplugin
LogPluginManager: Loaded Plugin MobileLauncherProfileWizard, From C:/Program Files (x86)/Epic Games/4.14/Engine/Plugins/Editor/MobileLauncherProfileWizard/MobileLauncherProfileWizard.uplugin
LogPluginManager: Loaded Plugin PluginBrowser, From C:/Program Files (x86)/Epic Games/4.14/Engine/Plugins/Editor/PluginBrowser/PluginBrowser.uplugin
LogPluginManager: Loaded Plugin SpeedTreeImporter, From C:/Program Files (x86)/Epic Games/4.14/Engine/Plugins/Editor/SpeedTreeImporter/SpeedTreeImporter.uplugin
LogPluginManager: Loaded Plugin SuperSearchEditor, From C:/Program Files (x86)/Epic Games/4.14/Engine/Plugins/Editor/SuperSearchEditor/SuperSearchEditor.uplugin
LogPluginManager: Loaded Plugin AlembicImporter, From C:/Program Files (x86)/Epic Games/4.14/Engine/Plugins/Experimental/AlembicImporter/AlembicImporter.uplugin
LogPluginManager: Loaded Plugin BlueprintStats, From C:/Program Files (x86)/Epic Games/4.14/Engine/Plugins/Experimental/BlueprintStats/BlueprintStats.uplugin
LogPluginManager: Loaded Plugin CharacterAI, From C:/Program Files (x86)/Epic Games/4.14/Engine/Plugins/Experimental/CharacterAI/CharacterAI.uplugin
LogPluginManager: Loaded Plugin CodeEditor, From C:/Program Files (x86)/Epic Games/4.14/Engine/Plugins/Experimental/CodeEditor/CodeEditor.uplugin
LogPluginManager: Loaded Plugin CodeView, From C:/Program Files (x86)/Epic Games/4.14/Engine/Plugins/Experimental/CodeView/CodeView.uplugin
LogPluginManager: Loaded Plugin HTML5Networking, From C:/Program Files (x86)/Epic Games/4.14/Engine/Plugins/Experimental/HTML5Networking/HTML5Networking.uplugin
LogPluginManager: Loaded Plugin OSVR, From C:/Program Files (x86)/Epic Games/4.14/Engine/Plugins/Experimental/OSVR/OSVR.uplugin
LogPluginManager: Loaded Plugin Phya, From C:/Program Files (x86)/Epic Games/4.14/Engine/Plugins/Experimental/Phya/Phya.uplugin
LogPluginManager: Loaded Plugin SignificanceManager, From C:/Program Files (x86)/Epic Games/4.14/Engine/Plugins/Experimental/SignificanceManager/SignificanceManager.uplugin
LogPluginManager: Loaded Plugin SimpleHMD, From C:/Program Files (x86)/Epic Games/4.14/Engine/Plugins/Experimental/SimpleHMD/SimpleHMD.uplugin
LogPluginManager: Loaded Plugin StereoPanorama, From C:/Program Files (x86)/Epic Games/4.14/Engine/Plugins/Experimental/StereoPanorama/StereoPanorama.uplugin
LogPluginManager: Loaded Plugin StructBox, From C:/Program Files (x86)/Epic Games/4.14/Engine/Plugins/Experimental/StructBox/StructBox.uplugin
LogPluginManager: Loaded Plugin AndroidMedia, From C:/Program Files (x86)/Epic Games/4.14/Engine/Plugins/Media/AndroidMedia/AndroidMedia.uplugin
LogPluginManager: Loaded Plugin AvfMedia, From C:/Program Files (x86)/Epic Games/4.14/Engine/Plugins/Media/AvfMedia/AvfMedia.uplugin
LogPluginManager: Loaded Plugin MediaPlayerEditor, From C:/Program Files (x86)/Epic Games/4.14/Engine/Plugins/Media/MediaPlayerEditor/MediaPlayerEditor.uplugin
LogPluginManager: Loaded Plugin WmfMedia, From C:/Program Files (x86)/Epic Games/4.14/Engine/Plugins/Media/WmfMedia/WmfMedia.uplugin
LogPluginManager: Loaded Plugin MessagingDebugger, From C:/Program Files (x86)/Epic Games/4.14/Engine/Plugins/Messaging/MessagingDebugger/MessagingDebugger.uplugin
LogPluginManager: Loaded Plugin TcpMessaging, From C:/Program Files (x86)/Epic Games/4.14/Engine/Plugins/Messaging/TcpMessaging/TcpMessaging.uplugin
LogPluginManager: Loaded Plugin UdpMessaging, From C:/Program Files (x86)/Epic Games/4.14/Engine/Plugins/Messaging/UdpMessaging/UdpMessaging.uplugin
LogPluginManager: Loaded Plugin LevelSequenceEditor, From C:/Program Files (x86)/Epic Games/4.14/Engine/Plugins/MovieScene/LevelSequenceEditor/LevelSequenceEditor.uplugin
LogPluginManager: Loaded Plugin MatineeToLevelSequence, From C:/Program Files (x86)/Epic Games/4.14/Engine/Plugins/MovieScene/MatineeToLevelSequence/MatineeToLevelSequence.uplugin
LogPluginManager: Loaded Plugin NetcodeUnitTest, From C:/Program Files (x86)/Epic Games/4.14/Engine/Plugins/NetcodeUnitTest/NetcodeUnitTest/NetcodeUnitTest.uplugin
LogPluginManager: Loaded Plugin NUTUnrealEngine4, From C:/Program Files (x86)/Epic Games/4.14/Engine/Plugins/NetcodeUnitTest/NUTUnrealEngine4/NUTUnrealEngine4.uplugin
LogPluginManager: Loaded Plugin OnlineSubsystemGameCircle, From C:/Program Files (x86)/Epic Games/4.14/Engine/Plugins/Online/Android/OnlineSubsystemGameCircle/OnlineSubsystemGameCircle.uplugin
LogPluginManager: Loaded Plugin OnlineSubsystemGooglePlay, From C:/Program Files (x86)/Epic Games/4.14/Engine/Plugins/Online/Android/OnlineSubsystemGooglePlay/OnlineSubsystemGooglePlay.uplugin
LogPluginManager: Loaded Plugin OnlineSubsystemIOS, From C:/Program Files (x86)/Epic Games/4.14/Engine/Plugins/Online/IOS/OnlineSubsystemIOS/OnlineSubsystemIOS.uplugin
LogPluginManager: Loaded Plugin OnlineFramework, From C:/Program Files (x86)/Epic Games/4.14/Engine/Plugins/Online/OnlineFramework/OnlineFramework.uplugin
LogPluginManager: Loaded Plugin OnlineSubsystem, From C:/Program Files (x86)/Epic Games/4.14/Engine/Plugins/Online/OnlineSubsystem/OnlineSubsystem.uplugin
LogPluginManager: Loaded Plugin OnlineSubsystemAmazon, From C:/Program Files (x86)/Epic Games/4.14/Engine/Plugins/Online/OnlineSubsystemAmazon/OnlineSubsystemAmazon.uplugin
LogPluginManager: Loaded Plugin OnlineSubsystemFacebook, From C:/Program Files (x86)/Epic Games/4.14/Engine/Plugins/Online/OnlineSubsystemFacebook/OnlineSubsystemFacebook.uplugin
LogPluginManager: Loaded Plugin OnlineSubsystemNull, From C:/Program Files (x86)/Epic Games/4.14/Engine/Plugins/Online/OnlineSubsystemNull/OnlineSubsystemNull.uplugin
LogPluginManager: Loaded Plugin OnlineSubsystemOculus, From C:/Program Files (x86)/Epic Games/4.14/Engine/Plugins/Online/OnlineSubsystemOculus/OnlineSubsystemOculus.uplugin
LogPluginManager: Loaded Plugin OnlineSubsystemSteam, From C:/Program Files (x86)/Epic Games/4.14/Engine/Plugins/Online/OnlineSubsystemSteam/OnlineSubsystemSteam.uplugin
LogPluginManager: Loaded Plugin OnlineSubsystemUtils, From C:/Program Files (x86)/Epic Games/4.14/Engine/Plugins/Online/OnlineSubsystemUtils/OnlineSubsystemUtils.uplugin
LogPluginManager: Loaded Plugin IOSTapJoy, From C:/Program Files (x86)/Epic Games/4.14/Engine/Plugins/Runtime/Advertising/IOSTapJoy/IOSTapJoy.uplugin
LogPluginManager: Loaded Plugin AnalyticsBlueprintLibrary, From C:/Program Files (x86)/Epic Games/4.14/Engine/Plugins/Runtime/Analytics/AnalyticsBlueprintLibrary/AnalyticsBlueprintLibrary.uplugin
LogPluginManager: Loaded Plugin AnalyticsMulticast, From C:/Program Files (x86)/Epic Games/4.14/Engine/Plugins/Runtime/Analytics/AnalyticsMulticast/AnalyticsMulticast.uplugin
LogPluginManager: Loaded Plugin Apsalar, From C:/Program Files (x86)/Epic Games/4.14/Engine/Plugins/Runtime/Analytics/Apsalar/Apsalar.uplugin
LogPluginManager: Loaded Plugin FileLogging, From C:/Program Files (x86)/Epic Games/4.14/Engine/Plugins/Runtime/Analytics/FileLogging/FileLogging.uplugin
LogPluginManager: Loaded Plugin Flurry, From C:/Program Files (x86)/Epic Games/4.14/Engine/Plugins/Runtime/Analytics/Flurry/Flurry.uplugin
LogPluginManager: Loaded Plugin AndroidDeviceProfileSelector, From C:/Program Files (x86)/Epic Games/4.14/Engine/Plugins/Runtime/AndroidDeviceProfileSelector/AndroidDeviceProfileSelector.uplugin
LogPluginManager: Loaded Plugin AndroidMoviePlayer, From C:/Program Files (x86)/Epic Games/4.14/Engine/Plugins/Runtime/AndroidMoviePlayer/AndroidMoviePlayer.uplugin
LogPluginManager: Loaded Plugin AppleMoviePlayer, From C:/Program Files (x86)/Epic Games/4.14/Engine/Plugins/Runtime/AppleMoviePlayer/AppleMoviePlayer.uplugin
LogPluginManager: Loaded Plugin ArchVisCharacter, From C:/Program Files (x86)/Epic Games/4.14/Engine/Plugins/Runtime/ArchVisCharacter/ArchVisCharacter.uplugin
LogPluginManager: Loaded Plugin CableComponent, From C:/Program Files (x86)/Epic Games/4.14/Engine/Plugins/Runtime/CableComponent/CableComponent.uplugin
LogPluginManager: Loaded Plugin CustomMeshComponent, From C:/Program Files (x86)/Epic Games/4.14/Engine/Plugins/Runtime/CustomMeshComponent/CustomMeshComponent.uplugin
LogPluginManager: Loaded Plugin ExampleDeviceProfileSelector, From C:/Program Files (x86)/Epic Games/4.14/Engine/Plugins/Runtime/ExampleDeviceProfileSelector/ExampleDeviceProfileSelector.uplugin
LogPluginManager: Loaded Plugin GearVR, From C:/Program Files (x86)/Epic Games/4.14/Engine/Plugins/Runtime/GearVR/GearVR.uplugin
LogPluginManager: Loaded Plugin GoogleVRController, From C:/Program Files (x86)/Epic Games/4.14/Engine/Plugins/Runtime/GoogleVR/GoogleVRController/GoogleVRController.uplugin
LogPluginManager: Loaded Plugin GoogleVRHMD, From C:/Program Files (x86)/Epic Games/4.14/Engine/Plugins/Runtime/GoogleVR/GoogleVRHMD/GoogleVRHMD.uplugin
LogPluginManager: Loaded Plugin IOSDeviceProfileSelector, From C:/Program Files (x86)/Epic Games/4.14/Engine/Plugins/Runtime/IOSDeviceProfileSelector/IOSDeviceProfileSelector.uplugin
LogPluginManager: Loaded Plugin LeapMotion, From C:/Program Files (x86)/Epic Games/4.14/Engine/Plugins/Runtime/LeapMotion/LeapMotion.uplugin
LogPluginManager: Loaded Plugin LinuxDeviceProfileSelector, From C:/Program Files (x86)/Epic Games/4.14/Engine/Plugins/Runtime/LinuxDeviceProfileSelector/LinuxDeviceProfileSelector.uplugin
LogPluginManager: Loaded Plugin MIDIDevice, From C:/Program Files (x86)/Epic Games/4.14/Engine/Plugins/Runtime/MIDIDevice/MIDIDevice.uplugin
LogPluginManager: Loaded Plugin MobilePatchingUtils, From C:/Program Files (x86)/Epic Games/4.14/Engine/Plugins/Runtime/MobilePatchingUtils/MobilePatchingUtils.uplugin
LogPluginManager: Loaded Plugin Ansel, From C:/Program Files (x86)/Epic Games/4.14/Engine/Plugins/Runtime/Nvidia/Ansel/Ansel.uplugin
LogPluginManager: Loaded Plugin OculusAudio, From C:/Program Files (x86)/Epic Games/4.14/Engine/Plugins/Runtime/OculusAudio/OculusAudio.uplugin
LogPluginManager: Loaded Plugin OculusInput, From C:/Program Files (x86)/Epic Games/4.14/Engine/Plugins/Runtime/OculusInput/OculusInput.uplugin
LogPluginManager: Loaded Plugin OculusLibrary, From C:/Program Files (x86)/Epic Games/4.14/Engine/Plugins/Runtime/OculusLibrary/OculusLibrary.uplugin
LogPluginManager: Loaded Plugin OculusRift, From C:/Program Files (x86)/Epic Games/4.14/Engine/Plugins/Runtime/OculusRift/OculusRift.uplugin
LogPluginManager: Loaded Plugin Oodle, From C:/Program Files (x86)/Epic Games/4.14/Engine/Plugins/Runtime/PacketHandlers/CompressionComponents/Oodle/Oodle.uplugin
LogPluginManager: Loaded Plugin ProceduralMeshComponent, From C:/Program Files (x86)/Epic Games/4.14/Engine/Plugins/Runtime/ProceduralMeshComponent/ProceduralMeshComponent.uplugin
LogPluginManager: Loaded Plugin SoundMod, From C:/Program Files (x86)/Epic Games/4.14/Engine/Plugins/Runtime/SoundMod/SoundMod.uplugin
LogPluginManager: Loaded Plugin SoundVisualizations, From C:/Program Files (x86)/Epic Games/4.14/Engine/Plugins/Runtime/SoundVisualizations/SoundVisualizations.uplugin
LogPluginManager: Loaded Plugin SteamController, From C:/Program Files (x86)/Epic Games/4.14/Engine/Plugins/Runtime/Steam/SteamController/SteamController.uplugin
LogPluginManager: Loaded Plugin SteamVR, From C:/Program Files (x86)/Epic Games/4.14/Engine/Plugins/Runtime/Steam/SteamVR/SteamVR.uplugin
LogPluginManager: Loaded Plugin WebBrowserWidget, From C:/Program Files (x86)/Epic Games/4.14/Engine/Plugins/Runtime/WebBrowserWidget/WebBrowserWidget.uplugin
LogPluginManager: Loaded Plugin WindowsDeviceProfileSelector, From C:/Program Files (x86)/Epic Games/4.14/Engine/Plugins/Runtime/WindowsDeviceProfileSelector/WindowsDeviceProfileSelector.uplugin
LogPluginManager: Loaded Plugin WindowsMoviePlayer, From C:/Program Files (x86)/Epic Games/4.14/Engine/Plugins/Runtime/WindowsMoviePlayer/WindowsMoviePlayer.uplugin
LogPluginManager: Loaded Plugin ScriptPlugin, From C:/Program Files (x86)/Epic Games/4.14/Engine/Plugins/ScriptPlugin/ScriptPlugin.uplugin
LogPluginManager: Loaded Plugin SlateRemote, From C:/Program Files (x86)/Epic Games/4.14/Engine/Plugins/Slate/SlateRemote/SlateRemote.uplugin
LogPluginManager: Loaded Plugin EditorTests, From C:/Program Files (x86)/Epic Games/4.14/Engine/Plugins/Tests/EditorTests/EditorTests.uplugin
LogPluginManager: Loaded Plugin FbxAutomationTestBuilder, From C:/Program Files (x86)/Epic Games/4.14/Engine/Plugins/Tests/FbxAutomationTestBuilder/FbxAutomationTestBuilder.uplugin
LogPluginManager: Loaded Plugin FunctionalTestingEditor, From C:/Program Files (x86)/Epic Games/4.14/Engine/Plugins/Tests/FunctionalTestingEditor/FunctionalTestingEditor.uplugin
LogPluginManager: Loaded Plugin RuntimeTests, From C:/Program Files (x86)/Epic Games/4.14/Engine/Plugins/Tests/RuntimeTests/RuntimeTests.uplugin
LogPluginManager: Loaded Plugin ScreenshotTools, From C:/Program Files (x86)/Epic Games/4.14/Engine/Plugins/Tests/ScreenshotTools/ScreenshotTools.uplugin
LogInit: Using libcurl 7.47.1
LogInit:  - built for x86_64-pc-win32
LogInit:  - supports SSL with OpenSSL/1.0.2g
LogInit:  - supports HTTP deflate (compression) using libz 1.2.8
LogInit:  - other features:
LogInit:      CURL_VERSION_SSL
LogInit:      CURL_VERSION_LIBZ
LogInit:      CURL_VERSION_IPV6
LogInit:      CURL_VERSION_ASYNCHDNS
LogInit:      CURL_VERSION_LARGEFILE
LogInit:      CURL_VERSION_IDN
LogInit:  CurlRequestOptions (configurable via config and command line):
LogInit:  - bVerifyPeer = false  - Libcurl will NOT verify peer certificate
LogInit:  - bUseHttpProxy = false  - Libcurl will NOT use HTTP proxy
LogInit:  - bDontReuseConnections = false  - Libcurl will reuse connections
LogInit:  - CertBundlePath = nullptr  - Libcurl will use whatever was configured at build time.
LogInit: Build: ++UE4+Release-4.14-CL-3249277
LogInit: Engine Version: 4.14.3-3249277+++UE4+Release-4.14
LogInit: Compatible Engine Version: 4.14.0-3195953+++UE4+Release-4.14
LogInit: Net CL: 3195953
LogDevObjectVersion: Number of dev versions registered: 13
LogDevObjectVersion:   Dev-Blueprints (B0D832E4-1F89-4F0D-ACCF-7EB736FD4AA2): 7
LogDevObjectVersion:   Dev-Build (E1C64328-A22C-4D53-A36C-8E866417BD8C): 0
LogDevObjectVersion:   Dev-Core (375EC13C-06E4-48FB-B500-84F0262A717E): 1
LogDevObjectVersion:   Dev-Editor (E4B068ED-F494-42E9-A231-DA0B2E46BB41): 8
LogDevObjectVersion:   Dev-Framework (CFFC743F-43B0-4480-9391-14DF171D2073): 17
LogDevObjectVersion:   Dev-Mobile (B02B49B5-BB20-44E9-A304-32B752E40360): 0
LogDevObjectVersion:   Dev-Networking (A4E4105C-59A1-49B5-A7C5-40C4547EDFEE): 0
LogDevObjectVersion:   Dev-Online (39C831C9-5AE6-47DC-9A44-9C173E1C8E7C): 0
LogDevObjectVersion:   Dev-Physics (78F01B33-EBEA-4F98-B9B4-84EACCB95AA2): 0
LogDevObjectVersion:   Dev-Platform (6631380F-2D4D-43E0-8009-CF276956A95A): 0
LogDevObjectVersion:   Dev-Rendering (12F88B9F-8875-4AFC-A67C-D90C383ABD29): 12
LogDevObjectVersion:   Dev-Sequencer (7B5AE74C-D270-4C10-A958-57980B212A5A): 1
LogDevObjectVersion:   Dev-VR (D7296918-1DD6-4BDD-9DE2-64A83CC13884): 0
LogInit: Compiled (64-bit): Jan  6 2017 10:49:43
LogInit: Compiled with Visual C++: 19.00.23026.00
LogInit: Build Configuration: Development
LogInit: Branch Name: ++UE4+Release-4.14
LogInit: Command line: 
LogInit: Base directory: C:/Program Files (x86)/Epic Games/4.14/Engine/Binaries/Win64/
LogInit: Installed Engine Build: 1
LogInit: Presizing for max 8388607 objects, including 0 objects not considered by GC, pre-allocating 0 bytes for permanent pool.
LogInit: Object subsystem initialized
[2017.02.12-16.52.11:210][  0]LogInit: Selected Device Profile: [Windows]
[2017.02.12-16.52.11:210][  0]LogInit: Applying CVar settings loaded from the selected device profile: [Windows]
[2017.02.12-16.52.11:258][  0]LogInit: Computer: DESKTOP-CNJIFR0
[2017.02.12-16.52.11:258][  0]LogInit: User: alefr
[2017.02.12-16.52.11:258][  0]LogInit: CPU Page size=65536, Cores=4
[2017.02.12-16.52.11:258][  0]LogInit: High frequency timer resolution =3.222678 MHz
[2017.02.12-16.52.11:258][  0]LogMemory: Memory total: Physical=7.9GB (8GB approx)
[2017.02.12-16.52.11:258][  0]LogMemory: Platform Memory Stats for Windows
[2017.02.12-16.52.11:258][  0]LogMemory: Process Physical Memory: 263.96 MB used, 263.96 MB peak
[2017.02.12-16.52.11:258][  0]LogMemory: Process Virtual Memory: 262.61 MB used, 262.61 MB peak
[2017.02.12-16.52.11:258][  0]LogMemory: Physical Memory: 5281.22 MB used,  2853.71 MB free, 8134.93 MB total
[2017.02.12-16.52.11:258][  0]LogMemory: Virtual Memory: 675.63 MB used,  2853.71 MB free, 134217728.00 MB total
[2017.02.12-16.52.11:300][  0]LogInit: Overriding culture en with editor configuration.
[2017.02.12-16.52.16:226][  0]LogD3D11RHI: D3D11 adapters:
[2017.02.12-16.52.16:934][  0]LogD3D11RHI:    0. 'NVIDIA GeForce GTX 1060 6GB' (Feature Level 11_0)
[2017.02.12-16.52.16:934][  0]LogD3D11RHI:       6084/0/4067 MB DedicatedVideo/DedicatedSystem/SharedSystem, Outputs:1, VendorId:0x10de
[2017.02.12-16.52.16:937][  0]LogD3D11RHI:    1. 'Microsoft Basic Render Driver' (Feature Level 11_0)
[2017.02.12-16.52.16:937][  0]LogD3D11RHI:       0/0/4067 MB DedicatedVideo/DedicatedSystem/SharedSystem, Outputs:0, VendorId:0x1414
[2017.02.12-16.52.16:937][  0]LogD3D11RHI: Chosen D3D11 Adapter: 0
[2017.02.12-16.52.16:942][  0]LogD3D11RHI: Creating new Direct3DDevice
[2017.02.12-16.52.16:942][  0]LogD3D11RHI:     GPU DeviceId: 0x1c03 (for the marketing name, search the web for "GPU Device Id")
[2017.02.12-16.52.16:942][  0]LogWindows: EnumDisplayDevices:
[2017.02.12-16.52.16:942][  0]LogWindows:    0. 'NVIDIA GeForce GTX 1060 6GB' (P:1 D:1)
[2017.02.12-16.52.16:943][  0]LogWindows:    1. 'NVIDIA GeForce GTX 1060 6GB' (P:0 D:0)
[2017.02.12-16.52.16:943][  0]LogWindows:    2. 'NVIDIA GeForce GTX 1060 6GB' (P:0 D:0)
[2017.02.12-16.52.16:943][  0]LogWindows:    3. 'NVIDIA GeForce GTX 1060 6GB' (P:0 D:0)
[2017.02.12-16.52.16:943][  0]LogWindows: DebugString: FoundDriverCount:4 
[2017.02.12-16.52.16:943][  0]LogD3D11RHI:     Adapter Name: NVIDIA GeForce GTX 1060 6GB
[2017.02.12-16.52.16:943][  0]LogD3D11RHI:   Driver Version: 378.49 (internal:21.21.13.7849, unified:378.49)
[2017.02.12-16.52.16:943][  0]LogD3D11RHI:      Driver Date: 1-20-2017
[2017.02.12-16.52.16:943][  0]LogRHI: Texture pool is 1361 MB (70% of 1945 MB)
[2017.02.12-16.52.17:604][  0]LogD3D11RHI: Async texture creation enabled
[2017.02.12-16.52.17:648][  0]LogD3D11RHI: GPU Timing Frequency: 1000.000000 (Debug: 2 1)
[2017.02.12-16.52.17:649][  0]LogShaderCompilers: Guid format shader working directory is -10 characters bigger than the processId version (D:/AlefRGamer/Documents/Unreal Projects/CyberPunk_Unreal/Intermediate/Shaders/WorkingDirectory/9844/).
[2017.02.12-16.52.17:649][  0]LogShaderCompilers: Cleaned the shader compiler working directory 'C:/Users/alefr/AppData/Local/Temp/UnrealShaderWorkingDir/DF649A674A0DDE73F9D7B596BF4E9400/'.
[2017.02.12-16.52.17:649][  0]LogShaderCompilers:Display: Using Local Shader Compiler.
[2017.02.12-16.52.20:771][  0]LogTemp:Display: Loaded TP AllDesktopTargetPlatform
[2017.02.12-16.52.20:850][  0]LogTemp:Display: Loaded TP MacClientTargetPlatform
[2017.02.12-16.52.20:931][  0]LogTemp:Display: Loaded TP MacNoEditorTargetPlatform
[2017.02.12-16.52.21:011][  0]LogTemp:Display: Loaded TP MacServerTargetPlatform
[2017.02.12-16.52.21:101][  0]LogTemp:Display: Loaded TP MacTargetPlatform
[2017.02.12-16.52.21:186][  0]LogTemp:Display: Loaded TP WindowsClientTargetPlatform
[2017.02.12-16.52.21:269][  0]LogTemp:Display: Loaded TP WindowsNoEditorTargetPlatform
[2017.02.12-16.52.21:351][  0]LogTemp:Display: Loaded TP WindowsServerTargetPlatform
[2017.02.12-16.52.21:417][  0]LogTemp:Display: Loaded TP WindowsTargetPlatform
[2017.02.12-16.52.21:501][  0]LogTemp:Display: Loaded TP AndroidTargetPlatform
[2017.02.12-16.52.21:580][  0]LogTemp:Display: Loaded TP Android_ASTCTargetPlatform
[2017.02.12-16.52.21:650][  0]LogTemp:Display: Loaded TP Android_ATCTargetPlatform
[2017.02.12-16.52.21:730][  0]LogTemp:Display: Loaded TP Android_DXTTargetPlatform
[2017.02.12-16.52.21:805][  0]LogTemp:Display: Loaded TP Android_ETC1TargetPlatform
[2017.02.12-16.52.21:878][  0]LogTemp:Display: Loaded TP Android_ETC2TargetPlatform
[2017.02.12-16.52.22:023][  0]LogTemp:Display: Loaded TP Android_MultiTargetPlatform
[2017.02.12-16.52.22:023][  0]LogTemp:Display: Loaded TP Android_PVRTCTargetPlatform
[2017.02.12-16.52.22:074][  0]LogTemp:Display: Loaded TP HTML5TargetPlatform
[2017.02.12-16.52.22:195][  0]LogTemp:Display: Loaded TP IOSTargetPlatform
[2017.02.12-16.52.22:242][  0]LogTemp:Display: Loaded TP TVOSTargetPlatform
[2017.02.12-16.52.22:315][  0]LogTemp:Display: Loaded TP LinuxClientTargetPlatform
[2017.02.12-16.52.22:384][  0]LogTemp:Display: Loaded TP LinuxNoEditorTargetPlatform
[2017.02.12-16.52.22:471][  0]LogTemp:Display: Loaded TP LinuxServerTargetPlatform
[2017.02.12-16.52.22:600][  0]LogTemp:Display: Loaded TP LinuxTargetPlatform
[2017.02.12-16.52.22:600][  0]LogTargetPlatformManager:Display: Building Assets For Windows
[2017.02.12-16.52.23:135][  0]LogDerivedDataCache:Display: Max Cache Size: 512 MB
[2017.02.12-16.52.23:576][  0]LogDerivedDataCache: Loaded boot cache 0.44s 50MB C:/Users/alefr/AppData/Local/UnrealEngine/4.14/DerivedDataCache/Boot.ddc.
[2017.02.12-16.52.23:576][  0]LogDerivedDataCache:Display: Loaded Boot cache: C:/Users/alefr/AppData/Local/UnrealEngine/4.14/DerivedDataCache/Boot.ddc
[2017.02.12-16.52.23:577][  0]LogDerivedDataCache: FDerivedDataBackendGraph:  Pak pak cache file D:/AlefRGamer/Documents/Unreal Projects/CyberPunk_Unreal/DerivedDataCache/DDC.ddp not found, will not use a pak cache.
[2017.02.12-16.52.23:577][  0]LogDerivedDataCache: Unable to find inner node Pak for hierarchical cache Hierarchy.
[2017.02.12-16.52.23:577][  0]LogDerivedDataCache: FDerivedDataBackendGraph:  CompressedPak pak cache file D:/AlefRGamer/Documents/Unreal Projects/CyberPunk_Unreal/DerivedDataCache/Compressed.ddp not found, will not use a pak cache.
[2017.02.12-16.52.23:577][  0]LogDerivedDataCache: Unable to find inner node CompressedPak for hierarchical cache Hierarchy.
[2017.02.12-16.52.23:598][  0]LogDerivedDataCache:Display: Pak cache opened for reading ../../../Engine/DerivedDataCache/Compressed.ddp.
[2017.02.12-16.52.23:610][  0]LogDerivedDataCache: Using Local data cache path C:/Users/alefr/AppData/Local/UnrealEngine/Common/DerivedDataCache: Writable
[2017.02.12-16.52.23:897][  0]LogInit: Selected Device Profile: [Windows]
[2017.02.12-16.52.23:902][  0]LogContentStreaming: Texture pool size is 0.00 MB
[2017.02.12-16.52.24:182][  0]LogMeshUtilities: Using QuadricMeshReduction for automatic static mesh reduction
[2017.02.12-16.52.24:243][  0]LogSimplygon: Simplygon DLL not present - disabling.
[2017.02.12-16.52.24:304][  0]LogMeshUtilities: Using SimplygonSwarm for distributed automatic mesh merging
[2017.02.12-16.52.24:304][  0]LogMeshUtilities: No automatic skeletal mesh reduction module available
[2017.02.12-16.52.24:304][  0]LogMeshUtilities: No automatic mesh merging module available
[2017.02.12-16.52.24:991][  0]LogNetVersion: GetLocalNetworkVersion: CL: 3195953, ProjectName: cyberpunk_unreal, ProjectVersion: , EngineNetworkVersion: 2, GameNetworkVersion: 0, NetworkChecksum: 201121590
[2017.02.12-16.52.25:068][  0]LogAssetRegistry: FAssetRegistry took 0.0226 seconds to start up
[2017.02.12-16.52.25:180][  0]LogPackageLocalizationCache: Processed 3 localized package path(s) for 1 prioritized culture(s) in 0.077164 seconds
[2017.02.12-16.52.25:186][  0]LogUObjectArray: 31946 objects as part of root set at end of initial load.
[2017.02.12-16.52.25:186][  0]LogUObjectAllocator: 6935848 out of 0 bytes used by permanent object pool.
[2017.02.12-16.52.25:186][  0]LogUObjectArray: CloseDisregardForGC: 0/0 objects in disregard for GC pool
[2017.02.12-16.52.25:273][  0]LogInit: WinSock: version 1.1 (2.2), MaxSocks=32767, MaxUdp=65467
[2017.02.12-16.52.26:518][  0]LogSlate: Using Freetype 2.6.0
[2017.02.12-16.52.26:533][  0]LogSlate: SlateFontCache - WITH_FREETYPE: 1, WITH_HARFBUZZ: 1
[2017.02.12-16.52.26:533][  0]LogSlate: SlateFontCache - WITH_FREETYPE: 1, WITH_HARFBUZZ: 1
[2017.02.12-16.52.39:980][  0]LogTcpMessaging: Initializing TcpMessaging bridge
[2017.02.12-16.52.40:038][  0]LogUdpMessaging: Initializing bridge on interface 0.0.0.0:0 to multicast group 230.0.0.1:6666.
[2017.02.12-16.52.40:802][  0]LogMaterial: Uniform references updated for custom material expression Custom.
[2017.02.12-16.52.41:389][  0]SourceControl: Info Source control is disabled
[2017.02.12-16.52.41:447][  0]SourceControl: Info Source control is disabled
[2017.02.12-16.52.41:518][  0]SourceControl: Info Source control is disabled
[2017.02.12-16.52.41:588][  0]SourceControl: Info Source control is disabled
[2017.02.12-16.52.43:773][  0]LogEngine: Initializing Engine...
[2017.02.12-16.52.43:773][  0]LogHMD: Failed to initialize OpenVR with code 110
[2017.02.12-16.52.44:128][  0]LogAIModule: Creating AISystem for world Untitled
[2017.02.12-16.52.44:136][  0]LogInit: XAudio2 using '2270W-4 (NVIDIA High Definition Audio)' : 2 channels at 48 kHz using 16 bits per sample (channel mask 0x3)
[2017.02.12-16.52.44:150][  0]LogInit: FAudioDevice initialized.
[2017.02.12-16.52.44:193][  0]LogDerivedDataCache: Saved boot cache 0.04s 50MB C:/Users/alefr/AppData/Local/UnrealEngine/4.14/DerivedDataCache/Boot.ddc.
[2017.02.12-16.52.44:207][  0]LogInit: Texture streaming: Enabled
[2017.02.12-16.52.44:499][  0]LogInit: Transaction tracking system initialized
[2017.02.12-16.52.45:010][  0]BlueprintLog: New page: Editor Load
[2017.02.12-16.52.46:364][  0]LocalizationService: Info Localization service is disabled
[2017.02.12-16.52.47:985][  0]LogConsoleResponse:Display: 
[2017.02.12-16.52.48:359][  0]LogCook:Display: Max memory allowance for cook 16384mb min free memory 0mb
[2017.02.12-16.52.48:359][  0]LogCook:Display: Mobile HDR setting 1
[2017.02.12-16.52.48:835][  0]LogFileCache: Scanning file cache for directory 'D:/AlefRGamer/Documents/Unreal Projects/CyberPunk_Unreal/Content/' took 0.01s
[2017.02.12-16.52.50:055][  0]SourceControl: Info Source control is disabled
[2017.02.12-16.52.50:055][  0]Cmd: MAP LOAD FILE="D:/AlefRGamer/Documents/Unreal Projects/CyberPunk_Unreal/Content/ThirdPersonBP/Maps/ThirdPersonExampleMap.umap" TEMPLATE=0 SHOWPROGRESS=1 FEATURELEVEL=3
[2017.02.12-16.52.50:110][  0]LightingResults: New page: Lighting Build
[2017.02.12-16.52.50:171][  0]MapCheck: New page: Map Check
[2017.02.12-16.52.50:171][  0]LightingResults: New page: Lighting Build
[2017.02.12-16.52.50:838][  0]LogBlueprint:Warning: [Compiler AnimBlueprintCB] Warning  AnimStateTransitionNode_0  will never be taken, please connect something to  bCanEnterTransition
[2017.02.12-16.52.50:839][  0]LogBlueprint:Warning: [Compiler AnimBlueprintCB] Warning  AnimStateTransitionNode_3  will never be taken, please connect something to  bCanEnterTransition
[2017.02.12-16.52.50:840][  0]LogBlueprint:Warning: [Compiler AnimBlueprintCB] Warning  AnimStateTransitionNode_4  will never be taken, please connect something to  bCanEnterTransition
[2017.02.12-16.52.50:840][  0]LogBlueprint:Warning: [Compiler AnimBlueprintCB] Warning  AnimStateTransitionNode_5  will never be taken, please connect something to  bCanEnterTransition
[2017.02.12-16.52.50:869][  0]LogBlueprint:Warning: [Compiler AnimBlueprintCB] Warning [0042.63] Compile of AnimBlueprintCB successful, but with 4 Warning(s) [in 36 ms] (/Game/Char_Binary/Animation/AnimBlueprintCB.AnimBlueprintCB)
[2017.02.12-16.52.50:870][  0]LogBlueprint:Warning: [Compiler AnimBlueprintCB] Warning [0042.63] Compile of AnimBlueprintCB successful, but with 5 Warning(s) [in 0 ms] (/Game/Char_Binary/Animation/AnimBlueprintCB.AnimBlueprintCB)
[2017.02.12-16.52.50:870][  0]LogBlueprint:Warning: [Compiler AnimBlueprintCB] Warning [0042.63] Compile of AnimBlueprintCB successful, but with 6 Warning(s) [in 0 ms] (/Game/Char_Binary/Animation/AnimBlueprintCB.AnimBlueprintCB)
[2017.02.12-16.52.50:879][  0]LogBlueprint:Warning: [Compiler AnimBlueprintCB] Warning  AnimStateTransitionNode_0  will never be taken, please connect something to  bCanEnterTransition
[2017.02.12-16.52.50:880][  0]LogBlueprint:Warning: [Compiler AnimBlueprintCB] Warning  AnimStateTransitionNode_3  will never be taken, please connect something to  bCanEnterTransition
[2017.02.12-16.52.50:881][  0]LogBlueprint:Warning: [Compiler AnimBlueprintCB] Warning  AnimStateTransitionNode_4  will never be taken, please connect something to  bCanEnterTransition
[2017.02.12-16.52.50:881][  0]LogBlueprint:Warning: [Compiler AnimBlueprintCB] Warning  AnimStateTransitionNode_5  will never be taken, please connect something to  bCanEnterTransition
[2017.02.12-16.52.50:886][  0]LogBlueprint:Warning: [Compiler AnimBlueprintCB] Warning [0042.65] Compile of AnimBlueprintCB successful, but with 4 Warning(s) [in 13 ms] (/Game/Char_Binary/Animation/AnimBlueprintCB.AnimBlueprintCB)
[2017.02.12-16.52.50:886][  0]LogBlueprint:Warning: [Compiler AnimBlueprintCB] Warning [0042.65] Compile of AnimBlueprintCB successful, but with 5 Warning(s) [in 0 ms] (/Game/Char_Binary/Animation/AnimBlueprintCB.AnimBlueprintCB)
[2017.02.12-16.52.50:886][  0]LogBlueprint:Warning: [Compiler AnimBlueprintCB] Warning [0042.65] Compile of AnimBlueprintCB successful, but with 6 Warning(s) [in 0 ms] (/Game/Char_Binary/Animation/AnimBlueprintCB.AnimBlueprintCB)
[2017.02.12-16.52.54:101][  0]LogAIModule: Creating AISystem for world ThirdPersonExampleMap
[2017.02.12-16.52.54:553][  0]LogEditorServer: Finished looking for orphan Actors (0.000 secs)
[2017.02.12-16.52.54:574][  0]Cmd: MAP CHECKDEP NOCLEARLOG
[2017.02.12-16.52.54:646][  0]MapCheck: Info Map check complete: 0 Error(s), 0 Warning(s), took 71.997ms to complete.
[2017.02.12-16.52.54:646][  0]LogFileHelpers: Loading map 'ThirdPersonExampleMap' took 4.591
[2017.02.12-16.52.54:711][  0]LogWindowsTextInputMethodSystem:Display: IME system now deactivated.
[2017.02.12-16.52.55:696][  0]LogCollectionManager: Loaded 0 collections in 0.013591 seconds
[2017.02.12-16.52.55:976][  0]LogFileCache: Scanning file cache for directory 'D:/AlefRGamer/Documents/Unreal Projects/CyberPunk_Unreal/Saved/Collections/' took 0.01s
[2017.02.12-16.52.55:976][  0]LogFileCache: Scanning file cache for directory 'D:/AlefRGamer/Documents/Unreal Projects/CyberPunk_Unreal/Content/Developers/alefr/Collections/' took 0.01s
[2017.02.12-16.52.55:976][  0]LogFileCache: Scanning file cache for directory 'D:/AlefRGamer/Documents/Unreal Projects/CyberPunk_Unreal/Content/Collections/' took 0.01s
[2017.02.12-16.52.55:976][  0]LogCollectionManager: Rebuilt the GUID cache for 0 collections in 0.000004 seconds
[2017.02.12-16.52.55:998][  0]LogContentBrowser: Native class hierarchy populated in 0.0190 seconds. Added 2192 classes and 432 folders.
[2017.02.12-16.52.56:106][  0]LogStats: UGameplayTagsManager::ConstructGameplayTagTree: Construct from data asset -  0.000 s
[2017.02.12-16.52.56:114][  0]LogStats: UGameplayTagsManager::ConstructGameplayTagTree: GameplayTagTreeChangedEvent.Broadcast -  0.008 s
[2017.02.12-16.52.56:116][  0]LogContentBrowser: Native class hierarchy updated for 'GameplayTags' in 0.0017 seconds. Added 13 classes and 0 folders.
[2017.02.12-16.52.56:220][  0]LogContentBrowser: Native class hierarchy updated for 'WidgetCarousel' in 0.0014 seconds. Added 0 classes and 0 folders.
[2017.02.12-16.52.57:458][  0]LogContentBrowser: Native class hierarchy updated for 'AddContentDialog' in 0.0015 seconds. Added 0 classes and 0 folders.
[2017.02.12-16.52.58:615][  0]LogCrashTracker: Crashtracker disabled due to settings.
[2017.02.12-16.52.58:858][  0]LogUObjectGlobals:Warning: Failed to find object 'Class None.'
[2017.02.12-16.52.59:006][  0]LogContentBrowser: Native class hierarchy updated for 'HierarchicalLODOutliner' in 0.0014 seconds. Added 1 classes and 2 folders.
[2017.02.12-16.52.59:006][  0]LogLoad: (Engine Initialization) Total time: 50.77 seconds
[2017.02.12-16.52.59:006][  0]LogLoad: (Engine Initialization) Total Blueprint compile time: 0.59 seconds
[2017.02.12-16.52.59:006][  0]LogExternalProfiler: Found external profiler: VSPerf
[2017.02.12-16.52.59:006][  0]LogExternalProfiler: Using external profiler: VSPerf
[2017.02.12-16.52.59:015][  0]LogOcInput: OculusInput pre-init called
[2017.02.12-16.52.59:332][  0]LogContentStreaming: Texture pool size now 3000 MB
[2017.02.12-16.53.00:230][  0]LogRenderer: Reallocating scene render targets to support 1116x468 NumSamples 1 (Frame:2).
[2017.02.12-16.53.02:844][  3]LogAssetRegistry: Asset discovery search completed in 37.7984 seconds
[2017.02.12-16.53.02:844][  3]LogCollectionManager: Rebuilt the object cache for 0 collections in 0.000001 seconds (found 0 objects)
[2017.02.12-16.53.02:844][  3]LogCollectionManager: Fixed up redirectors for 0 collections in 0.000025 seconds (updated 0 objects)
[2017.02.12-17.37.36:891][569]LogTemp: Repeting last play command: Selected Viewport
[2017.02.12-17.37.36:940][569]LogBlueprintUserMessages: Early PlayInEditor Detection: Level '/Game/ThirdPersonBP/Maps/ThirdPersonExampleMap.ThirdPersonExampleMap:PersistentLevel' has LevelScriptBlueprint '/Game/ThirdPersonBP/Maps/ThirdPersonExampleMap.ThirdPersonExampleMap:PersistentLevel.ThirdPersonExampleMap' with GeneratedClass '/Game/ThirdPersonBP/Maps/ThirdPersonExampleMap.ThirdPersonExampleMap_C' with ClassGeneratedBy '/Game/ThirdPersonBP/Maps/ThirdPersonExampleMap.ThirdPersonExampleMap:PersistentLevel.ThirdPersonExampleMap'
[2017.02.12-17.37.36:965][569]LogPlayLevel: PlayLevel: No blueprints needed recompiling
[2017.02.12-17.37.37:040][569]PIE: New page: PIE session: ThirdPersonExampleMap (Feb 12, 2017, 11:37:37 AM)
[2017.02.12-17.37.37:048][569]LogPlayLevel: Creating play world package: /Game/ThirdPersonBP/Maps/UEDPIE_0_ThirdPersonExampleMap
[2017.02.12-17.37.37:172][569]LogPlayLevel: PIE: StaticDuplicateObject took: (0.123884s)
[2017.02.12-17.37.37:174][569]LogAIModule: Creating AISystem for world ThirdPersonExampleMap
[2017.02.12-17.37.37:186][569]LogPlayLevel: PIE: World Init took: (0.013985s)
[2017.02.12-17.37.37:188][569]LogPlayLevel: PIE: Created PIE world by copying editor world from /Game/ThirdPersonBP/Maps/ThirdPersonExampleMap.ThirdPersonExampleMap to /Game/ThirdPersonBP/Maps/UEDPIE_0_ThirdPersonExampleMap.ThirdPersonExampleMap (0.140936s)
[2017.02.12-17.37.37:284][569]LogInit: XAudio2 using '2270W-4 (NVIDIA High Definition Audio)' : 2 channels at 48 kHz using 16 bits per sample (channel mask 0x3)
[2017.02.12-17.37.37:294][569]LogInit: FAudioDevice initialized.
[2017.02.12-17.37.37:630][569]LogLoad: Game class is 'ThirdPersonGameMode_C'
[2017.02.12-17.37.37:756][569]LogWorld: Bringing World /Game/ThirdPersonBP/Maps/UEDPIE_0_ThirdPersonExampleMap.ThirdPersonExampleMap up for play (max tick rate 0) at 2017.02.12-14.37.37
[2017.02.12-17.37.37:794][569]LogWorld: Bringing up level for play took: 0.050179
[2017.02.12-17.37.38:161][569]LogContentBrowser: Native class hierarchy updated for 'MovieSceneCapture' in 0.0030 seconds. Added 11 classes and 0 folders.
[2017.02.12-17.37.38:208][569]PIE: Info Play in editor start time for /Game/ThirdPersonBP/Maps/UEDPIE_0_ThirdPersonExampleMap 2.087
[2017.02.12-17.37.38:209][569]LogBlueprintUserMessages: Late PlayInEditor Detection: Level '/Game/ThirdPersonBP/Maps/ThirdPersonExampleMap.ThirdPersonExampleMap:PersistentLevel' has LevelScriptBlueprint '/Game/ThirdPersonBP/Maps/ThirdPersonExampleMap.ThirdPersonExampleMap:PersistentLevel.ThirdPersonExampleMap' with GeneratedClass '/Game/ThirdPersonBP/Maps/ThirdPersonExampleMap.ThirdPersonExampleMap_C' with ClassGeneratedBy '/Game/ThirdPersonBP/Maps/ThirdPersonExampleMap.ThirdPersonExampleMap:PersistentLevel.ThirdPersonExampleMap'
[2017.02.12-17.37.42:654][922]LogBlueprintUserMessages: Early EndPlayMap Detection: Level '/Game/ThirdPersonBP/Maps/ThirdPersonExampleMap.ThirdPersonExampleMap:PersistentLevel' has LevelScriptBlueprint '/Game/ThirdPersonBP/Maps/ThirdPersonExampleMap.ThirdPersonExampleMap:PersistentLevel.ThirdPersonExampleMap' with GeneratedClass '/Game/ThirdPersonBP/Maps/ThirdPersonExampleMap.ThirdPersonExampleMap_C' with ClassGeneratedBy '/Game/ThirdPersonBP/Maps/ThirdPersonExampleMap.ThirdPersonExampleMap:PersistentLevel.ThirdPersonExampleMap'
[2017.02.12-17.37.42:829][922]LogBlueprintUserMessages: Late EndPlayMap Detection: Level '/Game/ThirdPersonBP/Maps/ThirdPersonExampleMap.ThirdPersonExampleMap:PersistentLevel' has LevelScriptBlueprint '/Game/ThirdPersonBP/Maps/ThirdPersonExampleMap.ThirdPersonExampleMap:PersistentLevel.ThirdPersonExampleMap' with GeneratedClass '/Game/ThirdPersonBP/Maps/ThirdPersonExampleMap.ThirdPersonExampleMap_C' with ClassGeneratedBy '/Game/ThirdPersonBP/Maps/ThirdPersonExampleMap.ThirdPersonExampleMap:PersistentLevel.ThirdPersonExampleMap'
[2017.02.12-17.42.10:535][747]LogContentBrowser: Native class hierarchy updated for 'BlueprintGraph' in 0.0027 seconds. Added 111 classes and 0 folders.
[2017.02.12-17.42.14:221][747]LogSkeletalMesh: InitArticulated: Bodies already created (/Engine/Transient.DebugSkelMeshComponent_0) - call TermArticulated first.
[2017.02.12-17.51.59:516][849]LogSkeletalMesh: InitArticulated: Bodies already created (/Engine/Transient.DebugSkelMeshComponent_2) - call TermArticulated first.
[2017.02.12-17.52.00:347][850]LogRenderer: Reallocating scene render targets to support 1184x468 NumSamples 1 (Frame:19672).
[2017.02.12-17.52.04:730][939]LogRenderer: Reallocating scene render targets to support 1184x472 NumSamples 1 (Frame:19861).
[2017.02.12-17.52.04:803][940]LogRenderer: Reallocating scene render targets to support 1184x484 NumSamples 1 (Frame:19864).
[2017.02.12-17.52.05:161][952]LogRenderer: Reallocating scene render targets to support 1184x496 NumSamples 1 (Frame:19890).
[2017.02.12-17.52.05:244][953]LogRenderer: Reallocating scene render targets to support 1184x512 NumSamples 1 (Frame:19893).
[2017.02.12-17.52.05:307][954]LogRenderer: Reallocating scene render targets to support 1184x520 NumSamples 1 (Frame:19896).
[2017.02.12-17.52.05:392][955]LogRenderer: Reallocating scene render targets to support 1184x524 NumSamples 1 (Frame:19899).
[2017.02.12-17.53.21:418][540]BlueprintLog: New page: Compile AnimBlueprintCB
[2017.02.12-17.53.21:451][540]LogBlueprint:Warning: [Compiler AnimBlueprintCB] Warning  AnimStateTransitionNode_0  will never be taken, please connect something to  bCanEnterTransition
[2017.02.12-17.53.21:453][540]LogBlueprint:Warning: [Compiler AnimBlueprintCB] Warning  AnimStateTransitionNode_3  will never be taken, please connect something to  bCanEnterTransition
[2017.02.12-17.53.21:454][540]LogBlueprint:Warning: [Compiler AnimBlueprintCB] Warning  AnimStateTransitionNode_4  will never be taken, please connect something to  bCanEnterTransition
[2017.02.12-17.53.21:454][540]LogBlueprint:Warning: [Compiler AnimBlueprintCB] Warning  AnimStateTransitionNode_5  will never be taken, please connect something to  bCanEnterTransition
[2017.02.12-17.53.21:862][540]BlueprintEditorCompileResults:Warning: Warning  AnimStateTransitionNode_0  will never be taken, please connect something to  bCanEnterTransition
[2017.02.12-17.53.21:862][540]BlueprintEditorCompileResults: Info  Result  was visible but ignored
[2017.02.12-17.53.21:862][540]BlueprintEditorCompileResults:Warning: Warning  AnimStateTransitionNode_3  will never be taken, please connect something to  bCanEnterTransition
[2017.02.12-17.53.21:862][540]BlueprintEditorCompileResults: Info  Result  was visible but ignored
[2017.02.12-17.53.21:862][540]BlueprintEditorCompileResults:Warning: Warning  AnimStateTransitionNode_4  will never be taken, please connect something to  bCanEnterTransition
[2017.02.12-17.53.21:862][540]BlueprintEditorCompileResults:Warning: Warning  AnimStateTransitionNode_5  will never be taken, please connect something to  bCanEnterTransition
[2017.02.12-17.53.21:862][540]LogBlueprint:Warning: [Compiler AnimBlueprintCB] Warning [3673.62] Compile of AnimBlueprintCB successful, but with 4 Warning(s) [in 443 ms] (/Game/Char_Binary/Animation/AnimBlueprintCB.AnimBlueprintCB)
[2017.02.12-17.53.46:020][744]BlueprintLog: New page: Compile AnimBlueprintCB
[2017.02.12-17.53.46:050][744]LogBlueprint:Warning: [Compiler AnimBlueprintCB] Warning  AnimStateTransitionNode_0  will never be taken, please connect something to  bCanEnterTransition
[2017.02.12-17.53.46:052][744]LogBlueprint:Warning: [Compiler AnimBlueprintCB] Warning  AnimStateTransitionNode_3  will never be taken, please connect something to  bCanEnterTransition
[2017.02.12-17.53.46:052][744]LogBlueprint:Warning: [Compiler AnimBlueprintCB] Warning  AnimStateTransitionNode_4  will never be taken, please connect something to  bCanEnterTransition
[2017.02.12-17.53.46:052][744]LogBlueprint:Warning: [Compiler AnimBlueprintCB] Warning  AnimStateTransitionNode_5  will never be taken, please connect something to  bCanEnterTransition
[2017.02.12-17.53.46:173][744]BlueprintEditorCompileResults:Warning: Warning  AnimStateTransitionNode_0  will never be taken, please connect something to  bCanEnterTransition
[2017.02.12-17.53.46:173][744]BlueprintEditorCompileResults:Warning: Warning  AnimStateTransitionNode_3  will never be taken, please connect something to  bCanEnterTransition
[2017.02.12-17.53.46:173][744]BlueprintEditorCompileResults: Info  Result  was visible but ignored
[2017.02.12-17.53.46:173][744]BlueprintEditorCompileResults:Warning: Warning  AnimStateTransitionNode_4  will never be taken, please connect something to  bCanEnterTransition
[2017.02.12-17.53.46:173][744]BlueprintEditorCompileResults:Warning: Warning  AnimStateTransitionNode_5  will never be taken, please connect something to  bCanEnterTransition
[2017.02.12-17.53.46:173][744]LogBlueprint:Warning: [Compiler AnimBlueprintCB] Warning [3697.94] Compile of AnimBlueprintCB successful, but with 4 Warning(s) [in 152 ms] (/Game/Char_Binary/Animation/AnimBlueprintCB.AnimBlueprintCB)
[2017.02.12-17.53.58:531][374]BlueprintLog: New page: Compile AnimBlueprintCB
[2017.02.12-17.53.58:561][374]LogBlueprint:Warning: [Compiler AnimBlueprintCB] Warning  AnimStateTransitionNode_0  will never be taken, please connect something to  bCanEnterTransition
[2017.02.12-17.53.58:563][374]LogBlueprint:Warning: [Compiler AnimBlueprintCB] Warning  AnimStateTransitionNode_3  will never be taken, please connect something to  bCanEnterTransition
[2017.02.12-17.53.58:563][374]LogBlueprint:Warning: [Compiler AnimBlueprintCB] Warning  AnimStateTransitionNode_4  will never be taken, please connect something to  bCanEnterTransition
[2017.02.12-17.53.58:563][374]LogBlueprint:Warning: [Compiler AnimBlueprintCB] Warning  AnimStateTransitionNode_5  will never be taken, please connect something to  bCanEnterTransition
[2017.02.12-17.53.58:683][374]BlueprintEditorCompileResults:Warning: Warning  AnimStateTransitionNode_0  will never be taken, please connect something to  bCanEnterTransition
[2017.02.12-17.53.58:683][374]BlueprintEditorCompileResults:Warning: Warning  AnimStateTransitionNode_3  will never be taken, please connect something to  bCanEnterTransition
[2017.02.12-17.53.58:683][374]BlueprintEditorCompileResults:Warning: Warning  AnimStateTransitionNode_4  will never be taken, please connect something to  bCanEnterTransition
[2017.02.12-17.53.58:683][374]BlueprintEditorCompileResults:Warning: Warning  AnimStateTransitionNode_5  will never be taken, please connect something to  bCanEnterTransition
[2017.02.12-17.53.58:683][374]LogBlueprint:Warning: [Compiler AnimBlueprintCB] Warning [3710.45] Compile of AnimBlueprintCB successful, but with 4 Warning(s) [in 152 ms] (/Game/Char_Binary/Animation/AnimBlueprintCB.AnimBlueprintCB)
[2017.02.12-17.54.47:521][963]LogFileHelpers: Editor autosave (incl. sublevels) for '/Game/ThirdPersonBP/Maps/ThirdPersonExampleMap' took 0.026
[2017.02.12-17.54.47:563][963]OBJ SavePackage: Generating thumbnails for [1] asset(s) in package [/Game/Char_Binary/Animation/AnimBlueprintCB] ([1] browsable assets)...
[2017.02.12-17.54.47:610][963]OBJ SavePackage:     Rendered thumbnail for [AnimBlueprint /Game/Char_Binary/Animation/AnimBlueprintCB.AnimBlueprintCB]
[2017.02.12-17.54.47:611][963]OBJ SavePackage: Finished generating thumbnails for package [/Game/Char_Binary/Animation/AnimBlueprintCB]
[2017.02.12-17.54.47:991][963]LogSavePackage: Save=173.11ms
[2017.02.12-17.54.47:991][963]LogSavePackage: Moving 'D:/AlefRGamer/Documents/Unreal Projects/CyberPunk_Unreal/Saved/AnimBlueprintCB_Auto1F29A424A4C39F1D40BBDEAABBF4F37B3.tmp' to 'D:/AlefRGamer/Documents/Unreal Projects/CyberPunk_Unreal/Saved/Autosaves/Game/Char_Binary/Animation/AnimBlueprintCB_Auto1.uasset'
[2017.02.12-17.54.48:013][963]LogSavePackage:Display: Finished SavePackage D:/AlefRGamer/Documents/Unreal Projects/CyberPunk_Unreal/Saved/Autosaves/Game/Char_Binary/Animation/AnimBlueprintCB_Auto1.uasset
[2017.02.12-17.54.48:013][963]LogFileHelpers: Auto-saving content packages took 0.490
[2017.02.12-17.58.50:174][625]BlueprintLog: New page: Compile AnimBlueprintCB
[2017.02.12-17.58.50:211][625]LogBlueprint:Warning: [Compiler AnimBlueprintCB] Warning  AnimStateTransitionNode_3  will never be taken, please connect something to  bCanEnterTransition
[2017.02.12-17.58.50:211][625]LogBlueprint:Warning: [Compiler AnimBlueprintCB] Warning  AnimStateTransitionNode_4  will never be taken, please connect something to  bCanEnterTransition
[2017.02.12-17.58.50:341][625]BlueprintEditorCompileResults:Warning: Warning  AnimStateTransitionNode_3  will never be taken, please connect something to  bCanEnterTransition
[2017.02.12-17.58.50:341][625]BlueprintEditorCompileResults:Warning: Warning  AnimStateTransitionNode_4  will never be taken, please connect something to  bCanEnterTransition
[2017.02.12-17.58.50:342][625]LogBlueprint:Warning: [Compiler AnimBlueprintCB] Warning [4002.10] Compile of AnimBlueprintCB successful, but with 2 Warning(s) [in 167 ms] (/Game/Char_Binary/Animation/AnimBlueprintCB.AnimBlueprintCB)
[2017.02.12-17.59.24:757][415]LogSkeletalMesh: InitArticulated: Bodies already created (/Engine/Transient.DebugSkelMeshComponent_5) - call TermArticulated first.
[2017.02.12-18.00.10:605][359]BlueprintLog: New page: Compile AnimBlueprintCB
[2017.02.12-18.00.10:645][359]LogBlueprint:Warning: [Compiler AnimBlueprintCB] Warning  AnimStateTransitionNode_3  will never be taken, please connect something to  bCanEnterTransition
[2017.02.12-18.00.10:646][359]LogBlueprint:Warning: [Compiler AnimBlueprintCB] Warning  AnimStateTransitionNode_5  will never be taken, please connect something to  bCanEnterTransition
[2017.02.12-18.00.10:770][359]BlueprintEditorCompileResults:Warning: Warning  AnimStateTransitionNode_3  will never be taken, please connect something to  bCanEnterTransition
[2017.02.12-18.00.10:771][359]BlueprintEditorCompileResults:Warning: Warning  AnimStateTransitionNode_5  will never be taken, please connect something to  bCanEnterTransition
[2017.02.12-18.00.10:771][359]LogBlueprint:Warning: [Compiler AnimBlueprintCB] Warning [4082.53] Compile of AnimBlueprintCB successful, but with 2 Warning(s) [in 165 ms] (/Game/Char_Binary/Animation/AnimBlueprintCB.AnimBlueprintCB)
[2017.02.12-18.02.28:737][477]BlueprintLog: New page: Compile AnimBlueprintCB
[2017.02.12-18.02.28:782][477]LogBlueprint:Warning: [Compiler AnimBlueprintCB] Warning  AnimStateTransitionNode_5  will never be taken, please connect something to  bCanEnterTransition
[2017.02.12-18.02.28:911][477]BlueprintEditorCompileResults:Warning: Warning  AnimStateTransitionNode_5  will never be taken, please connect something to  bCanEnterTransition
[2017.02.12-18.02.28:911][477]LogBlueprint:Warning: [Compiler AnimBlueprintCB] Warning [4220.67] Compile of AnimBlueprintCB successful, but with 1 Warning(s) [in 174 ms] (/Game/Char_Binary/Animation/AnimBlueprintCB.AnimBlueprintCB)
[2017.02.12-18.03.29:157][845]BlueprintLog: New page: Compile AnimBlueprintCB
[2017.02.12-18.03.32:418][182]Cmd: OBJ SAVEPACKAGE PACKAGE="/Game/Char_Binary/Animation/AnimBlueprintCB" FILE="D:/AlefRGamer/Documents/Unreal Projects/CyberPunk_Unreal/Content/Char_Binary/Animation/AnimBlueprintCB.uasset" SILENT=true
[2017.02.12-18.03.32:506][182]LogSavePackage: Save=77.16ms
[2017.02.12-18.03.32:506][182]LogSavePackage: Moving 'D:/AlefRGamer/Documents/Unreal Projects/CyberPunk_Unreal/Saved/AnimBlueprintCB0913139841BC95768E23028E1AA9C255.tmp' to 'D:/AlefRGamer/Documents/Unreal Projects/CyberPunk_Unreal/Content/Char_Binary/Animation/AnimBlueprintCB.uasset'
[2017.02.12-18.03.32:519][182]LogSavePackage:Display: Finished SavePackage D:/AlefRGamer/Documents/Unreal Projects/CyberPunk_Unreal/Content/Char_Binary/Animation/AnimBlueprintCB.uasset
[2017.02.12-18.03.35:289][427]LogTemp: Repeting last play command: Selected Viewport
[2017.02.12-18.03.35:301][427]LogBlueprintUserMessages: Early PlayInEditor Detection: Level '/Game/ThirdPersonBP/Maps/ThirdPersonExampleMap.ThirdPersonExampleMap:PersistentLevel' has LevelScriptBlueprint '/Game/ThirdPersonBP/Maps/ThirdPersonExampleMap.ThirdPersonExampleMap:PersistentLevel.ThirdPersonExampleMap' with GeneratedClass '/Game/ThirdPersonBP/Maps/ThirdPersonExampleMap.ThirdPersonExampleMap_C' with ClassGeneratedBy '/Game/ThirdPersonBP/Maps/ThirdPersonExampleMap.ThirdPersonExampleMap:PersistentLevel.ThirdPersonExampleMap'
[2017.02.12-18.03.35:301][427]LogPlayLevel: PlayLevel: No blueprints needed recompiling
[2017.02.12-18.03.35:302][427]PIE: New page: PIE session: ThirdPersonExampleMap (Feb 12, 2017, 12:03:35 PM)
[2017.02.12-18.03.35:302][427]LogPlayLevel: Creating play world package: /Game/ThirdPersonBP/Maps/UEDPIE_0_ThirdPersonExampleMap
[2017.02.12-18.03.35:354][427]LogPlayLevel: PIE: StaticDuplicateObject took: (0.052534s)
[2017.02.12-18.03.35:358][427]LogAIModule: Creating AISystem for world ThirdPersonExampleMap
[2017.02.12-18.03.35:359][427]LogPlayLevel: PIE: World Init took: (0.004046s)
[2017.02.12-18.03.35:359][427]LogPlayLevel: PIE: Created PIE world by copying editor world from /Game/ThirdPersonBP/Maps/ThirdPersonExampleMap.ThirdPersonExampleMap to /Game/ThirdPersonBP/Maps/UEDPIE_0_ThirdPersonExampleMap.ThirdPersonExampleMap (0.057182s)
[2017.02.12-18.03.35:382][427]LogInit: XAudio2 using '2270W-4 (NVIDIA High Definition Audio)' : 2 channels at 48 kHz using 16 bits per sample (channel mask 0x3)
[2017.02.12-18.03.35:394][427]LogInit: FAudioDevice initialized.
[2017.02.12-18.03.35:443][427]LogLoad: Game class is 'ThirdPersonGameMode_C'
[2017.02.12-18.03.35:448][427]LogWorld: Bringing World /Game/ThirdPersonBP/Maps/UEDPIE_0_ThirdPersonExampleMap.ThirdPersonExampleMap up for play (max tick rate 0) at 2017.02.12-15.03.35
[2017.02.12-18.03.35:449][427]LogWorld: Bringing up level for play took: 0.004276
[2017.02.12-18.03.35:451][427]PIE: Info Play in editor start time for /Game/ThirdPersonBP/Maps/UEDPIE_0_ThirdPersonExampleMap -0.669
[2017.02.12-18.03.35:452][427]LogBlueprintUserMessages: Late PlayInEditor Detection: Level '/Game/ThirdPersonBP/Maps/ThirdPersonExampleMap.ThirdPersonExampleMap:PersistentLevel' has LevelScriptBlueprint '/Game/ThirdPersonBP/Maps/ThirdPersonExampleMap.ThirdPersonExampleMap:PersistentLevel.ThirdPersonExampleMap' with GeneratedClass '/Game/ThirdPersonBP/Maps/ThirdPersonExampleMap.ThirdPersonExampleMap_C' with ClassGeneratedBy '/Game/ThirdPersonBP/Maps/ThirdPersonExampleMap.ThirdPersonExampleMap:PersistentLevel.ThirdPersonExampleMap'
[2017.02.12-18.04.02:175][455]LogBlueprintUserMessages: Early EndPlayMap Detection: Level '/Game/ThirdPersonBP/Maps/ThirdPersonExampleMap.ThirdPersonExampleMap:PersistentLevel' has LevelScriptBlueprint '/Game/ThirdPersonBP/Maps/ThirdPersonExampleMap.ThirdPersonExampleMap:PersistentLevel.ThirdPersonExampleMap' with GeneratedClass '/Game/ThirdPersonBP/Maps/ThirdPersonExampleMap.ThirdPersonExampleMap_C' with ClassGeneratedBy '/Game/ThirdPersonBP/Maps/ThirdPersonExampleMap.ThirdPersonExampleMap:PersistentLevel.ThirdPersonExampleMap'
[2017.02.12-18.04.02:213][455]LogBlueprintUserMessages: Late EndPlayMap Detection: Level '/Game/ThirdPersonBP/Maps/ThirdPersonExampleMap.ThirdPersonExampleMap:PersistentLevel' has LevelScriptBlueprint '/Game/ThirdPersonBP/Maps/ThirdPersonExampleMap.ThirdPersonExampleMap:PersistentLevel.ThirdPersonExampleMap' with GeneratedClass '/Game/ThirdPersonBP/Maps/ThirdPersonExampleMap.ThirdPersonExampleMap_C' with ClassGeneratedBy '/Game/ThirdPersonBP/Maps/ThirdPersonExampleMap.ThirdPersonExampleMap:PersistentLevel.ThirdPersonExampleMap'
[2017.02.12-18.04.56:237][130]LogSkeletalMesh: InitArticulated: Bodies already created (/Engine/Transient.DebugSkelMeshComponent_7) - call TermArticulated first.
[2017.02.12-18.07.19:075][153]BlueprintLog: New page: Compile AnimBlueprintCB
[2017.02.12-18.07.26:233][839]Cmd: OBJ SAVEPACKAGE PACKAGE="/Game/Char_Binary/Animation/jump_up" FILE="D:/AlefRGamer/Documents/Unreal Projects/CyberPunk_Unreal/Content/Char_Binary/Animation/jump_up.uasset" SILENT=true
[2017.02.12-18.07.26:257][839]LogAnimationCompression: Building Anim DDC data for AnimSequence /Game/Char_Binary/Animation/jump_up.jump_up
[2017.02.12-18.07.26:319][839]LogSavePackage: Save=72.30ms
[2017.02.12-18.07.26:320][839]LogSavePackage: Moving 'D:/AlefRGamer/Documents/Unreal Projects/CyberPunk_Unreal/Saved/jump_up9D92196A4E8EB47C5E7F3D92763E61EF.tmp' to 'D:/AlefRGamer/Documents/Unreal Projects/CyberPunk_Unreal/Content/Char_Binary/Animation/jump_up.uasset'
[2017.02.12-18.07.26:329][839]LogSavePackage:Display: Finished SavePackage D:/AlefRGamer/Documents/Unreal Projects/CyberPunk_Unreal/Content/Char_Binary/Animation/jump_up.uasset
[2017.02.12-18.08.00:941][222]LogFileHelpers: Editor autosave (incl. sublevels) for '/Game/ThirdPersonBP/Maps/ThirdPersonExampleMap' took 0.052
[2017.02.12-18.08.00:944][222]OBJ SavePackage: Generating thumbnails for [1] asset(s) in package [/Game/Char_Binary/Animation/AnimBlueprintCB] ([1] browsable assets)...
[2017.02.12-18.08.00:963][222]OBJ SavePackage:     Rendered thumbnail for [AnimBlueprint /Game/Char_Binary/Animation/AnimBlueprintCB.AnimBlueprintCB]
[2017.02.12-18.08.00:963][222]OBJ SavePackage: Finished generating thumbnails for package [/Game/Char_Binary/Animation/AnimBlueprintCB]
[2017.02.12-18.08.01:034][222]LogSavePackage: Save=65.79ms
[2017.02.12-18.08.01:034][222]LogSavePackage: Moving 'D:/AlefRGamer/Documents/Unreal Projects/CyberPunk_Unreal/Saved/AnimBlueprintCB_Auto2234B18614DBD2A3FC1B4E3A9FE0AF4AA.tmp' to 'D:/AlefRGamer/Documents/Unreal Projects/CyberPunk_Unreal/Saved/Autosaves/Game/Char_Binary/Animation/AnimBlueprintCB_Auto2.uasset'
[2017.02.12-18.08.01:034][222]LogSavePackage:Display: Finished SavePackage D:/AlefRGamer/Documents/Unreal Projects/CyberPunk_Unreal/Saved/Autosaves/Game/Char_Binary/Animation/AnimBlueprintCB_Auto2.uasset
[2017.02.12-18.08.01:034][222]LogFileHelpers: Auto-saving content packages took 0.092
[2017.02.12-18.50.43:320][346]Cmd: OBJ SAVEPACKAGE PACKAGE="/Game/Char_Binary/Animation/AnimBlueprintCB" FILE="D:/AlefRGamer/Documents/Unreal Projects/CyberPunk_Unreal/Content/Char_Binary/Animation/AnimBlueprintCB.uasset" SILENT=true
[2017.02.12-18.50.43:400][346]LogSavePackage: Save=61.64ms
[2017.02.12-18.50.43:400][346]LogSavePackage: Moving 'D:/AlefRGamer/Documents/Unreal Projects/CyberPunk_Unreal/Saved/AnimBlueprintCB61DB688E4071048BCAF995B5EE0D3848.tmp' to 'D:/AlefRGamer/Documents/Unreal Projects/CyberPunk_Unreal/Content/Char_Binary/Animation/AnimBlueprintCB.uasset'
[2017.02.12-18.50.43:402][346]LogSavePackage:Display: Finished SavePackage D:/AlefRGamer/Documents/Unreal Projects/CyberPunk_Unreal/Content/Char_Binary/Animation/AnimBlueprintCB.uasset
[2017.02.12-18.52.38:402][580]LogFileHelpers: Editor autosave (incl. sublevels) for '/Game/ThirdPersonBP/Maps/ThirdPersonExampleMap' took 0.128
[2017.02.12-18.52.38:406][580]OBJ SavePackage: Generating thumbnails for [1] asset(s) in package [/Game/Char_Binary/Animation/AnimBlueprintCB] ([1] browsable assets)...
[2017.02.12-18.52.38:430][580]OBJ SavePackage:     Rendered thumbnail for [AnimBlueprint /Game/Char_Binary/Animation/AnimBlueprintCB.AnimBlueprintCB]
[2017.02.12-18.52.38:430][580]OBJ SavePackage: Finished generating thumbnails for package [/Game/Char_Binary/Animation/AnimBlueprintCB]
[2017.02.12-18.52.38:516][580]LogSavePackage: Save=81.57ms
[2017.02.12-18.52.38:516][580]LogSavePackage: Moving 'D:/AlefRGamer/Documents/Unreal Projects/CyberPunk_Unreal/Saved/AnimBlueprintCB_Auto3BC0E32344BB3A202BB5EBD9BDF633125.tmp' to 'D:/AlefRGamer/Documents/Unreal Projects/CyberPunk_Unreal/Saved/Autosaves/Game/Char_Binary/Animation/AnimBlueprintCB_Auto3.uasset'
[2017.02.12-18.52.38:517][580]LogSavePackage:Display: Finished SavePackage D:/AlefRGamer/Documents/Unreal Projects/CyberPunk_Unreal/Saved/Autosaves/Game/Char_Binary/Animation/AnimBlueprintCB_Auto3.uasset
[2017.02.12-18.52.38:517][580]LogFileHelpers: Auto-saving content packages took 0.114
[2017.02.12-18.54.17:987][699]BlueprintLog: New page: Compile AnimBlueprintCB
[2017.02.12-18.54.18:035][699]LogBlueprint:Warning: [Compiler AnimBlueprintCB] Warning  AnimStateTransitionNode_7  will never be taken, please connect something to  bCanEnterTransition
[2017.02.12-18.54.18:214][699]BlueprintEditorCompileResults: Info  Result  was visible but ignored
[2017.02.12-18.54.18:214][699]BlueprintEditorCompileResults:Warning: Warning  AnimStateTransitionNode_7  will never be taken, please connect something to  bCanEnterTransition
[2017.02.12-18.54.18:214][699]LogBlueprint:Warning: [Compiler AnimBlueprintCB] Warning [7329.98] Compile of AnimBlueprintCB successful, but with 1 Warning(s) [in 226 ms] (/Game/Char_Binary/Animation/AnimBlueprintCB.AnimBlueprintCB)
[2017.02.12-18.55.19:848][792]BlueprintLog: New page: Compile AnimBlueprintCB
[2017.02.12-18.55.20:041][792]BlueprintEditorCompileResults: Info  Result  was visible but ignored
[2017.02.12-18.56.19:132][386]Cmd: OBJ SAVEPACKAGE PACKAGE="/Game/Char_Binary/Animation/AnimBlueprintCB" FILE="D:/AlefRGamer/Documents/Unreal Projects/CyberPunk_Unreal/Content/Char_Binary/Animation/AnimBlueprintCB.uasset" SILENT=true
[2017.02.12-18.56.19:228][386]LogSavePackage: Save=77.44ms
[2017.02.12-18.56.19:228][386]LogSavePackage: Moving 'D:/AlefRGamer/Documents/Unreal Projects/CyberPunk_Unreal/Saved/AnimBlueprintCB408F5F2443C7836D9FB53B86DBD33EBF.tmp' to 'D:/AlefRGamer/Documents/Unreal Projects/CyberPunk_Unreal/Content/Char_Binary/Animation/AnimBlueprintCB.uasset'
[2017.02.12-18.56.19:229][386]LogSavePackage:Display: Finished SavePackage D:/AlefRGamer/Documents/Unreal Projects/CyberPunk_Unreal/Content/Char_Binary/Animation/AnimBlueprintCB.uasset
[2017.02.12-18.56.57:636][701]Cmd: OBJ SAVEPACKAGE PACKAGE="/Game/Char_Binary/Animation/AnimBlueprintCB" FILE="D:/AlefRGamer/Documents/Unreal Projects/CyberPunk_Unreal/Content/Char_Binary/Animation/AnimBlueprintCB.uasset" SILENT=true
[2017.02.12-18.56.57:690][701]LogSavePackage: Save=49.85ms
[2017.02.12-18.56.57:690][701]LogSavePackage: Moving 'D:/AlefRGamer/Documents/Unreal Projects/CyberPunk_Unreal/Saved/AnimBlueprintCBCCEB257A4B64291FB15E55B2FD6986B8.tmp' to 'D:/AlefRGamer/Documents/Unreal Projects/CyberPunk_Unreal/Content/Char_Binary/Animation/AnimBlueprintCB.uasset'
[2017.02.12-18.56.57:691][701]LogSavePackage:Display: Finished SavePackage D:/AlefRGamer/Documents/Unreal Projects/CyberPunk_Unreal/Content/Char_Binary/Animation/AnimBlueprintCB.uasset
[2017.02.12-19.02.39:032][ 78]LogFileHelpers: Editor autosave (incl. sublevels) for '/Game/ThirdPersonBP/Maps/ThirdPersonExampleMap' took 0.051
[2017.02.12-19.02.39:037][ 78]OBJ SavePackage: Generating thumbnails for [0] asset(s) in package [/Game/Char_Binary/Animation/AnimBlueprintCB] ([1] browsable assets)...
[2017.02.12-19.02.39:037][ 78]OBJ SavePackage: Finished generating thumbnails for package [/Game/Char_Binary/Animation/AnimBlueprintCB]
[2017.02.12-19.02.39:139][ 78]LogSavePackage: Save=73.51ms
[2017.02.12-19.02.39:139][ 78]LogSavePackage: Moving 'D:/AlefRGamer/Documents/Unreal Projects/CyberPunk_Unreal/Saved/AnimBlueprintCB_Auto4D2C84A8C4C24319DFC42B996B28874E6.tmp' to 'D:/AlefRGamer/Documents/Unreal Projects/CyberPunk_Unreal/Saved/Autosaves/Game/Char_Binary/Animation/AnimBlueprintCB_Auto4.uasset'
[2017.02.12-19.02.39:170][ 78]LogSavePackage:Display: Finished SavePackage D:/AlefRGamer/Documents/Unreal Projects/CyberPunk_Unreal/Saved/Autosaves/Game/Char_Binary/Animation/AnimBlueprintCB_Auto4.uasset
[2017.02.12-19.02.39:170][ 78]LogFileHelpers: Auto-saving content packages took 0.136
[2017.02.12-19.49.17:192][771]LogSavePackage: Save=635.28ms
[2017.02.12-19.49.17:193][771]LogSavePackage: Moving 'D:/AlefRGamer/Documents/Unreal Projects/CyberPunk_Unreal/Saved/ThirdPersonExampleMap2A0A704C4B909F1A0891F6A6E664D2AD.tmp' to 'D:/AlefRGamer/Documents/Unreal Projects/CyberPunk_Unreal/Content/ThirdPersonBP/Maps/ThirdPersonExampleMap.umap'
[2017.02.12-19.49.17:253][771]LogSavePackage:Display: Finished SavePackage D:/AlefRGamer/Documents/Unreal Projects/CyberPunk_Unreal/Content/ThirdPersonBP/Maps/ThirdPersonExampleMap.umap
[2017.02.12-19.49.21:471][771]LogSavePackage: Save=323.05ms
[2017.02.12-19.49.21:471][771]LogSavePackage: Moving 'D:/AlefRGamer/Documents/Unreal Projects/CyberPunk_Unreal/Saved/ThirdPersonExampleMap_BuiltDataE60547754DCB50CD9C8A839A39EE68CA.tmp' to 'D:/AlefRGamer/Documents/Unreal Projects/CyberPunk_Unreal/Content/ThirdPersonBP/Maps/ThirdPersonExampleMap_BuiltData.uasset'
[2017.02.12-19.49.21:521][771]LogSavePackage:Display: Finished SavePackage D:/AlefRGamer/Documents/Unreal Projects/CyberPunk_Unreal/Content/ThirdPersonBP/Maps/ThirdPersonExampleMap_BuiltData.uasset
[2017.02.12-19.49.25:287][921]Cmd: OBJ SAVEPACKAGE PACKAGE="/Game/Char_Binary/Animation/AnimBlueprintCB" FILE="D:/AlefRGamer/Documents/Unreal Projects/CyberPunk_Unreal/Content/Char_Binary/Animation/AnimBlueprintCB.uasset" SILENT=true
[2017.02.12-19.49.25:363][921]LogSavePackage: Save=71.83ms
[2017.02.12-19.49.25:363][921]LogSavePackage: Moving 'D:/AlefRGamer/Documents/Unreal Projects/CyberPunk_Unreal/Saved/AnimBlueprintCBC722024E417A2D4B15B95BAA7B3C9637.tmp' to 'D:/AlefRGamer/Documents/Unreal Projects/CyberPunk_Unreal/Content/Char_Binary/Animation/AnimBlueprintCB.uasset'
[2017.02.12-19.49.25:364][921]LogSavePackage:Display: Finished SavePackage D:/AlefRGamer/Documents/Unreal Projects/CyberPunk_Unreal/Content/Char_Binary/Animation/AnimBlueprintCB.uasset
[2017.02.12-19.50.59:557][766]Cmd: MAP CHECK
[2017.02.12-19.50.59:557][766]MapCheck: New page: ThirdPersonExampleMap - Feb 12, 2017, 1:50:59 PM
[2017.02.12-19.50.59:755][766]MapCheck: Info Map check complete: 0 Error(s), 0 Warning(s), took 197.67ms to complete.
[2017.02.12-19.56.41:514][246]LogMaterial: Missing cached shader map for material FDebugViewModeMaterialProxy MaterialInstanceDynamic_0, compiling. 
[2017.02.12-19.56.41:649][246]LogMaterial: Missing cached shader map for material FDebugViewModeMaterialProxy RampMaterial, compiling. 
[2017.02.12-19.56.41:668][246]LogMaterial: Missing cached shader map for material FDebugViewModeMaterialProxy CubeMaterial, compiling. 
[2017.02.12-19.56.44:418][246]LogLevel:Display: Export Material TexCoord Scales took 0.065 seconds.
[2017.02.12-19.56.44:441][246]TextureStreamingBuild:Display: Build Texture Streaming took 0.022 seconds.
[2017.02.12-19.57.30:428][412]LogSavePackage: Save=167.50ms
[2017.02.12-19.57.30:428][412]LogSavePackage: Moving 'D:/AlefRGamer/Documents/Unreal Projects/CyberPunk_Unreal/Saved/ThirdPersonExampleMapB1D059DE4C31FB9CC92C2AB1A1A4F589.tmp' to 'D:/AlefRGamer/Documents/Unreal Projects/CyberPunk_Unreal/Content/ThirdPersonBP/Maps/ThirdPersonExampleMap.umap'
[2017.02.12-19.57.30:431][412]LogSavePackage:Display: Finished SavePackage D:/AlefRGamer/Documents/Unreal Projects/CyberPunk_Unreal/Content/ThirdPersonBP/Maps/ThirdPersonExampleMap.umap
[2017.02.12-19.57.30:596][412]LogSavePackage: Save=125.17ms
[2017.02.12-19.57.30:597][412]LogSavePackage: Moving 'D:/AlefRGamer/Documents/Unreal Projects/CyberPunk_Unreal/Saved/ThirdPersonExampleMap_BuiltData5BE03C114B914C481F6474B1F4349BAC.tmp' to 'D:/AlefRGamer/Documents/Unreal Projects/CyberPunk_Unreal/Content/ThirdPersonBP/Maps/ThirdPersonExampleMap_BuiltData.uasset'
[2017.02.12-19.57.30:598][412]LogSavePackage:Display: Finished SavePackage D:/AlefRGamer/Documents/Unreal Projects/CyberPunk_Unreal/Content/ThirdPersonBP/Maps/ThirdPersonExampleMap_BuiltData.uasset
[2017.02.12-19.57.35:544][822]Cmd: QUIT_EDITOR
[2017.02.12-19.57.35:989][822]LogWindowsTextInputMethodSystem:Display: IME system now deactivated.
[2017.02.12-19.57.36:065][822]LogExit: Preparing to exit.
[2017.02.12-19.57.37:991][822]LogExit: Editor shut down
[2017.02.12-19.57.37:993][822]LogExit: Transaction tracking system shut down
[2017.02.12-19.57.39:752][822]LogObj: Freed 0b from 0 cluster array pools.
[2017.02.12-19.57.39:753][822]LogExit: Object subsystem successfully closed.
[2017.02.12-19.57.39:968][822]LogD3D11RHI: Shutdown
[2017.02.12-19.57.39:991][822]LogD3D11RHI: CleanupD3DDevice
[2017.02.12-19.57.40:453][822]LogD3D11RHI: ~FD3D11DynamicRHI
[2017.02.12-19.57.41:221][822]LogHttp:Display: Http module shutting down, but needs to wait on 1 outstanding Http requests:
[2017.02.12-19.57.41:221][822]LogHttp:Display: 	verb=[POST] url=[https://datarouter.ol.epicgames.com/datarouter/api/v1/public/data?SessionID=%7B02EB7E2D-4AD8-A4AE-8D23-57A82F982414%7D&AppID=UEEditor.Rocket.Release&AppVersion=4.14.3-3249277%2B%2B%2BUE4%2BRelease-4.14&UserID=52ed3b3d4ce3abbda4cbe5b908f59371%7C03bd44dd75f444429f532cbb07098575%7C0e4b8cd2-7ff2-4dea-a4a2-ac050ab251d5&AppEnvironment=datacollector-binary&UploadType=eteventstream] status=Processing
[2017.02.12-19.57.41:337][822]LogModuleManager: Shutting down and abandoning module AnimationEditor (248)
[2017.02.12-19.57.41:344][822]LogModuleManager: Shutting down and abandoning module BlueprintGraph (247)
[2017.02.12-19.57.41:344][822]LogModuleManager: Shutting down and abandoning module BlueprintProfiler (246)
[2017.02.12-19.57.41:375][822]LogModuleManager: Shutting down and abandoning module SkeletonEditor (245)
[2017.02.12-19.57.41:375][822]LogModuleManager: Shutting down and abandoning module AnimationBlueprintEditor (244)
[2017.02.12-19.57.41:386][822]LogModuleManager: Shutting down and abandoning module MovieSceneCapture (243)
[2017.02.12-19.57.41:386][822]LogModuleManager: Shutting down and abandoning module HierarchicalLODOutliner (242)
[2017.02.12-19.57.41:395][822]LogModuleManager: Shutting down and abandoning module CrashTracker (241)
[2017.02.12-19.57.41:399][822]LogModuleManager: Shutting down and abandoning module WidgetCarousel (240)
[2017.02.12-19.57.41:399][822]LogModuleManager: Shutting down and abandoning module AddContentDialog (239)
[2017.02.12-19.57.41:427][822]LogDirectoryWatcher: A directory notification for 'C:/Program Files (x86)/Epic Games/4.14/FeaturePacks/' was aborted.
[2017.02.12-19.57.41:438][822]LogModuleManager: Shutting down and abandoning module GameplayTags (238)
[2017.02.12-19.57.41:438][822]LogModuleManager: Shutting down and abandoning module EditorWidgets (237)
[2017.02.12-19.57.41:438][822]LogModuleManager: Shutting down and abandoning module CollectionManager (236)
[2017.02.12-19.57.41:439][822]LogDirectoryWatcher: A directory notification for 'D:/AlefRGamer/Documents/Unreal Projects/CyberPunk_Unreal/Content/Collections/' was aborted.
[2017.02.12-19.57.41:439][822]LogDirectoryWatcher: A directory notification for 'D:/AlefRGamer/Documents/Unreal Projects/CyberPunk_Unreal/Content/Developers/alefr/Collections/' was aborted.
[2017.02.12-19.57.41:439][822]LogDirectoryWatcher: A directory notification for 'D:/AlefRGamer/Documents/Unreal Projects/CyberPunk_Unreal/Saved/Collections/' was aborted.
[2017.02.12-19.57.41:440][822]LogModuleManager: Shutting down and abandoning module SceneOutliner (235)
[2017.02.12-19.57.41:450][822]LogModuleManager: Shutting down and abandoning module StatsViewer (234)
[2017.02.12-19.57.41:450][822]LogModuleManager: Shutting down and abandoning module FoliageEdit (233)
[2017.02.12-19.57.41:456][822]LogModuleManager: Shutting down and abandoning module LandscapeEditor (232)
[2017.02.12-19.57.41:459][822]LogModuleManager: Shutting down and abandoning module SceneDepthPickerMode (231)
[2017.02.12-19.57.41:459][822]LogModuleManager: Shutting down and abandoning module ActorPickerMode (230)
[2017.02.12-19.57.41:459][822]LogModuleManager: Shutting down and abandoning module GeometryMode (229)
[2017.02.12-19.57.41:459][822]LogModuleManager: Shutting down and abandoning module TextureAlignMode (228)
[2017.02.12-19.57.41:459][822]LogModuleManager: Shutting down and abandoning module BspMode (227)
[2017.02.12-19.57.41:467][822]LogModuleManager: Shutting down and abandoning module HardwareSurvey (226)
[2017.02.12-19.57.41:474][822]LogModuleManager: Shutting down and abandoning module SequenceRecorderSections (225)
[2017.02.12-19.57.41:482][822]LogModuleManager: Shutting down and abandoning module AutomationWorker (224)
[2017.02.12-19.57.41:491][822]LogModuleManager: Shutting down and abandoning module MatineeToLevelSequence (223)
[2017.02.12-19.57.41:496][822]LogModuleManager: Shutting down and abandoning module PlacementMode (222)
[2017.02.12-19.57.41:504][822]LogModuleManager: Shutting down and abandoning module LevelSequenceEditor (221)
[2017.02.12-19.57.41:534][822]LogModuleManager: Shutting down and abandoning module WmfMediaFactory (220)
[2017.02.12-19.57.41:534][822]LogModuleManager: Shutting down and abandoning module WmfMediaEditor (219)
[2017.02.12-19.57.41:534][822]LogModuleManager: Shutting down and abandoning module AvfMediaFactory (218)
[2017.02.12-19.57.41:534][822]LogModuleManager: Shutting down and abandoning module AvfMediaEditor (217)
[2017.02.12-19.57.41:534][822]LogModuleManager: Shutting down and abandoning module Media (216)
[2017.02.12-19.57.41:534][822]LogModuleManager: Shutting down and abandoning module AndroidMediaFactory (215)
[2017.02.12-19.57.41:534][822]LogModuleManager: Shutting down and abandoning module AndroidMediaEditor (214)
[2017.02.12-19.57.41:534][822]LogModuleManager: Shutting down and abandoning module CharacterAI (213)
[2017.02.12-19.57.41:534][822]LogModuleManager: Shutting down and abandoning module SequenceRecorder (212)
[2017.02.12-19.57.41:583][822]LogModuleManager: Shutting down and abandoning module AudioCapture (211)
[2017.02.12-19.57.41:583][822]LogModuleManager: Shutting down and abandoning module SmartSnapping (210)
[2017.02.12-19.57.41:583][822]LogModuleManager: Shutting down and abandoning module SessionServices (209)
[2017.02.12-19.57.41:583][822]LogModuleManager: Shutting down and abandoning module ViewportSnapping (208)
[2017.02.12-19.57.41:583][822]LogModuleManager: Shutting down and abandoning module ViewportInteraction (207)
[2017.02.12-19.57.41:583][822]LogModuleManager: Shutting down and abandoning module LogVisualizer (206)
[2017.02.12-19.57.41:603][822]LogModuleManager: Shutting down and abandoning module GameProjectGeneration (205)
[2017.02.12-19.57.41:620][822]LogModuleManager: Shutting down and abandoning module IntroTutorials (204)
[2017.02.12-19.57.41:628][822]LogModuleManager: Shutting down and abandoning module EditorLiveStreaming (203)
[2017.02.12-19.57.41:628][822]LogModuleManager: Shutting down and abandoning module IOSPlatformEditor (202)
[2017.02.12-19.57.41:644][822]LogModuleManager: Shutting down and abandoning module HTML5PlatformEditor (201)
[2017.02.12-19.57.41:644][822]LogModuleManager: Shutting down and abandoning module AndroidDeviceDetection (200)
[2017.02.12-19.57.41:824][822]LogModuleManager: Shutting down and abandoning module AndroidPlatformEditor (199)
[2017.02.12-19.57.41:835][822]LogModuleManager: Shutting down and abandoning module IOSRuntimeSettings (198)
[2017.02.12-19.57.41:835][822]LogModuleManager: Shutting down and abandoning module AndroidRuntimeSettings (197)
[2017.02.12-19.57.41:835][822]LogModuleManager: Shutting down and abandoning module InputBindingEditor (196)
[2017.02.12-19.57.41:851][822]LogModuleManager: Shutting down and abandoning module NiagaraEditor (195)
[2017.02.12-19.57.41:911][822]LogModuleManager: Shutting down and abandoning module MergeActors (194)
[2017.02.12-19.57.41:928][822]LogModuleManager: Shutting down and abandoning module SizeMap (193)
[2017.02.12-19.57.41:936][822]LogModuleManager: Shutting down and abandoning module TreeMap (192)
[2017.02.12-19.57.41:968][822]LogModuleManager: Shutting down and abandoning module ReferenceViewer (191)
[2017.02.12-19.57.41:968][822]LogModuleManager: Shutting down and abandoning module LocalizationService (190)
[2017.02.12-19.57.41:975][822]LogModuleManager: Shutting down and abandoning module LocalizationDashboard (189)
[2017.02.12-19.57.41:985][822]LogModuleManager: Shutting down and abandoning module HardwareTargeting (188)
[2017.02.12-19.57.41:993][822]LogModuleManager: Shutting down and abandoning module DeviceProfileEditor (187)
[2017.02.12-19.57.42:012][822]LogModuleManager: Shutting down and abandoning module UndoHistory (186)
[2017.02.12-19.57.42:017][822]LogModuleManager: Shutting down and abandoning module UserFeedback (185)
[2017.02.12-19.57.42:017][822]LogModuleManager: Shutting down and abandoning module XmlParser (184)
[2017.02.12-19.57.42:022][822]LogModuleManager: Shutting down and abandoning module Blutility (183)
[2017.02.12-19.57.42:033][822]LogModuleManager: Shutting down and abandoning module ProjectTargetPlatformEditor (182)
[2017.02.12-19.57.42:034][822]LogModuleManager: Shutting down and abandoning module ProjectSettingsViewer (181)
[2017.02.12-19.57.42:034][822]LogModuleManager: Shutting down and abandoning module EditorSettingsViewer (180)
[2017.02.12-19.57.42:034][822]LogModuleManager: Shutting down and abandoning module SettingsEditor (179)
[2017.02.12-19.57.42:042][822]LogModuleManager: Shutting down and abandoning module ProjectLauncher (178)
[2017.02.12-19.57.42:062][822]LogModuleManager: Shutting down and abandoning module SessionFrontend (177)
[2017.02.12-19.57.42:077][822]LogModuleManager: Shutting down and abandoning module ProfilerClient (176)
[2017.02.12-19.57.42:096][822]LogModuleManager: Shutting down and abandoning module TargetDeviceServices (175)
[2017.02.12-19.57.42:096][822]LogModuleManager: Shutting down and abandoning module DeviceManager (174)
[2017.02.12-19.57.42:150][822]LogModuleManager: Shutting down and abandoning module AutomationController (173)
[2017.02.12-19.57.42:161][822]LogModuleManager: Shutting down and abandoning module AutomationWindow (172)
[2017.02.12-19.57.42:182][822]LogModuleManager: Shutting down and abandoning module Layers (171)
[2017.02.12-19.57.42:235][822]LogModuleManager: Shutting down and abandoning module ComponentVisualizers (170)
[2017.02.12-19.57.42:235][822]LogModuleManager: Shutting down and abandoning module DetailCustomizations (169)
[2017.02.12-19.57.42:239][822]LogModuleManager: Shutting down and abandoning module PackagesDialog (168)
[2017.02.12-19.57.42:239][822]LogModuleManager: Shutting down and abandoning module AnimGraph (167)
[2017.02.12-19.57.42:239][822]LogModuleManager: Shutting down and abandoning module Persona (166)
[2017.02.12-19.57.42:248][822]LogModuleManager: Shutting down and abandoning module Kismet (165)
[2017.02.12-19.57.42:270][822]LogModuleManager: Shutting down and abandoning module GraphEditor (164)
[2017.02.12-19.57.42:270][822]LogModuleManager: Shutting down and abandoning module ClassViewer (163)
[2017.02.12-19.57.42:281][822]LogModuleManager: Shutting down and abandoning module Toolbox (162)
[2017.02.12-19.57.42:284][822]LogModuleManager: Shutting down and abandoning module ModuleUI (161)
[2017.02.12-19.57.42:302][822]LogModuleManager: Shutting down and abandoning module MovieSceneTools (160)
[2017.02.12-19.57.42:318][822]LogModuleManager: Shutting down and abandoning module OutputLog (159)
[2017.02.12-19.57.42:318][822]LogModuleManager: Shutting down and abandoning module GammaUI (158)
[2017.02.12-19.57.42:339][822]LogModuleManager: Shutting down and abandoning module Documentation (157)
[2017.02.12-19.57.42:339][822]LogModuleManager: Shutting down and abandoning module Niagara (156)
[2017.02.12-19.57.42:339][822]LogModuleManager: Shutting down and abandoning module StreamingPauseRendering (155)
[2017.02.12-19.57.42:339][822]LogModuleManager: Shutting down and abandoning module AnalyticsET (154)
[2017.02.12-19.57.42:339][822]LogModuleManager: Shutting down and abandoning module PortalServices (153)
[2017.02.12-19.57.42:339][822]LogModuleManager: Shutting down and abandoning module PortalRpc (152)
[2017.02.12-19.57.42:339][822]LogModuleManager: Shutting down and abandoning module MessagingRpc (151)
[2017.02.12-19.57.42:340][822]LogModuleManager: Shutting down and abandoning module GameplayDebugger (150)
[2017.02.12-19.57.42:359][822]LogModuleManager: Shutting down and abandoning module AITestSuite (149)
[2017.02.12-19.57.42:392][822]LogModuleManager: Shutting down and abandoning module AIModule (148)
[2017.02.12-19.57.42:393][822]LogModuleManager: Shutting down and abandoning module ProfilerService (147)
[2017.02.12-19.57.42:425][822]LogModuleManager: Shutting down and abandoning module TaskGraph (146)
[2017.02.12-19.57.42:465][822]LogModuleManager: Shutting down and abandoning module SlateRemote (145)
[2017.02.12-19.57.42:465][822]LogModuleManager: Shutting down and abandoning module SteamVRController (144)
[2017.02.12-19.57.42:465][822]LogModuleManager: Shutting down and abandoning module SteamVR (143)
[2017.02.12-19.57.42:465][822]LogModuleManager: Shutting down and abandoning module ProceduralMeshComponentEditor (142)
[2017.02.12-19.57.42:481][822]LogModuleManager: Shutting down and abandoning module ProceduralMeshComponent (141)
[2017.02.12-19.57.42:500][822]LogModuleManager: Shutting down and abandoning module OculusLibrary (140)
[2017.02.12-19.57.42:500][822]LogModuleManager: Shutting down and abandoning module OculusInput (139)
[2017.02.12-19.57.42:500][822]LogModuleManager: Shutting down and abandoning module MobilePatchingUtils (138)
[2017.02.12-19.57.42:500][822]LogModuleManager: Shutting down and abandoning module CustomMeshComponent (137)
[2017.02.12-19.57.42:500][822]LogModuleManager: Shutting down and abandoning module CableComponent (136)
[2017.02.12-19.57.42:507][822]LogModuleManager: Shutting down and abandoning module ArchVisCharacter (135)
[2017.02.12-19.57.42:507][822]LogModuleManager: Shutting down and abandoning module MediaPlayerEditor (133)
[2017.02.12-19.57.42:679][822]LogModuleManager: Shutting down and abandoning module HTML5Networking (132)
[2017.02.12-19.57.42:679][822]LogModuleManager: Shutting down and abandoning module GeometryCacheEd (131)
[2017.02.12-19.57.42:679][822]LogModuleManager: Shutting down and abandoning module GeometryCache (130)
[2017.02.12-19.57.42:679][822]LogModuleManager: Shutting down and abandoning module AlembicLibrary (129)
[2017.02.12-19.57.42:687][822]LogModuleManager: Shutting down and abandoning module AlembicImporter (128)
[2017.02.12-19.57.42:703][822]LogModuleManager: Shutting down and abandoning module SuperSearch (127)
[2017.02.12-19.57.42:703][822]LogModuleManager: Shutting down and abandoning module SuperSearchEditor (126)
[2017.02.12-19.57.42:703][822]LogModuleManager: Shutting down and abandoning module SpeedTreeImporter (125)
[2017.02.12-19.57.42:703][822]LogModuleManager: Shutting down and abandoning module PluginBrowser (124)
[2017.02.12-19.57.42:775][822]LogModuleManager: Shutting down and abandoning module MobileLauncherProfileWizard (123)
[2017.02.12-19.57.42:853][822]LogModuleManager: Shutting down and abandoning module EpicSurvey (122)
[2017.02.12-19.57.42:924][822]LogModuleManager: Shutting down and abandoning module DesktopPlatform (121)
[2017.02.12-19.57.42:994][822]LogModuleManager: Shutting down and abandoning module VisualStudioSourceCodeAccess (120)
[2017.02.12-19.57.43:033][822]LogModuleManager: Shutting down and abandoning module UObjectPlugin (119)
[2017.02.12-19.57.43:033][822]LogModuleManager: Shutting down and abandoning module SubversionSourceControl (118)
[2017.02.12-19.57.43:153][822]LogModuleManager: Shutting down and abandoning module PerforceSourceControl (117)
[2017.02.12-19.57.43:237][822]LogModuleManager: Shutting down and abandoning module SourceControl (116)
[2017.02.12-19.57.43:335][822]LogModuleManager: Shutting down and abandoning module GitSourceControl (115)
[2017.02.12-19.57.43:343][822]LogModuleManager: Shutting down and abandoning module LightPropagationVolumeEditor (114)
[2017.02.12-19.57.43:343][822]LogModuleManager: Shutting down and abandoning module PaperTiledImporter (113)
[2017.02.12-19.57.43:352][822]LogModuleManager: Shutting down and abandoning module PaperSpriteSheetImporter (112)
[2017.02.12-19.57.43:352][822]LogModuleManager: Shutting down and abandoning module MeshPaint (111)
[2017.02.12-19.57.43:352][822]LogModuleManager: Shutting down and abandoning module PixelInspectorModule (110)
[2017.02.12-19.57.43:364][822]LogModuleManager: Shutting down and abandoning module HotReload (109)
[2017.02.12-19.57.43:364][822]LogDirectoryWatcher: A directory notification for 'D:/AlefRGamer/Documents/Unreal Projects/CyberPunk_Unreal/Binaries/Win64' was aborted.
[2017.02.12-19.57.43:400][822]LogModuleManager: Shutting down and abandoning module MainFrame (108)
[2017.02.12-19.57.43:400][822]LogModuleManager: Shutting down and abandoning module LevelEditor (107)
[2017.02.12-19.57.43:421][822]LogModuleManager: Shutting down and abandoning module ContentBrowser (106)
[2017.02.12-19.57.43:423][822]LogModuleManager: Shutting down and abandoning module Paper2DEditor (105)
[2017.02.12-19.57.43:505][822]LogModuleManager: Shutting down and abandoning module CyberPunk_Unreal (104)
[2017.02.12-19.57.43:505][822]LogModuleManager: Shutting down and abandoning module UdpMessaging (103)
[2017.02.12-19.57.43:606][822]LogModuleManager: Shutting down and abandoning module TcpMessaging (102)
[2017.02.12-19.57.43:713][822]LogModuleManager: Shutting down and abandoning module LightPropagationVolumeRuntime (101)
[2017.02.12-19.57.43:713][822]LogModuleManager: Shutting down and abandoning module Paper2D (100)
[2017.02.12-19.57.43:727][822]LogModuleManager: Shutting down and abandoning module WindowsMoviePlayer (99)
[2017.02.12-19.57.43:749][822]LogModuleManager: Shutting down and abandoning module WmfMedia (98)
[2017.02.12-19.57.43:768][822]LogModuleManager: Shutting down and abandoning module MediaAssets (97)
[2017.02.12-19.57.43:768][822]LogModuleManager: Shutting down and abandoning module GameLiveStreaming (96)
[2017.02.12-19.57.43:777][822]LogModuleManager: Shutting down and abandoning module GameplayTagsEditor (95)
[2017.02.12-19.57.43:777][822]LogModuleManager: Shutting down and abandoning module VREditor (94)
[2017.02.12-19.57.43:777][822]LogModuleManager: Shutting down and abandoning module GameplayTasksEditor (93)
[2017.02.12-19.57.43:777][822]LogModuleManager: Shutting down and abandoning module BehaviorTreeEditor (92)
[2017.02.12-19.57.43:822][822]LogModuleManager: Shutting down and abandoning module FunctionalTesting (91)
[2017.02.12-19.57.43:828][822]LogModuleManager: Shutting down and abandoning module CollisionAnalyzer (90)
[2017.02.12-19.57.43:865][822]LogModuleManager: Shutting down and abandoning module Sequencer (89)
[2017.02.12-19.57.43:965][822]LogModuleManager: Shutting down and abandoning module WorkspaceMenuStructure (88)
[2017.02.12-19.57.43:965][822]LogModuleManager: Shutting down and abandoning module MessageLog (87)
[2017.02.12-19.57.43:965][822]LogModuleManager: Shutting down and abandoning module AssetTools (86)
[2017.02.12-19.57.44:570][822]LogModuleManager: Shutting down and abandoning module UMGEditor (85)
[2017.02.12-19.57.44:842][822]LogModuleManager: Shutting down and abandoning module UMG (84)
[2017.02.12-19.57.44:871][822]LogModuleManager: Shutting down and abandoning module SlateReflector (83)
[2017.02.12-19.57.44:961][822]LogModuleManager: Shutting down and abandoning module Slate (82)
[2017.02.12-19.57.44:961][822]LogModuleManager: Shutting down and abandoning module EditorStyle (81)
[2017.02.12-19.57.44:967][822]LogModuleManager: Shutting down and abandoning module SourceCodeAccess (80)
[2017.02.12-19.57.44:967][822]LogModuleManager: Shutting down and abandoning module HeadMountedDisplay (79)
[2017.02.12-19.57.44:968][822]LogModuleManager: Shutting down and abandoning module XAudio2 (78)
[2017.02.12-19.57.44:968][822]LogModuleManager: Shutting down and abandoning module Networking (76)
[2017.02.12-19.57.44:968][822]LogModuleManager: Shutting down and abandoning module Core (75)
[2017.02.12-19.57.44:968][822]LogModuleManager: Shutting down and abandoning module DirectoryWatcher (74)
[2017.02.12-19.57.44:968][822]LogDirectoryWatcher: A directory notification for '../../../Engine/Content/' was aborted.
[2017.02.12-19.57.44:968][822]LogDirectoryWatcher: A directory notification for 'D:/AlefRGamer/Documents/Unreal Projects/CyberPunk_Unreal/Content/' was aborted.
[2017.02.12-19.57.44:969][822]LogDirectoryWatcher: A directory notification for '../../../Engine/Plugins/2D/Paper2D/Content/' was aborted.
[2017.02.12-19.57.44:972][822]LogModuleManager: Shutting down and abandoning module AssetRegistry (73)
[2017.02.12-19.57.45:282][822]LogModuleManager: Shutting down and abandoning module KismetCompiler (72)
[2017.02.12-19.57.45:282][822]LogModuleManager: Shutting down and abandoning module PhysXFormats (71)
[2017.02.12-19.57.45:317][822]LogModuleManager: Shutting down and abandoning module SimplygonSwarm (70)
[2017.02.12-19.57.45:384][822]LogModuleManager: Shutting down and abandoning module SimplygonMeshReduction (69)
[2017.02.12-19.57.45:401][822]LogModuleManager: Shutting down and abandoning module QuadricMeshReduction (68)
[2017.02.12-19.57.45:435][822]LogModuleManager: Shutting down and abandoning module PropertyEditor (67)
[2017.02.12-19.57.45:435][822]LogModuleManager: Shutting down and abandoning module MeshUtilities (66)
[2017.02.12-19.57.45:608][822]LogModuleManager: Shutting down and abandoning module DerivedDataCache (65)
[2017.02.12-19.57.45:649][822]LogDerivedDataCache: Shutdown
[2017.02.12-19.57.45:650][822]LogModuleManager: Shutting down and abandoning module VulkanShaderFormat (64)
[2017.02.12-19.57.45:654][822]LogModuleManager: Shutting down and abandoning module ShaderFormatOpenGL (63)
[2017.02.12-19.57.45:680][822]LogModuleManager: Shutting down and abandoning module ShaderFormatD3D (62)
[2017.02.12-19.57.45:747][822]LogModuleManager: Shutting down and abandoning module MetalShaderFormat (61)
[2017.02.12-19.57.45:791][822]LogModuleManager: Shutting down and abandoning module TextureFormatUncompressed (60)
[2017.02.12-19.57.45:791][822]LogModuleManager: Shutting down and abandoning module TextureFormatPVR (59)
[2017.02.12-19.57.45:820][822]LogModuleManager: Shutting down and abandoning module TextureFormatDXT (58)
[2017.02.12-19.57.45:824][822]LogModuleManager: Shutting down and abandoning module TextureFormatIntelISPCTexComp (57)
[2017.02.12-19.57.45:863][822]LogModuleManager: Shutting down and abandoning module ImageWrapper (56)
[2017.02.12-19.57.45:863][822]LogModuleManager: Shutting down and abandoning module TextureFormatASTC (55)
[2017.02.12-19.57.45:863][822]LogModuleManager: Shutting down and abandoning module TextureFormatAndroid (54)
[2017.02.12-19.57.45:863][822]LogModuleManager: Shutting down and abandoning module AudioFormatOpus (53)
[2017.02.12-19.57.45:893][822]LogModuleManager: Shutting down and abandoning module AudioFormatOgg (52)
[2017.02.12-19.57.45:897][822]LogModuleManager: Shutting down and abandoning module AudioFormatADPCM (51)
[2017.02.12-19.57.45:897][822]LogModuleManager: Shutting down and abandoning module LinuxTargetPlatform (50)
[2017.02.12-19.57.45:897][822]LogModuleManager: Shutting down and abandoning module LinuxServerTargetPlatform (49)
[2017.02.12-19.57.45:908][822]LogModuleManager: Shutting down and abandoning module LinuxNoEditorTargetPlatform (48)
[2017.02.12-19.57.45:926][822]LogModuleManager: Shutting down and abandoning module LinuxClientTargetPlatform (47)
[2017.02.12-19.57.45:945][822]LogModuleManager: Shutting down and abandoning module TVOSTargetPlatform (46)
[2017.02.12-19.57.45:945][822]LogModuleManager: Shutting down and abandoning module Messaging (45)
[2017.02.12-19.57.45:945][822]LogModuleManager: Shutting down and abandoning module IOSTargetPlatform (44)
[2017.02.12-19.57.45:945][822]LogModuleManager: Shutting down and abandoning module HTML5TargetPlatform (43)
[2017.02.12-19.57.45:945][822]LogModuleManager: Shutting down and abandoning module Android_PVRTCTargetPlatform (42)
[2017.02.12-19.57.45:945][822]LogModuleManager: Shutting down and abandoning module Android_MultiTargetPlatform (41)
[2017.02.12-19.57.45:945][822]LogModuleManager: Shutting down and abandoning module Android_ETC2TargetPlatform (40)
[2017.02.12-19.57.45:945][822]LogModuleManager: Shutting down and abandoning module Android_ETC1TargetPlatform (39)
[2017.02.12-19.57.45:945][822]LogModuleManager: Shutting down and abandoning module Android_DXTTargetPlatform (38)
[2017.02.12-19.57.45:945][822]LogModuleManager: Shutting down and abandoning module Android_ATCTargetPlatform (37)
[2017.02.12-19.57.45:946][822]LogModuleManager: Shutting down and abandoning module Android_ASTCTargetPlatform (36)
[2017.02.12-19.57.45:946][822]LogModuleManager: Shutting down and abandoning module AndroidTargetPlatform (35)
[2017.02.12-19.57.45:946][822]LogModuleManager: Shutting down and abandoning module WindowsTargetPlatform (34)
[2017.02.12-19.57.45:946][822]LogModuleManager: Shutting down and abandoning module WindowsServerTargetPlatform (33)
[2017.02.12-19.57.45:952][822]LogModuleManager: Shutting down and abandoning module WindowsNoEditorTargetPlatform (32)
[2017.02.12-19.57.45:960][822]LogModuleManager: Shutting down and abandoning module WindowsClientTargetPlatform (31)
[2017.02.12-19.57.45:965][822]LogModuleManager: Shutting down and abandoning module MacTargetPlatform (30)
[2017.02.12-19.57.45:965][822]LogModuleManager: Shutting down and abandoning module MacServerTargetPlatform (29)
[2017.02.12-19.57.45:965][822]LogModuleManager: Shutting down and abandoning module MacNoEditorTargetPlatform (28)
[2017.02.12-19.57.45:965][822]LogModuleManager: Shutting down and abandoning module MacClientTargetPlatform (27)
[2017.02.12-19.57.45:965][822]LogModuleManager: Shutting down and abandoning module AllDesktopTargetPlatform (26)
[2017.02.12-19.57.45:965][822]LogModuleManager: Shutting down and abandoning module TargetPlatform (25)
[2017.02.12-19.57.45:965][822]LogModuleManager: Shutting down and abandoning module InputCore (24)
[2017.02.12-19.57.45:965][822]LogModuleManager: Shutting down and abandoning module Settings (23)
[2017.02.12-19.57.45:965][822]LogModuleManager: Shutting down and abandoning module OculusRift (22)
[2017.02.12-19.57.45:971][822]LogModuleManager: Shutting down and abandoning module ExampleDeviceProfileSelector (21)
[2017.02.12-19.57.45:971][822]LogModuleManager: Shutting down and abandoning module OnlineBlueprintSupport (20)
[2017.02.12-19.57.45:971][822]LogModuleManager: Shutting down and abandoning module OnlineSubsystem (18)
[2017.02.12-19.57.45:971][822]LogOnline:Display: Unloading online subsystem: NULL
[2017.02.12-19.57.46:009][822]LogModuleManager: Shutting down and abandoning module SSL (17)
[2017.02.12-19.57.46:027][822]LogModuleManager: Shutting down and abandoning module HTTP (16)
[2017.02.12-19.57.46:027][822]LogModuleManager: Shutting down and abandoning module XMPP (15)
[2017.02.12-19.57.46:088][822]LogModuleManager: Shutting down and abandoning module TextureCompressor (14)
[2017.02.12-19.57.46:139][822]LogModuleManager: Shutting down and abandoning module ShaderCore (13)
[2017.02.12-19.57.46:139][822]LogModuleManager: Shutting down and abandoning module Landscape (12)
[2017.02.12-19.57.46:139][822]LogModuleManager: Shutting down and abandoning module SlateRHIRenderer (11)
[2017.02.12-19.57.46:204][822]LogModuleManager: Shutting down and abandoning module OpenGLDrv (10)
[2017.02.12-19.57.46:231][822]LogModuleManager: Shutting down and abandoning module D3D11RHI (9)
[2017.02.12-19.57.46:231][822]LogModuleManager: Shutting down and abandoning module AnimGraphRuntime (8)
[2017.02.12-19.57.46:235][822]LogModuleManager: Shutting down and abandoning module Renderer (7)
[2017.02.12-19.57.46:240][822]LogModuleManager: Shutting down and abandoning module Engine (6)
[2017.02.12-19.57.46:240][822]LogModuleManager: Shutting down and abandoning module CoreUObject (5)
[2017.02.12-19.57.46:240][822]LogModuleManager: Shutting down and abandoning module NetworkFile (4)
[2017.02.12-19.57.46:251][822]LogModuleManager: Shutting down and abandoning module StreamingFile (3)
[2017.02.12-19.57.46:273][822]LogModuleManager: Shutting down and abandoning module SandboxFile (2)
[2017.02.12-19.57.46:273][822]LogModuleManager: Shutting down and abandoning module PakFile (1)
[2017.02.12-19.57.46:323][822]LogExit: Exiting.
[2017.02.12-19.57.46:331][822]Log file closed, 02/12/17 16:57:46
