Log file open, 01/12/17 18:09:15
LogInit:Display: Running engine for game: CyberPunk_Unreal
LogPlatformFile: Not using cached read wrapper
LogInit:Display: RandInit(-1458935562) SRandInit(-1458935562).
LogTaskGraph: Started task graph with 5 named threads and 8 total threads with 1 sets of task threads.
LogStats: Stats thread started at 0.567698
LogPluginManager: Loaded Plugin Paper2D, From C:/Program Files (x86)/Epic Games/4.14/Engine/Plugins/2D/Paper2D/Paper2D.uplugin
LogPluginManager: Loaded Plugin LightPropagationVolume, From C:/Program Files (x86)/Epic Games/4.14/Engine/Plugins/Blendables/LightPropagationVolume/LightPropagationVolume.uplugin
LogPluginManager: Loaded Plugin BlankPlugin, From C:/Program Files (x86)/Epic Games/4.14/Engine/Plugins/Developer/BlankPlugin/BlankPlugin.uplugin
LogPluginManager: Loaded Plugin CodeLiteSourceCodeAccess, From C:/Program Files (x86)/Epic Games/4.14/Engine/Plugins/Developer/CodeLiteSourceCodeAccess/CodeLiteSourceCodeAccess.uplugin
LogPluginManager: Loaded Plugin GitSourceControl, From C:/Program Files (x86)/Epic Games/4.14/Engine/Plugins/Developer/GitSourceControl/GitSourceControl.uplugin
LogPluginManager: Loaded Plugin KDevelopSourceCodeAccess, From C:/Program Files (x86)/Epic Games/4.14/Engine/Plugins/Developer/KDevelopSourceCodeAccess/KDevelopSourceCodeAccess.uplugin
LogPluginManager: Loaded Plugin NullSourceCodeAccess, From C:/Program Files (x86)/Epic Games/4.14/Engine/Plugins/Developer/NullSourceCodeAccess/NullSourceCodeAccess.uplugin
LogPluginManager: Loaded Plugin OneSkyLocalizationService, From C:/Program Files (x86)/Epic Games/4.14/Engine/Plugins/Developer/OneSkyLocalizationService/OneSkyLocalizationService.uplugin
LogPluginManager: Loaded Plugin PerforceSourceControl, From C:/Program Files (x86)/Epic Games/4.14/Engine/Plugins/Developer/PerforceSourceControl/PerforceSourceControl.uplugin
LogPluginManager: Loaded Plugin SubversionSourceControl, From C:/Program Files (x86)/Epic Games/4.14/Engine/Plugins/Developer/SubversionSourceControl/SubversionSourceControl.uplugin
LogPluginManager: Loaded Plugin UObjectPlugin, From C:/Program Files (x86)/Epic Games/4.14/Engine/Plugins/Developer/UObjectPlugin/UObjectPlugin.uplugin
LogPluginManager: Loaded Plugin VisualStudioSourceCodeAccess, From C:/Program Files (x86)/Epic Games/4.14/Engine/Plugins/Developer/VisualStudioSourceCodeAccess/VisualStudioSourceCodeAccess.uplugin
LogPluginManager: Loaded Plugin XCodeSourceCodeAccess, From C:/Program Files (x86)/Epic Games/4.14/Engine/Plugins/Developer/XCodeSourceCodeAccess/XCodeSourceCodeAccess.uplugin
LogPluginManager: Loaded Plugin AudioCapture, From C:/Program Files (x86)/Epic Games/4.14/Engine/Plugins/Editor/AudioCapture/AudioCapture.uplugin
LogPluginManager: Loaded Plugin EpicSurvey, From C:/Program Files (x86)/Epic Games/4.14/Engine/Plugins/Editor/EpicSurvey/EpicSurvey.uplugin
LogPluginManager: Loaded Plugin MacGraphicsSwitching, From C:/Program Files (x86)/Epic Games/4.14/Engine/Plugins/Editor/MacGraphicsSwitching/MacGraphicsSwitching.uplugin
LogPluginManager: Loaded Plugin MobileLauncherProfileWizard, From C:/Program Files (x86)/Epic Games/4.14/Engine/Plugins/Editor/MobileLauncherProfileWizard/MobileLauncherProfileWizard.uplugin
LogPluginManager: Loaded Plugin PluginBrowser, From C:/Program Files (x86)/Epic Games/4.14/Engine/Plugins/Editor/PluginBrowser/PluginBrowser.uplugin
LogPluginManager: Loaded Plugin SpeedTreeImporter, From C:/Program Files (x86)/Epic Games/4.14/Engine/Plugins/Editor/SpeedTreeImporter/SpeedTreeImporter.uplugin
LogPluginManager: Loaded Plugin SuperSearchEditor, From C:/Program Files (x86)/Epic Games/4.14/Engine/Plugins/Editor/SuperSearchEditor/SuperSearchEditor.uplugin
LogPluginManager: Loaded Plugin AlembicImporter, From C:/Program Files (x86)/Epic Games/4.14/Engine/Plugins/Experimental/AlembicImporter/AlembicImporter.uplugin
LogPluginManager: Loaded Plugin BlueprintStats, From C:/Program Files (x86)/Epic Games/4.14/Engine/Plugins/Experimental/BlueprintStats/BlueprintStats.uplugin
LogPluginManager: Loaded Plugin CharacterAI, From C:/Program Files (x86)/Epic Games/4.14/Engine/Plugins/Experimental/CharacterAI/CharacterAI.uplugin
LogPluginManager: Loaded Plugin CodeEditor, From C:/Program Files (x86)/Epic Games/4.14/Engine/Plugins/Experimental/CodeEditor/CodeEditor.uplugin
LogPluginManager: Loaded Plugin CodeView, From C:/Program Files (x86)/Epic Games/4.14/Engine/Plugins/Experimental/CodeView/CodeView.uplugin
LogPluginManager: Loaded Plugin HTML5Networking, From C:/Program Files (x86)/Epic Games/4.14/Engine/Plugins/Experimental/HTML5Networking/HTML5Networking.uplugin
LogPluginManager: Loaded Plugin OSVR, From C:/Program Files (x86)/Epic Games/4.14/Engine/Plugins/Experimental/OSVR/OSVR.uplugin
LogPluginManager: Loaded Plugin Phya, From C:/Program Files (x86)/Epic Games/4.14/Engine/Plugins/Experimental/Phya/Phya.uplugin
LogPluginManager: Loaded Plugin SignificanceManager, From C:/Program Files (x86)/Epic Games/4.14/Engine/Plugins/Experimental/SignificanceManager/SignificanceManager.uplugin
LogPluginManager: Loaded Plugin SimpleHMD, From C:/Program Files (x86)/Epic Games/4.14/Engine/Plugins/Experimental/SimpleHMD/SimpleHMD.uplugin
LogPluginManager: Loaded Plugin StereoPanorama, From C:/Program Files (x86)/Epic Games/4.14/Engine/Plugins/Experimental/StereoPanorama/StereoPanorama.uplugin
LogPluginManager: Loaded Plugin StructBox, From C:/Program Files (x86)/Epic Games/4.14/Engine/Plugins/Experimental/StructBox/StructBox.uplugin
LogPluginManager: Loaded Plugin AndroidMedia, From C:/Program Files (x86)/Epic Games/4.14/Engine/Plugins/Media/AndroidMedia/AndroidMedia.uplugin
LogPluginManager: Loaded Plugin AvfMedia, From C:/Program Files (x86)/Epic Games/4.14/Engine/Plugins/Media/AvfMedia/AvfMedia.uplugin
LogPluginManager: Loaded Plugin MediaPlayerEditor, From C:/Program Files (x86)/Epic Games/4.14/Engine/Plugins/Media/MediaPlayerEditor/MediaPlayerEditor.uplugin
LogPluginManager: Loaded Plugin WmfMedia, From C:/Program Files (x86)/Epic Games/4.14/Engine/Plugins/Media/WmfMedia/WmfMedia.uplugin
LogPluginManager: Loaded Plugin MessagingDebugger, From C:/Program Files (x86)/Epic Games/4.14/Engine/Plugins/Messaging/MessagingDebugger/MessagingDebugger.uplugin
LogPluginManager: Loaded Plugin TcpMessaging, From C:/Program Files (x86)/Epic Games/4.14/Engine/Plugins/Messaging/TcpMessaging/TcpMessaging.uplugin
LogPluginManager: Loaded Plugin UdpMessaging, From C:/Program Files (x86)/Epic Games/4.14/Engine/Plugins/Messaging/UdpMessaging/UdpMessaging.uplugin
LogPluginManager: Loaded Plugin LevelSequenceEditor, From C:/Program Files (x86)/Epic Games/4.14/Engine/Plugins/MovieScene/LevelSequenceEditor/LevelSequenceEditor.uplugin
LogPluginManager: Loaded Plugin MatineeToLevelSequence, From C:/Program Files (x86)/Epic Games/4.14/Engine/Plugins/MovieScene/MatineeToLevelSequence/MatineeToLevelSequence.uplugin
LogPluginManager: Loaded Plugin NetcodeUnitTest, From C:/Program Files (x86)/Epic Games/4.14/Engine/Plugins/NetcodeUnitTest/NetcodeUnitTest/NetcodeUnitTest.uplugin
LogPluginManager: Loaded Plugin NUTUnrealEngine4, From C:/Program Files (x86)/Epic Games/4.14/Engine/Plugins/NetcodeUnitTest/NUTUnrealEngine4/NUTUnrealEngine4.uplugin
LogPluginManager: Loaded Plugin OnlineSubsystemGameCircle, From C:/Program Files (x86)/Epic Games/4.14/Engine/Plugins/Online/Android/OnlineSubsystemGameCircle/OnlineSubsystemGameCircle.uplugin
LogPluginManager: Loaded Plugin OnlineSubsystemGooglePlay, From C:/Program Files (x86)/Epic Games/4.14/Engine/Plugins/Online/Android/OnlineSubsystemGooglePlay/OnlineSubsystemGooglePlay.uplugin
LogPluginManager: Loaded Plugin OnlineSubsystemIOS, From C:/Program Files (x86)/Epic Games/4.14/Engine/Plugins/Online/IOS/OnlineSubsystemIOS/OnlineSubsystemIOS.uplugin
LogPluginManager: Loaded Plugin OnlineFramework, From C:/Program Files (x86)/Epic Games/4.14/Engine/Plugins/Online/OnlineFramework/OnlineFramework.uplugin
LogPluginManager: Loaded Plugin OnlineSubsystem, From C:/Program Files (x86)/Epic Games/4.14/Engine/Plugins/Online/OnlineSubsystem/OnlineSubsystem.uplugin
LogPluginManager: Loaded Plugin OnlineSubsystemAmazon, From C:/Program Files (x86)/Epic Games/4.14/Engine/Plugins/Online/OnlineSubsystemAmazon/OnlineSubsystemAmazon.uplugin
LogPluginManager: Loaded Plugin OnlineSubsystemFacebook, From C:/Program Files (x86)/Epic Games/4.14/Engine/Plugins/Online/OnlineSubsystemFacebook/OnlineSubsystemFacebook.uplugin
LogPluginManager: Loaded Plugin OnlineSubsystemNull, From C:/Program Files (x86)/Epic Games/4.14/Engine/Plugins/Online/OnlineSubsystemNull/OnlineSubsystemNull.uplugin
LogPluginManager: Loaded Plugin OnlineSubsystemOculus, From C:/Program Files (x86)/Epic Games/4.14/Engine/Plugins/Online/OnlineSubsystemOculus/OnlineSubsystemOculus.uplugin
LogPluginManager: Loaded Plugin OnlineSubsystemSteam, From C:/Program Files (x86)/Epic Games/4.14/Engine/Plugins/Online/OnlineSubsystemSteam/OnlineSubsystemSteam.uplugin
LogPluginManager: Loaded Plugin OnlineSubsystemUtils, From C:/Program Files (x86)/Epic Games/4.14/Engine/Plugins/Online/OnlineSubsystemUtils/OnlineSubsystemUtils.uplugin
LogPluginManager: Loaded Plugin IOSTapJoy, From C:/Program Files (x86)/Epic Games/4.14/Engine/Plugins/Runtime/Advertising/IOSTapJoy/IOSTapJoy.uplugin
LogPluginManager: Loaded Plugin AnalyticsBlueprintLibrary, From C:/Program Files (x86)/Epic Games/4.14/Engine/Plugins/Runtime/Analytics/AnalyticsBlueprintLibrary/AnalyticsBlueprintLibrary.uplugin
LogPluginManager: Loaded Plugin AnalyticsMulticast, From C:/Program Files (x86)/Epic Games/4.14/Engine/Plugins/Runtime/Analytics/AnalyticsMulticast/AnalyticsMulticast.uplugin
LogPluginManager: Loaded Plugin Apsalar, From C:/Program Files (x86)/Epic Games/4.14/Engine/Plugins/Runtime/Analytics/Apsalar/Apsalar.uplugin
LogPluginManager: Loaded Plugin FileLogging, From C:/Program Files (x86)/Epic Games/4.14/Engine/Plugins/Runtime/Analytics/FileLogging/FileLogging.uplugin
LogPluginManager: Loaded Plugin Flurry, From C:/Program Files (x86)/Epic Games/4.14/Engine/Plugins/Runtime/Analytics/Flurry/Flurry.uplugin
LogPluginManager: Loaded Plugin AndroidDeviceProfileSelector, From C:/Program Files (x86)/Epic Games/4.14/Engine/Plugins/Runtime/AndroidDeviceProfileSelector/AndroidDeviceProfileSelector.uplugin
LogPluginManager: Loaded Plugin AndroidMoviePlayer, From C:/Program Files (x86)/Epic Games/4.14/Engine/Plugins/Runtime/AndroidMoviePlayer/AndroidMoviePlayer.uplugin
LogPluginManager: Loaded Plugin AppleMoviePlayer, From C:/Program Files (x86)/Epic Games/4.14/Engine/Plugins/Runtime/AppleMoviePlayer/AppleMoviePlayer.uplugin
LogPluginManager: Loaded Plugin ArchVisCharacter, From C:/Program Files (x86)/Epic Games/4.14/Engine/Plugins/Runtime/ArchVisCharacter/ArchVisCharacter.uplugin
LogPluginManager: Loaded Plugin CableComponent, From C:/Program Files (x86)/Epic Games/4.14/Engine/Plugins/Runtime/CableComponent/CableComponent.uplugin
LogPluginManager: Loaded Plugin CustomMeshComponent, From C:/Program Files (x86)/Epic Games/4.14/Engine/Plugins/Runtime/CustomMeshComponent/CustomMeshComponent.uplugin
LogPluginManager: Loaded Plugin ExampleDeviceProfileSelector, From C:/Program Files (x86)/Epic Games/4.14/Engine/Plugins/Runtime/ExampleDeviceProfileSelector/ExampleDeviceProfileSelector.uplugin
LogPluginManager: Loaded Plugin GearVR, From C:/Program Files (x86)/Epic Games/4.14/Engine/Plugins/Runtime/GearVR/GearVR.uplugin
LogPluginManager: Loaded Plugin GoogleVRController, From C:/Program Files (x86)/Epic Games/4.14/Engine/Plugins/Runtime/GoogleVR/GoogleVRController/GoogleVRController.uplugin
LogPluginManager: Loaded Plugin GoogleVRHMD, From C:/Program Files (x86)/Epic Games/4.14/Engine/Plugins/Runtime/GoogleVR/GoogleVRHMD/GoogleVRHMD.uplugin
LogPluginManager: Loaded Plugin IOSDeviceProfileSelector, From C:/Program Files (x86)/Epic Games/4.14/Engine/Plugins/Runtime/IOSDeviceProfileSelector/IOSDeviceProfileSelector.uplugin
LogPluginManager: Loaded Plugin LeapMotion, From C:/Program Files (x86)/Epic Games/4.14/Engine/Plugins/Runtime/LeapMotion/LeapMotion.uplugin
LogPluginManager: Loaded Plugin LinuxDeviceProfileSelector, From C:/Program Files (x86)/Epic Games/4.14/Engine/Plugins/Runtime/LinuxDeviceProfileSelector/LinuxDeviceProfileSelector.uplugin
LogPluginManager: Loaded Plugin MIDIDevice, From C:/Program Files (x86)/Epic Games/4.14/Engine/Plugins/Runtime/MIDIDevice/MIDIDevice.uplugin
LogPluginManager: Loaded Plugin MobilePatchingUtils, From C:/Program Files (x86)/Epic Games/4.14/Engine/Plugins/Runtime/MobilePatchingUtils/MobilePatchingUtils.uplugin
LogPluginManager: Loaded Plugin Ansel, From C:/Program Files (x86)/Epic Games/4.14/Engine/Plugins/Runtime/Nvidia/Ansel/Ansel.uplugin
LogPluginManager: Loaded Plugin OculusAudio, From C:/Program Files (x86)/Epic Games/4.14/Engine/Plugins/Runtime/OculusAudio/OculusAudio.uplugin
LogPluginManager: Loaded Plugin OculusInput, From C:/Program Files (x86)/Epic Games/4.14/Engine/Plugins/Runtime/OculusInput/OculusInput.uplugin
LogPluginManager: Loaded Plugin OculusLibrary, From C:/Program Files (x86)/Epic Games/4.14/Engine/Plugins/Runtime/OculusLibrary/OculusLibrary.uplugin
LogPluginManager: Loaded Plugin OculusRift, From C:/Program Files (x86)/Epic Games/4.14/Engine/Plugins/Runtime/OculusRift/OculusRift.uplugin
LogPluginManager: Loaded Plugin Oodle, From C:/Program Files (x86)/Epic Games/4.14/Engine/Plugins/Runtime/PacketHandlers/CompressionComponents/Oodle/Oodle.uplugin
LogPluginManager: Loaded Plugin ProceduralMeshComponent, From C:/Program Files (x86)/Epic Games/4.14/Engine/Plugins/Runtime/ProceduralMeshComponent/ProceduralMeshComponent.uplugin
LogPluginManager: Loaded Plugin SoundMod, From C:/Program Files (x86)/Epic Games/4.14/Engine/Plugins/Runtime/SoundMod/SoundMod.uplugin
LogPluginManager: Loaded Plugin SoundVisualizations, From C:/Program Files (x86)/Epic Games/4.14/Engine/Plugins/Runtime/SoundVisualizations/SoundVisualizations.uplugin
LogPluginManager: Loaded Plugin SteamController, From C:/Program Files (x86)/Epic Games/4.14/Engine/Plugins/Runtime/Steam/SteamController/SteamController.uplugin
LogPluginManager: Loaded Plugin SteamVR, From C:/Program Files (x86)/Epic Games/4.14/Engine/Plugins/Runtime/Steam/SteamVR/SteamVR.uplugin
LogPluginManager: Loaded Plugin WebBrowserWidget, From C:/Program Files (x86)/Epic Games/4.14/Engine/Plugins/Runtime/WebBrowserWidget/WebBrowserWidget.uplugin
LogPluginManager: Loaded Plugin WindowsDeviceProfileSelector, From C:/Program Files (x86)/Epic Games/4.14/Engine/Plugins/Runtime/WindowsDeviceProfileSelector/WindowsDeviceProfileSelector.uplugin
LogPluginManager: Loaded Plugin WindowsMoviePlayer, From C:/Program Files (x86)/Epic Games/4.14/Engine/Plugins/Runtime/WindowsMoviePlayer/WindowsMoviePlayer.uplugin
LogPluginManager: Loaded Plugin ScriptPlugin, From C:/Program Files (x86)/Epic Games/4.14/Engine/Plugins/ScriptPlugin/ScriptPlugin.uplugin
LogPluginManager: Loaded Plugin SlateRemote, From C:/Program Files (x86)/Epic Games/4.14/Engine/Plugins/Slate/SlateRemote/SlateRemote.uplugin
LogPluginManager: Loaded Plugin EditorTests, From C:/Program Files (x86)/Epic Games/4.14/Engine/Plugins/Tests/EditorTests/EditorTests.uplugin
LogPluginManager: Loaded Plugin FbxAutomationTestBuilder, From C:/Program Files (x86)/Epic Games/4.14/Engine/Plugins/Tests/FbxAutomationTestBuilder/FbxAutomationTestBuilder.uplugin
LogPluginManager: Loaded Plugin FunctionalTestingEditor, From C:/Program Files (x86)/Epic Games/4.14/Engine/Plugins/Tests/FunctionalTestingEditor/FunctionalTestingEditor.uplugin
LogPluginManager: Loaded Plugin RuntimeTests, From C:/Program Files (x86)/Epic Games/4.14/Engine/Plugins/Tests/RuntimeTests/RuntimeTests.uplugin
LogPluginManager: Loaded Plugin ScreenshotTools, From C:/Program Files (x86)/Epic Games/4.14/Engine/Plugins/Tests/ScreenshotTools/ScreenshotTools.uplugin
LogInit: Using libcurl 7.47.1
LogInit:  - built for x86_64-pc-win32
LogInit:  - supports SSL with OpenSSL/1.0.2g
LogInit:  - supports HTTP deflate (compression) using libz 1.2.8
LogInit:  - other features:
LogInit:      CURL_VERSION_SSL
LogInit:      CURL_VERSION_LIBZ
LogInit:      CURL_VERSION_IPV6
LogInit:      CURL_VERSION_ASYNCHDNS
LogInit:      CURL_VERSION_LARGEFILE
LogInit:      CURL_VERSION_IDN
LogInit:  CurlRequestOptions (configurable via config and command line):
LogInit:  - bVerifyPeer = false  - Libcurl will NOT verify peer certificate
LogInit:  - bUseHttpProxy = false  - Libcurl will NOT use HTTP proxy
LogInit:  - bDontReuseConnections = false  - Libcurl will reuse connections
LogInit:  - CertBundlePath = nullptr  - Libcurl will use whatever was configured at build time.
LogInit: Build: ++UE4+Release-4.14-CL-3241561
LogInit: Engine Version: 4.14.2-3241561+++UE4+Release-4.14
LogInit: Compatible Engine Version: 4.14.0-3195953+++UE4+Release-4.14
LogInit: Net CL: 3195953
LogDevObjectVersion: Number of dev versions registered: 13
LogDevObjectVersion:   Dev-Blueprints (B0D832E4-1F89-4F0D-ACCF-7EB736FD4AA2): 7
LogDevObjectVersion:   Dev-Build (E1C64328-A22C-4D53-A36C-8E866417BD8C): 0
LogDevObjectVersion:   Dev-Core (375EC13C-06E4-48FB-B500-84F0262A717E): 1
LogDevObjectVersion:   Dev-Editor (E4B068ED-F494-42E9-A231-DA0B2E46BB41): 8
LogDevObjectVersion:   Dev-Framework (CFFC743F-43B0-4480-9391-14DF171D2073): 17
LogDevObjectVersion:   Dev-Mobile (B02B49B5-BB20-44E9-A304-32B752E40360): 0
LogDevObjectVersion:   Dev-Networking (A4E4105C-59A1-49B5-A7C5-40C4547EDFEE): 0
LogDevObjectVersion:   Dev-Online (39C831C9-5AE6-47DC-9A44-9C173E1C8E7C): 0
LogDevObjectVersion:   Dev-Physics (78F01B33-EBEA-4F98-B9B4-84EACCB95AA2): 0
LogDevObjectVersion:   Dev-Platform (6631380F-2D4D-43E0-8009-CF276956A95A): 0
LogDevObjectVersion:   Dev-Rendering (12F88B9F-8875-4AFC-A67C-D90C383ABD29): 12
LogDevObjectVersion:   Dev-Sequencer (7B5AE74C-D270-4C10-A958-57980B212A5A): 1
LogDevObjectVersion:   Dev-VR (D7296918-1DD6-4BDD-9DE2-64A83CC13884): 0
LogInit: Compiled (64-bit): Dec 21 2016 02:13:27
LogInit: Compiled with Visual C++: 19.00.23026.00
LogInit: Build Configuration: Development
LogInit: Branch Name: ++UE4+Release-4.14
LogInit: Command line:  
LogInit: Base directory: C:/Program Files (x86)/Epic Games/4.14/Engine/Binaries/Win64/
LogInit: Installed Engine Build: 1
LogInit: Presizing for max 8388607 objects, including 0 objects not considered by GC, pre-allocating 0 bytes for permanent pool.
LogInit: Object subsystem initialized
[2017.01.12-21.09.15:645][  0]LogInit: Selected Device Profile: [Windows]
[2017.01.12-21.09.15:645][  0]LogInit: Applying CVar settings loaded from the selected device profile: [Windows]
[2017.01.12-21.09.15:684][  0]LogInit: Computer: DESKTOP-CNJIFR0
[2017.01.12-21.09.15:684][  0]LogInit: User: alefr
[2017.01.12-21.09.15:684][  0]LogInit: CPU Page size=65536, Cores=4
[2017.01.12-21.09.15:684][  0]LogInit: High frequency timer resolution =3.222679 MHz
[2017.01.12-21.09.15:684][  0]LogMemory: Memory total: Physical=7.9GB (8GB approx)
[2017.01.12-21.09.15:684][  0]LogMemory: Platform Memory Stats for Windows
[2017.01.12-21.09.15:684][  0]LogMemory: Process Physical Memory: 263.92 MB used, 263.92 MB peak
[2017.01.12-21.09.15:684][  0]LogMemory: Process Virtual Memory: 262.62 MB used, 262.62 MB peak
[2017.01.12-21.09.15:684][  0]LogMemory: Physical Memory: 4450.89 MB used,  3684.04 MB free, 8134.93 MB total
[2017.01.12-21.09.15:684][  0]LogMemory: Virtual Memory: 675.63 MB used,  3684.04 MB free, 134217728.00 MB total
[2017.01.12-21.09.16:225][  0]LogInit: Overriding culture pt-BR with editor configuration.
[2017.01.12-21.09.20:314][  0]LogD3D11RHI: D3D11 adapters:
[2017.01.12-21.09.20:829][  0]LogD3D11RHI:    0. 'NVIDIA GeForce GTX 1060 6GB' (Feature Level 11_0)
[2017.01.12-21.09.20:829][  0]LogD3D11RHI:       6100/0/4067 MB DedicatedVideo/DedicatedSystem/SharedSystem, Outputs:1, VendorId:0x10de
[2017.01.12-21.09.20:831][  0]LogD3D11RHI:    1. 'Microsoft Basic Render Driver' (Feature Level 11_0)
[2017.01.12-21.09.20:831][  0]LogD3D11RHI:       0/0/4067 MB DedicatedVideo/DedicatedSystem/SharedSystem, Outputs:0, VendorId:0x1414
[2017.01.12-21.09.20:831][  0]LogD3D11RHI: Chosen D3D11 Adapter: 0
[2017.01.12-21.09.20:835][  0]LogD3D11RHI: Creating new Direct3DDevice
[2017.01.12-21.09.20:835][  0]LogD3D11RHI:     GPU DeviceId: 0x1c03 (for the marketing name, search the web for "GPU Device Id")
[2017.01.12-21.09.20:835][  0]LogWindows: EnumDisplayDevices:
[2017.01.12-21.09.20:835][  0]LogWindows:    0. 'NVIDIA GeForce GTX 1060 6GB' (P:1 D:1)
[2017.01.12-21.09.20:835][  0]LogWindows:    1. 'NVIDIA GeForce GTX 1060 6GB' (P:0 D:0)
[2017.01.12-21.09.20:835][  0]LogWindows:    2. 'NVIDIA GeForce GTX 1060 6GB' (P:0 D:0)
[2017.01.12-21.09.20:835][  0]LogWindows:    3. 'NVIDIA GeForce GTX 1060 6GB' (P:0 D:0)
[2017.01.12-21.09.20:835][  0]LogWindows: DebugString: FoundDriverCount:4 
[2017.01.12-21.09.20:835][  0]LogD3D11RHI:     Adapter Name: NVIDIA GeForce GTX 1060 6GB
[2017.01.12-21.09.20:835][  0]LogD3D11RHI:   Driver Version: 376.33 (internal:21.21.13.7633, unified:376.33)
[2017.01.12-21.09.20:835][  0]LogD3D11RHI:      Driver Date: 12-11-2016
[2017.01.12-21.09.20:835][  0]LogRHI: Texture pool is 1361 MB (70% of 1945 MB)
[2017.01.12-21.09.21:323][  0]LogD3D11RHI: Async texture creation enabled
[2017.01.12-21.09.21:396][  0]LogD3D11RHI: GPU Timing Frequency: 1000.000000 (Debug: 2 1)
[2017.01.12-21.09.21:396][  0]LogShaderCompilers: Guid format shader working directory is -11 characters bigger than the processId version (D:/AlefRGamer/Documents/Unreal Projects/CyberPunk_Unreal/Intermediate/Shaders/WorkingDirectory/18080/).
[2017.01.12-21.09.21:397][  0]LogShaderCompilers: Cleaned the shader compiler working directory 'C:/Users/alefr/AppData/Local/Temp/UnrealShaderWorkingDir/B063879144F38F6D5143DE8CB89B739B/'.
[2017.01.12-21.09.21:397][  0]LogShaderCompilers:Display: Using Local Shader Compiler.
[2017.01.12-21.09.24:811][  0]LogTemp:Display: Loaded TP AllDesktopTargetPlatform
[2017.01.12-21.09.24:877][  0]LogTemp:Display: Loaded TP MacClientTargetPlatform
[2017.01.12-21.09.24:941][  0]LogTemp:Display: Loaded TP MacNoEditorTargetPlatform
[2017.01.12-21.09.25:004][  0]LogTemp:Display: Loaded TP MacServerTargetPlatform
[2017.01.12-21.09.25:073][  0]LogTemp:Display: Loaded TP MacTargetPlatform
[2017.01.12-21.09.25:134][  0]LogTemp:Display: Loaded TP WindowsClientTargetPlatform
[2017.01.12-21.09.25:195][  0]LogTemp:Display: Loaded TP WindowsNoEditorTargetPlatform
[2017.01.12-21.09.25:258][  0]LogTemp:Display: Loaded TP WindowsServerTargetPlatform
[2017.01.12-21.09.25:309][  0]LogTemp:Display: Loaded TP WindowsTargetPlatform
[2017.01.12-21.09.25:375][  0]LogTemp:Display: Loaded TP AndroidTargetPlatform
[2017.01.12-21.09.25:436][  0]LogTemp:Display: Loaded TP Android_ASTCTargetPlatform
[2017.01.12-21.09.25:496][  0]LogTemp:Display: Loaded TP Android_ATCTargetPlatform
[2017.01.12-21.09.25:559][  0]LogTemp:Display: Loaded TP Android_DXTTargetPlatform
[2017.01.12-21.09.25:620][  0]LogTemp:Display: Loaded TP Android_ETC1TargetPlatform
[2017.01.12-21.09.25:680][  0]LogTemp:Display: Loaded TP Android_ETC2TargetPlatform
[2017.01.12-21.09.25:803][  0]LogTemp:Display: Loaded TP Android_MultiTargetPlatform
[2017.01.12-21.09.25:803][  0]LogTemp:Display: Loaded TP Android_PVRTCTargetPlatform
[2017.01.12-21.09.25:847][  0]LogTemp:Display: Loaded TP HTML5TargetPlatform
[2017.01.12-21.09.26:002][  0]LogTemp:Display: Loaded TP IOSTargetPlatform
[2017.01.12-21.09.26:041][  0]LogTemp:Display: Loaded TP TVOSTargetPlatform
[2017.01.12-21.09.26:101][  0]LogTemp:Display: Loaded TP LinuxClientTargetPlatform
[2017.01.12-21.09.26:162][  0]LogTemp:Display: Loaded TP LinuxNoEditorTargetPlatform
[2017.01.12-21.09.26:242][  0]LogTemp:Display: Loaded TP LinuxServerTargetPlatform
[2017.01.12-21.09.26:318][  0]LogTemp:Display: Loaded TP LinuxTargetPlatform
[2017.01.12-21.09.26:318][  0]LogTargetPlatformManager:Display: Building Assets For Windows
[2017.01.12-21.09.27:281][  0]LogDerivedDataCache:Display: Max Cache Size: 512 MB
[2017.01.12-21.09.27:346][  0]LogDerivedDataCache: Loaded boot cache 0.07s 50MB C:/Users/alefr/AppData/Local/UnrealEngine/4.14/DerivedDataCache/Boot.ddc.
[2017.01.12-21.09.27:346][  0]LogDerivedDataCache:Display: Loaded Boot cache: C:/Users/alefr/AppData/Local/UnrealEngine/4.14/DerivedDataCache/Boot.ddc
[2017.01.12-21.09.27:346][  0]LogDerivedDataCache: FDerivedDataBackendGraph:  Pak pak cache file D:/AlefRGamer/Documents/Unreal Projects/CyberPunk_Unreal/DerivedDataCache/DDC.ddp not found, will not use a pak cache.
[2017.01.12-21.09.27:346][  0]LogDerivedDataCache: Unable to find inner node Pak for hierarchical cache Hierarchy.
[2017.01.12-21.09.27:346][  0]LogDerivedDataCache: FDerivedDataBackendGraph:  CompressedPak pak cache file D:/AlefRGamer/Documents/Unreal Projects/CyberPunk_Unreal/DerivedDataCache/Compressed.ddp not found, will not use a pak cache.
[2017.01.12-21.09.27:346][  0]LogDerivedDataCache: Unable to find inner node CompressedPak for hierarchical cache Hierarchy.
[2017.01.12-21.09.27:368][  0]LogDerivedDataCache:Display: Pak cache opened for reading ../../../Engine/DerivedDataCache/Compressed.ddp.
[2017.01.12-21.09.27:381][  0]LogDerivedDataCache: Using Local data cache path C:/Users/alefr/AppData/Local/UnrealEngine/Common/DerivedDataCache: Writable
[2017.01.12-21.09.33:260][  0]LogInit: Selected Device Profile: [Windows]
[2017.01.12-21.09.33:265][  0]LogContentStreaming: Texture pool size is 0.00 MB
[2017.01.12-21.09.33:577][  0]LogMeshUtilities: Using QuadricMeshReduction for automatic static mesh reduction
[2017.01.12-21.09.33:627][  0]LogSimplygon: Simplygon DLL not present - disabling.
[2017.01.12-21.09.33:680][  0]LogMeshUtilities: Using SimplygonSwarm for distributed automatic mesh merging
[2017.01.12-21.09.33:680][  0]LogMeshUtilities: No automatic skeletal mesh reduction module available
[2017.01.12-21.09.33:680][  0]LogMeshUtilities: No automatic mesh merging module available
[2017.01.12-21.09.35:349][  0]LogNetVersion: GetLocalNetworkVersion: CL: 3195953, ProjectName: cyberpunk_unreal, ProjectVersion: , EngineNetworkVersion: 2, GameNetworkVersion: 0, NetworkChecksum: 201121590
[2017.01.12-21.09.35:432][  0]LogAssetRegistry: FAssetRegistry took 0.0218 seconds to start up
[2017.01.12-21.09.35:484][  0]LogPackageLocalizationCache: Processed 3 localized package path(s) for 2 prioritized culture(s) in 0.023808 seconds
[2017.01.12-21.09.35:491][  0]LogUObjectArray: 31946 objects as part of root set at end of initial load.
[2017.01.12-21.09.35:491][  0]LogUObjectAllocator: 6935840 out of 0 bytes used by permanent object pool.
[2017.01.12-21.09.35:491][  0]LogUObjectArray: CloseDisregardForGC: 0/0 objects in disregard for GC pool
[2017.01.12-21.09.35:587][  0]LogInit: WinSock: version 1.1 (2.2), MaxSocks=32767, MaxUdp=65467
[2017.01.12-21.09.36:669][  0]LogSlate: Using Freetype 2.6.0
[2017.01.12-21.09.36:775][  0]LogSlate: SlateFontCache - WITH_FREETYPE: 1, WITH_HARFBUZZ: 1
[2017.01.12-21.09.36:775][  0]LogSlate: SlateFontCache - WITH_FREETYPE: 1, WITH_HARFBUZZ: 1
[2017.01.12-21.09.54:450][  0]LogTcpMessaging: Initializing TcpMessaging bridge
[2017.01.12-21.09.54:500][  0]LogUdpMessaging: Initializing bridge on interface 0.0.0.0:0 to multicast group 230.0.0.1:6666.
[2017.01.12-21.09.55:238][  0]LogMaterial: Uniform references updated for custom material expression Custom.
[2017.01.12-21.09.55:780][  0]SourceControl: Informações Controle de origem desativado
[2017.01.12-21.09.56:033][  0]SourceControl: Informações Controle de origem desativado
[2017.01.12-21.09.56:092][  0]SourceControl: Informações Controle de origem desativado
[2017.01.12-21.09.56:148][  0]SourceControl: Informações Controle de origem desativado
[2017.01.12-21.09.57:981][  0]LogEngine: Initializing Engine...
[2017.01.12-21.09.57:981][  0]LogHMD: Failed to initialize OpenVR with code 110
[2017.01.12-21.09.58:351][  0]LogAIModule: Creating AISystem for world Untitled
[2017.01.12-21.09.58:357][  0]LogInit: XAudio2 using 'Alto-falantes (VIA HD Audio(Win 10))' : 2 channels at 48 kHz using 32 bits per sample (channel mask 0x3)
[2017.01.12-21.09.58:373][  0]LogInit: FAudioDevice initialized.
[2017.01.12-21.09.58:402][  0]LogDerivedDataCache: Saved boot cache 0.03s 50MB C:/Users/alefr/AppData/Local/UnrealEngine/4.14/DerivedDataCache/Boot.ddc.
[2017.01.12-21.09.58:414][  0]LogInit: Texture streaming: Enabled
[2017.01.12-21.09.58:649][  0]LogInit: Transaction tracking system initialized
[2017.01.12-21.09.59:084][  0]BlueprintLog: New page: Carregar Editor
[2017.01.12-21.10.00:268][  0]LocalizationService: Informações Localization service is disabled
[2017.01.12-21.10.01:759][  0]LogConsoleResponse:Display: 
[2017.01.12-21.10.02:597][  0]LogCook:Display: Max memory allowance for cook 16384mb min free memory 0mb
[2017.01.12-21.10.02:597][  0]LogCook:Display: Mobile HDR setting 1
[2017.01.12-21.10.02:625][  0]LogFileCache: Scanning file cache for directory 'D:/AlefRGamer/Documents/Unreal Projects/CyberPunk_Unreal/Content/' took 0.01s
[2017.01.12-21.10.04:073][  0]SourceControl: Informações Controle de origem desativado
[2017.01.12-21.10.04:073][  0]Cmd: MAP LOAD FILE="D:/AlefRGamer/Documents/Unreal Projects/CyberPunk_Unreal/Content/ThirdPersonBP/Maps/ThirdPersonExampleMap.umap" TEMPLATE=0 SHOWPROGRESS=1 FEATURELEVEL=3
[2017.01.12-21.10.04:073][  0]LightingResults: New page: Compilação de Iluminação
[2017.01.12-21.10.04:123][  0]MapCheck: New page: Verificação de Mapa
[2017.01.12-21.10.04:123][  0]LightingResults: New page: Compilação de Iluminação
[2017.01.12-21.10.12:891][  0]LogAIModule: Creating AISystem for world ThirdPersonExampleMap
[2017.01.12-21.10.13:198][  0]LogEditorServer: Finished looking for orphan Actors (0.000 secs)
[2017.01.12-21.10.13:199][  0]Cmd: MAP CHECKDEP NOCLEARLOG
[2017.01.12-21.10.13:255][  0]MapCheck: Informações Map check complete: 0 Error(s), 0 Warning(s), took 56,456ms to complete.
[2017.01.12-21.10.13:255][  0]LogFileHelpers: Loading map 'ThirdPersonExampleMap' took 9.182
[2017.01.12-21.10.13:683][  0]LogCollectionManager: Loaded 0 collections in 0.001616 seconds
[2017.01.12-21.10.13:850][  0]LogFileCache: Scanning file cache for directory 'D:/AlefRGamer/Documents/Unreal Projects/CyberPunk_Unreal/Saved/Collections/' took 0.01s
[2017.01.12-21.10.13:850][  0]LogFileCache: Scanning file cache for directory 'D:/AlefRGamer/Documents/Unreal Projects/CyberPunk_Unreal/Content/Developers/alefr/Collections/' took 0.01s
[2017.01.12-21.10.13:850][  0]LogFileCache: Scanning file cache for directory 'D:/AlefRGamer/Documents/Unreal Projects/CyberPunk_Unreal/Content/Collections/' took 0.01s
[2017.01.12-21.10.13:850][  0]LogCollectionManager: Rebuilt the GUID cache for 0 collections in 0.000002 seconds
[2017.01.12-21.10.13:861][  0]LogContentBrowser: Native class hierarchy populated in 0.0103 seconds. Added 2192 classes and 432 folders.
[2017.01.12-21.10.13:912][  0]LogStats: UGameplayTagsManager::ConstructGameplayTagTree: Construct from data asset -  0.000 s
[2017.01.12-21.10.13:912][  0]LogStats: UGameplayTagsManager::ConstructGameplayTagTree: GameplayTagTreeChangedEvent.Broadcast -  0.000 s
[2017.01.12-21.10.13:914][  0]LogContentBrowser: Native class hierarchy updated for 'GameplayTags' in 0.0012 seconds. Added 13 classes and 0 folders.
[2017.01.12-21.10.14:000][  0]LogContentBrowser: Native class hierarchy updated for 'WidgetCarousel' in 0.0012 seconds. Added 0 classes and 0 folders.
[2017.01.12-21.10.14:714][  0]LogContentBrowser: Native class hierarchy updated for 'AddContentDialog' in 0.0012 seconds. Added 0 classes and 0 folders.
[2017.01.12-21.10.14:816][  0]LogCrashTracker: Crashtracker disabled due to settings.
[2017.01.12-21.10.14:824][  0]LogUObjectGlobals:Warning: Falha ao encontrar objeto “Class Nenhum.”
[2017.01.12-21.10.14:903][  0]LogContentBrowser: Native class hierarchy updated for 'HierarchicalLODOutliner' in 0.0018 seconds. Added 1 classes and 2 folders.
[2017.01.12-21.10.14:904][  0]LogLoad: (Engine Initialization) Total time: 66.25 seconds
[2017.01.12-21.10.14:904][  0]LogLoad: (Engine Initialization) Total Blueprint compile time: 0.24 seconds
[2017.01.12-21.10.14:904][  0]LogExternalProfiler: Found external profiler: VSPerf
[2017.01.12-21.10.14:904][  0]LogExternalProfiler: Using external profiler: VSPerf
[2017.01.12-21.10.15:244][  0]LogOcInput: OculusInput pre-init called
[2017.01.12-21.10.15:280][  0]LogContentStreaming: Texture pool size now 3000 MB
[2017.01.12-21.10.15:570][  0]LogRenderer: Reallocating scene render targets to support 1116x480 NumSamples 1 (Frame:2).
[2017.01.12-21.10.15:856][  1]LogAssetRegistry: Asset discovery search completed in 40.4463 seconds
[2017.01.12-21.10.15:857][  1]LogCollectionManager: Rebuilt the object cache for 0 collections in 0.000002 seconds (found 0 objects)
[2017.01.12-21.10.15:857][  1]LogCollectionManager: Fixed up redirectors for 0 collections in 0.000121 seconds (updated 0 objects)
[2017.01.12-21.12.14:352][634]LogSkeletalMesh: InitArticulated: Bodies already created (/Engine/Transient.DebugSkelMeshComponent_0) - call TermArticulated first.
[2017.01.12-21.12.56:697][239]LogWindowsTextInputMethodSystem:Display: IME system now deactivated.
[2017.01.12-21.12.56:902][240]Cmd: QUIT_EDITOR
[2017.01.12-21.12.56:951][240]LogExit: Preparing to exit.
[2017.01.12-21.12.57:710][240]LogExit: Editor shut down
[2017.01.12-21.12.57:711][240]LogExit: Transaction tracking system shut down
[2017.01.12-21.12.57:772][240]LogObj: Freed 0b from 0 cluster array pools.
[2017.01.12-21.12.57:772][240]LogExit: Object subsystem successfully closed.
[2017.01.12-21.12.57:786][240]LogD3D11RHI: Shutdown
[2017.01.12-21.12.57:786][240]LogD3D11RHI: CleanupD3DDevice
[2017.01.12-21.12.57:888][240]LogD3D11RHI: ~FD3D11DynamicRHI
[2017.01.12-21.12.57:909][240]LogHttp:Display: Http module shutting down, but needs to wait on 1 outstanding Http requests:
[2017.01.12-21.12.57:909][240]LogHttp:Display: 	verb=[POST] url=[https://datarouter.ol.epicgames.com/datarouter/api/v1/public/data?SessionID=%7BE31CF00F-4956-6BDA-6176-268FD3ABBEBB%7D&AppID=UEEditor.Rocket.Release&AppVersion=4.14.2-3241561%2B%2B%2BUE4%2BRelease-4.14&UserID=52ed3b3d4ce3abbda4cbe5b908f59371%7C03bd44dd75f444429f532cbb07098575%7C0e4b8cd2-7ff2-4dea-a4a2-ac050ab251d5&AppEnvironment=datacollector-binary&UploadType=eteventstream] status=Processing
[2017.01.12-21.12.57:926][240]LogModuleManager: Shutting down and abandoning module SkeletonEditor (244)
[2017.01.12-21.12.57:926][240]LogModuleManager: Shutting down and abandoning module AnimationEditor (243)
[2017.01.12-21.12.57:926][240]LogModuleManager: Shutting down and abandoning module HierarchicalLODOutliner (242)
[2017.01.12-21.12.57:926][240]LogModuleManager: Shutting down and abandoning module CrashTracker (241)
[2017.01.12-21.12.57:926][240]LogModuleManager: Shutting down and abandoning module WidgetCarousel (240)
[2017.01.12-21.12.57:926][240]LogModuleManager: Shutting down and abandoning module AddContentDialog (239)
[2017.01.12-21.12.57:926][240]LogDirectoryWatcher: A directory notification for 'C:/Program Files (x86)/Epic Games/4.14/FeaturePacks/' was aborted.
[2017.01.12-21.12.57:927][240]LogModuleManager: Shutting down and abandoning module GameplayTags (238)
[2017.01.12-21.12.57:927][240]LogModuleManager: Shutting down and abandoning module EditorWidgets (237)
[2017.01.12-21.12.57:927][240]LogModuleManager: Shutting down and abandoning module CollectionManager (236)
[2017.01.12-21.12.57:927][240]LogDirectoryWatcher: A directory notification for 'D:/AlefRGamer/Documents/Unreal Projects/CyberPunk_Unreal/Content/Collections/' was aborted.
[2017.01.12-21.12.57:927][240]LogDirectoryWatcher: A directory notification for 'D:/AlefRGamer/Documents/Unreal Projects/CyberPunk_Unreal/Content/Developers/alefr/Collections/' was aborted.
[2017.01.12-21.12.57:927][240]LogDirectoryWatcher: A directory notification for 'D:/AlefRGamer/Documents/Unreal Projects/CyberPunk_Unreal/Saved/Collections/' was aborted.
[2017.01.12-21.12.57:927][240]LogModuleManager: Shutting down and abandoning module SceneOutliner (235)
[2017.01.12-21.12.57:927][240]LogModuleManager: Shutting down and abandoning module StatsViewer (234)
[2017.01.12-21.12.57:927][240]LogModuleManager: Shutting down and abandoning module FoliageEdit (233)
[2017.01.12-21.12.57:927][240]LogModuleManager: Shutting down and abandoning module LandscapeEditor (232)
[2017.01.12-21.12.57:928][240]LogModuleManager: Shutting down and abandoning module SceneDepthPickerMode (231)
[2017.01.12-21.12.57:928][240]LogModuleManager: Shutting down and abandoning module ActorPickerMode (230)
[2017.01.12-21.12.57:928][240]LogModuleManager: Shutting down and abandoning module GeometryMode (229)
[2017.01.12-21.12.57:928][240]LogModuleManager: Shutting down and abandoning module TextureAlignMode (228)
[2017.01.12-21.12.57:928][240]LogModuleManager: Shutting down and abandoning module BspMode (227)
[2017.01.12-21.12.57:928][240]LogModuleManager: Shutting down and abandoning module HardwareSurvey (226)
[2017.01.12-21.12.57:928][240]LogModuleManager: Shutting down and abandoning module SequenceRecorderSections (225)
[2017.01.12-21.12.57:928][240]LogModuleManager: Shutting down and abandoning module AutomationWorker (224)
[2017.01.12-21.12.57:928][240]LogModuleManager: Shutting down and abandoning module MatineeToLevelSequence (223)
[2017.01.12-21.12.57:928][240]LogModuleManager: Shutting down and abandoning module PlacementMode (222)
[2017.01.12-21.12.57:928][240]LogModuleManager: Shutting down and abandoning module LevelSequenceEditor (221)
[2017.01.12-21.12.57:928][240]LogModuleManager: Shutting down and abandoning module WmfMediaFactory (220)
[2017.01.12-21.12.57:928][240]LogModuleManager: Shutting down and abandoning module WmfMediaEditor (219)
[2017.01.12-21.12.57:928][240]LogModuleManager: Shutting down and abandoning module AvfMediaFactory (218)
[2017.01.12-21.12.57:928][240]LogModuleManager: Shutting down and abandoning module AvfMediaEditor (217)
[2017.01.12-21.12.57:928][240]LogModuleManager: Shutting down and abandoning module Media (216)
[2017.01.12-21.12.57:928][240]LogModuleManager: Shutting down and abandoning module AndroidMediaFactory (215)
[2017.01.12-21.12.57:928][240]LogModuleManager: Shutting down and abandoning module AndroidMediaEditor (214)
[2017.01.12-21.12.57:928][240]LogModuleManager: Shutting down and abandoning module CharacterAI (213)
[2017.01.12-21.12.57:928][240]LogModuleManager: Shutting down and abandoning module SequenceRecorder (212)
[2017.01.12-21.12.57:928][240]LogModuleManager: Shutting down and abandoning module AudioCapture (211)
[2017.01.12-21.12.57:928][240]LogModuleManager: Shutting down and abandoning module SmartSnapping (210)
[2017.01.12-21.12.57:928][240]LogModuleManager: Shutting down and abandoning module SessionServices (209)
[2017.01.12-21.12.57:928][240]LogModuleManager: Shutting down and abandoning module ViewportSnapping (208)
[2017.01.12-21.12.57:928][240]LogModuleManager: Shutting down and abandoning module ViewportInteraction (207)
[2017.01.12-21.12.57:928][240]LogModuleManager: Shutting down and abandoning module LogVisualizer (206)
[2017.01.12-21.12.57:928][240]LogModuleManager: Shutting down and abandoning module GameProjectGeneration (205)
[2017.01.12-21.12.57:928][240]LogModuleManager: Shutting down and abandoning module IntroTutorials (204)
[2017.01.12-21.12.57:928][240]LogModuleManager: Shutting down and abandoning module EditorLiveStreaming (203)
[2017.01.12-21.12.57:928][240]LogModuleManager: Shutting down and abandoning module IOSPlatformEditor (202)
[2017.01.12-21.12.57:928][240]LogModuleManager: Shutting down and abandoning module HTML5PlatformEditor (201)
[2017.01.12-21.12.57:928][240]LogModuleManager: Shutting down and abandoning module AndroidDeviceDetection (200)
[2017.01.12-21.12.58:285][240]LogModuleManager: Shutting down and abandoning module AndroidPlatformEditor (199)
[2017.01.12-21.12.58:285][240]LogModuleManager: Shutting down and abandoning module IOSRuntimeSettings (198)
[2017.01.12-21.12.58:285][240]LogModuleManager: Shutting down and abandoning module AndroidRuntimeSettings (197)
[2017.01.12-21.12.58:285][240]LogModuleManager: Shutting down and abandoning module InputBindingEditor (196)
[2017.01.12-21.12.58:285][240]LogModuleManager: Shutting down and abandoning module NiagaraEditor (195)
[2017.01.12-21.12.58:285][240]LogModuleManager: Shutting down and abandoning module MergeActors (194)
[2017.01.12-21.12.58:285][240]LogModuleManager: Shutting down and abandoning module SizeMap (193)
[2017.01.12-21.12.58:285][240]LogModuleManager: Shutting down and abandoning module TreeMap (192)
[2017.01.12-21.12.58:285][240]LogModuleManager: Shutting down and abandoning module ReferenceViewer (191)
[2017.01.12-21.12.58:285][240]LogModuleManager: Shutting down and abandoning module LocalizationService (190)
[2017.01.12-21.12.58:285][240]LogModuleManager: Shutting down and abandoning module LocalizationDashboard (189)
[2017.01.12-21.12.58:285][240]LogModuleManager: Shutting down and abandoning module HardwareTargeting (188)
[2017.01.12-21.12.58:285][240]LogModuleManager: Shutting down and abandoning module DeviceProfileEditor (187)
[2017.01.12-21.12.58:285][240]LogModuleManager: Shutting down and abandoning module UndoHistory (186)
[2017.01.12-21.12.58:285][240]LogModuleManager: Shutting down and abandoning module UserFeedback (185)
[2017.01.12-21.12.58:285][240]LogModuleManager: Shutting down and abandoning module XmlParser (184)
[2017.01.12-21.12.58:286][240]LogModuleManager: Shutting down and abandoning module Blutility (183)
[2017.01.12-21.12.58:286][240]LogModuleManager: Shutting down and abandoning module ProjectTargetPlatformEditor (182)
[2017.01.12-21.12.58:286][240]LogModuleManager: Shutting down and abandoning module ProjectSettingsViewer (181)
[2017.01.12-21.12.58:286][240]LogModuleManager: Shutting down and abandoning module EditorSettingsViewer (180)
[2017.01.12-21.12.58:286][240]LogModuleManager: Shutting down and abandoning module SettingsEditor (179)
[2017.01.12-21.12.58:286][240]LogModuleManager: Shutting down and abandoning module ProjectLauncher (178)
[2017.01.12-21.12.58:286][240]LogModuleManager: Shutting down and abandoning module SessionFrontend (177)
[2017.01.12-21.12.58:286][240]LogModuleManager: Shutting down and abandoning module ProfilerClient (176)
[2017.01.12-21.12.58:286][240]LogModuleManager: Shutting down and abandoning module TargetDeviceServices (175)
[2017.01.12-21.12.58:286][240]LogModuleManager: Shutting down and abandoning module DeviceManager (174)
[2017.01.12-21.12.58:329][240]LogModuleManager: Shutting down and abandoning module AutomationController (173)
[2017.01.12-21.12.58:329][240]LogModuleManager: Shutting down and abandoning module AutomationWindow (172)
[2017.01.12-21.12.58:329][240]LogModuleManager: Shutting down and abandoning module Layers (171)
[2017.01.12-21.12.58:329][240]LogModuleManager: Shutting down and abandoning module ComponentVisualizers (170)
[2017.01.12-21.12.58:329][240]LogModuleManager: Shutting down and abandoning module DetailCustomizations (169)
[2017.01.12-21.12.58:329][240]LogModuleManager: Shutting down and abandoning module PackagesDialog (168)
[2017.01.12-21.12.58:329][240]LogModuleManager: Shutting down and abandoning module AnimGraph (167)
[2017.01.12-21.12.58:329][240]LogModuleManager: Shutting down and abandoning module Persona (166)
[2017.01.12-21.12.58:329][240]LogModuleManager: Shutting down and abandoning module Kismet (165)
[2017.01.12-21.12.58:329][240]LogModuleManager: Shutting down and abandoning module GraphEditor (164)
[2017.01.12-21.12.58:329][240]LogModuleManager: Shutting down and abandoning module ClassViewer (163)
[2017.01.12-21.12.58:329][240]LogModuleManager: Shutting down and abandoning module Toolbox (162)
[2017.01.12-21.12.58:329][240]LogModuleManager: Shutting down and abandoning module ModuleUI (161)
[2017.01.12-21.12.58:329][240]LogModuleManager: Shutting down and abandoning module MovieSceneTools (160)
[2017.01.12-21.12.58:329][240]LogModuleManager: Shutting down and abandoning module OutputLog (159)
[2017.01.12-21.12.58:329][240]LogModuleManager: Shutting down and abandoning module GammaUI (158)
[2017.01.12-21.12.58:329][240]LogModuleManager: Shutting down and abandoning module Documentation (157)
[2017.01.12-21.12.58:329][240]LogModuleManager: Shutting down and abandoning module Niagara (156)
[2017.01.12-21.12.58:329][240]LogModuleManager: Shutting down and abandoning module StreamingPauseRendering (155)
[2017.01.12-21.12.58:329][240]LogModuleManager: Shutting down and abandoning module AnalyticsET (154)
[2017.01.12-21.12.58:329][240]LogModuleManager: Shutting down and abandoning module PortalServices (153)
[2017.01.12-21.12.58:329][240]LogModuleManager: Shutting down and abandoning module PortalRpc (152)
[2017.01.12-21.12.58:329][240]LogModuleManager: Shutting down and abandoning module MessagingRpc (151)
[2017.01.12-21.12.58:329][240]LogModuleManager: Shutting down and abandoning module GameplayDebugger (150)
[2017.01.12-21.12.58:329][240]LogModuleManager: Shutting down and abandoning module AITestSuite (149)
[2017.01.12-21.12.58:330][240]LogModuleManager: Shutting down and abandoning module AIModule (148)
[2017.01.12-21.12.58:330][240]LogModuleManager: Shutting down and abandoning module ProfilerService (147)
[2017.01.12-21.12.58:461][240]LogModuleManager: Shutting down and abandoning module TaskGraph (146)
[2017.01.12-21.12.58:461][240]LogModuleManager: Shutting down and abandoning module SlateRemote (145)
[2017.01.12-21.12.58:461][240]LogModuleManager: Shutting down and abandoning module SteamVRController (144)
[2017.01.12-21.12.58:461][240]LogModuleManager: Shutting down and abandoning module SteamVR (143)
[2017.01.12-21.12.58:461][240]LogModuleManager: Shutting down and abandoning module ProceduralMeshComponentEditor (142)
[2017.01.12-21.12.58:461][240]LogModuleManager: Shutting down and abandoning module ProceduralMeshComponent (141)
[2017.01.12-21.12.58:461][240]LogModuleManager: Shutting down and abandoning module OculusLibrary (140)
[2017.01.12-21.12.58:461][240]LogModuleManager: Shutting down and abandoning module OculusInput (139)
[2017.01.12-21.12.58:461][240]LogModuleManager: Shutting down and abandoning module MobilePatchingUtils (138)
[2017.01.12-21.12.58:461][240]LogModuleManager: Shutting down and abandoning module CustomMeshComponent (137)
[2017.01.12-21.12.58:461][240]LogModuleManager: Shutting down and abandoning module CableComponent (136)
[2017.01.12-21.12.58:461][240]LogModuleManager: Shutting down and abandoning module ArchVisCharacter (135)
[2017.01.12-21.12.58:461][240]LogModuleManager: Shutting down and abandoning module MediaPlayerEditor (133)
[2017.01.12-21.12.58:461][240]LogModuleManager: Shutting down and abandoning module HTML5Networking (132)
[2017.01.12-21.12.58:461][240]LogModuleManager: Shutting down and abandoning module GeometryCacheEd (131)
[2017.01.12-21.12.58:461][240]LogModuleManager: Shutting down and abandoning module GeometryCache (130)
[2017.01.12-21.12.58:461][240]LogModuleManager: Shutting down and abandoning module AlembicLibrary (129)
[2017.01.12-21.12.58:461][240]LogModuleManager: Shutting down and abandoning module AlembicImporter (128)
[2017.01.12-21.12.58:461][240]LogModuleManager: Shutting down and abandoning module SuperSearch (127)
[2017.01.12-21.12.58:461][240]LogModuleManager: Shutting down and abandoning module SuperSearchEditor (126)
[2017.01.12-21.12.58:461][240]LogModuleManager: Shutting down and abandoning module SpeedTreeImporter (125)
[2017.01.12-21.12.58:461][240]LogModuleManager: Shutting down and abandoning module PluginBrowser (124)
[2017.01.12-21.12.58:461][240]LogModuleManager: Shutting down and abandoning module MobileLauncherProfileWizard (123)
[2017.01.12-21.12.58:461][240]LogModuleManager: Shutting down and abandoning module EpicSurvey (122)
[2017.01.12-21.12.58:462][240]LogModuleManager: Shutting down and abandoning module DesktopPlatform (121)
[2017.01.12-21.12.58:462][240]LogModuleManager: Shutting down and abandoning module VisualStudioSourceCodeAccess (120)
[2017.01.12-21.12.58:462][240]LogModuleManager: Shutting down and abandoning module UObjectPlugin (119)
[2017.01.12-21.12.58:462][240]LogModuleManager: Shutting down and abandoning module SubversionSourceControl (118)
[2017.01.12-21.12.58:462][240]LogModuleManager: Shutting down and abandoning module PerforceSourceControl (117)
[2017.01.12-21.12.58:462][240]LogModuleManager: Shutting down and abandoning module SourceControl (116)
[2017.01.12-21.12.58:462][240]LogModuleManager: Shutting down and abandoning module GitSourceControl (115)
[2017.01.12-21.12.58:462][240]LogModuleManager: Shutting down and abandoning module LightPropagationVolumeEditor (114)
[2017.01.12-21.12.58:462][240]LogModuleManager: Shutting down and abandoning module PaperTiledImporter (113)
[2017.01.12-21.12.58:462][240]LogModuleManager: Shutting down and abandoning module PaperSpriteSheetImporter (112)
[2017.01.12-21.12.58:462][240]LogModuleManager: Shutting down and abandoning module MeshPaint (111)
[2017.01.12-21.12.58:462][240]LogModuleManager: Shutting down and abandoning module PixelInspectorModule (110)
[2017.01.12-21.12.58:462][240]LogModuleManager: Shutting down and abandoning module HotReload (109)
[2017.01.12-21.12.58:462][240]LogDirectoryWatcher: A directory notification for 'D:/AlefRGamer/Documents/Unreal Projects/CyberPunk_Unreal/Binaries/Win64' was aborted.
[2017.01.12-21.12.58:462][240]LogModuleManager: Shutting down and abandoning module MainFrame (108)
[2017.01.12-21.12.58:462][240]LogModuleManager: Shutting down and abandoning module LevelEditor (107)
[2017.01.12-21.12.58:463][240]LogModuleManager: Shutting down and abandoning module ContentBrowser (106)
[2017.01.12-21.12.58:464][240]LogModuleManager: Shutting down and abandoning module Paper2DEditor (105)
[2017.01.12-21.12.58:464][240]LogModuleManager: Shutting down and abandoning module CyberPunk_Unreal (104)
[2017.01.12-21.12.58:464][240]LogModuleManager: Shutting down and abandoning module UdpMessaging (103)
[2017.01.12-21.12.58:565][240]LogModuleManager: Shutting down and abandoning module TcpMessaging (102)
[2017.01.12-21.12.58:666][240]LogModuleManager: Shutting down and abandoning module LightPropagationVolumeRuntime (101)
[2017.01.12-21.12.58:666][240]LogModuleManager: Shutting down and abandoning module Paper2D (100)
[2017.01.12-21.12.58:666][240]LogModuleManager: Shutting down and abandoning module WindowsMoviePlayer (99)
[2017.01.12-21.12.58:666][240]LogModuleManager: Shutting down and abandoning module WmfMedia (98)
[2017.01.12-21.12.58:666][240]LogModuleManager: Shutting down and abandoning module MediaAssets (97)
[2017.01.12-21.12.58:666][240]LogModuleManager: Shutting down and abandoning module GameLiveStreaming (96)
[2017.01.12-21.12.58:666][240]LogModuleManager: Shutting down and abandoning module GameplayTagsEditor (95)
[2017.01.12-21.12.58:666][240]LogModuleManager: Shutting down and abandoning module VREditor (94)
[2017.01.12-21.12.58:666][240]LogModuleManager: Shutting down and abandoning module GameplayTasksEditor (93)
[2017.01.12-21.12.58:666][240]LogModuleManager: Shutting down and abandoning module BehaviorTreeEditor (92)
[2017.01.12-21.12.58:666][240]LogModuleManager: Shutting down and abandoning module FunctionalTesting (91)
[2017.01.12-21.12.58:666][240]LogModuleManager: Shutting down and abandoning module CollisionAnalyzer (90)
[2017.01.12-21.12.58:666][240]LogModuleManager: Shutting down and abandoning module Sequencer (89)
[2017.01.12-21.12.58:666][240]LogModuleManager: Shutting down and abandoning module WorkspaceMenuStructure (88)
[2017.01.12-21.12.58:666][240]LogModuleManager: Shutting down and abandoning module MessageLog (87)
[2017.01.12-21.12.58:666][240]LogModuleManager: Shutting down and abandoning module AssetTools (86)
[2017.01.12-21.12.58:666][240]LogModuleManager: Shutting down and abandoning module UMGEditor (85)
[2017.01.12-21.12.58:666][240]LogModuleManager: Shutting down and abandoning module UMG (84)
[2017.01.12-21.12.58:666][240]LogModuleManager: Shutting down and abandoning module SlateReflector (83)
[2017.01.12-21.12.58:666][240]LogModuleManager: Shutting down and abandoning module Slate (82)
[2017.01.12-21.12.58:666][240]LogModuleManager: Shutting down and abandoning module EditorStyle (81)
[2017.01.12-21.12.58:669][240]LogModuleManager: Shutting down and abandoning module SourceCodeAccess (80)
[2017.01.12-21.12.58:669][240]LogModuleManager: Shutting down and abandoning module HeadMountedDisplay (79)
[2017.01.12-21.12.58:669][240]LogModuleManager: Shutting down and abandoning module XAudio2 (78)
[2017.01.12-21.12.58:669][240]LogModuleManager: Shutting down and abandoning module Networking (76)
[2017.01.12-21.12.58:669][240]LogModuleManager: Shutting down and abandoning module Core (75)
[2017.01.12-21.12.58:669][240]LogModuleManager: Shutting down and abandoning module DirectoryWatcher (74)
[2017.01.12-21.12.58:669][240]LogDirectoryWatcher: A directory notification for '../../../Engine/Content/' was aborted.
[2017.01.12-21.12.58:669][240]LogDirectoryWatcher: A directory notification for 'D:/AlefRGamer/Documents/Unreal Projects/CyberPunk_Unreal/Content/' was aborted.
[2017.01.12-21.12.58:669][240]LogDirectoryWatcher: A directory notification for '../../../Engine/Plugins/2D/Paper2D/Content/' was aborted.
[2017.01.12-21.12.58:670][240]LogModuleManager: Shutting down and abandoning module AssetRegistry (73)
[2017.01.12-21.12.58:856][240]LogModuleManager: Shutting down and abandoning module KismetCompiler (72)
[2017.01.12-21.12.58:856][240]LogModuleManager: Shutting down and abandoning module PhysXFormats (71)
[2017.01.12-21.12.58:856][240]LogModuleManager: Shutting down and abandoning module SimplygonSwarm (70)
[2017.01.12-21.12.58:856][240]LogModuleManager: Shutting down and abandoning module SimplygonMeshReduction (69)
[2017.01.12-21.12.58:856][240]LogModuleManager: Shutting down and abandoning module QuadricMeshReduction (68)
[2017.01.12-21.12.58:856][240]LogModuleManager: Shutting down and abandoning module PropertyEditor (67)
[2017.01.12-21.12.58:856][240]LogModuleManager: Shutting down and abandoning module MeshUtilities (66)
[2017.01.12-21.12.58:856][240]LogModuleManager: Shutting down and abandoning module DerivedDataCache (65)
[2017.01.12-21.12.58:913][240]LogDerivedDataCache: Shutdown
[2017.01.12-21.12.58:913][240]LogModuleManager: Shutting down and abandoning module VulkanShaderFormat (64)
[2017.01.12-21.12.58:913][240]LogModuleManager: Shutting down and abandoning module ShaderFormatOpenGL (63)
[2017.01.12-21.12.58:913][240]LogModuleManager: Shutting down and abandoning module ShaderFormatD3D (62)
[2017.01.12-21.12.58:913][240]LogModuleManager: Shutting down and abandoning module MetalShaderFormat (61)
[2017.01.12-21.12.58:913][240]LogModuleManager: Shutting down and abandoning module TextureFormatUncompressed (60)
[2017.01.12-21.12.58:913][240]LogModuleManager: Shutting down and abandoning module TextureFormatPVR (59)
[2017.01.12-21.12.58:913][240]LogModuleManager: Shutting down and abandoning module TextureFormatDXT (58)
[2017.01.12-21.12.58:913][240]LogModuleManager: Shutting down and abandoning module TextureFormatIntelISPCTexComp (57)
[2017.01.12-21.12.58:913][240]LogModuleManager: Shutting down and abandoning module ImageWrapper (56)
[2017.01.12-21.12.58:913][240]LogModuleManager: Shutting down and abandoning module TextureFormatASTC (55)
[2017.01.12-21.12.58:913][240]LogModuleManager: Shutting down and abandoning module TextureFormatAndroid (54)
[2017.01.12-21.12.58:913][240]LogModuleManager: Shutting down and abandoning module AudioFormatOpus (53)
[2017.01.12-21.12.58:913][240]LogModuleManager: Shutting down and abandoning module AudioFormatOgg (52)
[2017.01.12-21.12.58:913][240]LogModuleManager: Shutting down and abandoning module AudioFormatADPCM (51)
[2017.01.12-21.12.58:913][240]LogModuleManager: Shutting down and abandoning module LinuxTargetPlatform (50)
[2017.01.12-21.12.58:913][240]LogModuleManager: Shutting down and abandoning module LinuxServerTargetPlatform (49)
[2017.01.12-21.12.58:914][240]LogModuleManager: Shutting down and abandoning module LinuxNoEditorTargetPlatform (48)
[2017.01.12-21.12.58:914][240]LogModuleManager: Shutting down and abandoning module LinuxClientTargetPlatform (47)
[2017.01.12-21.12.58:914][240]LogModuleManager: Shutting down and abandoning module TVOSTargetPlatform (46)
[2017.01.12-21.12.58:914][240]LogModuleManager: Shutting down and abandoning module Messaging (45)
[2017.01.12-21.12.58:914][240]LogModuleManager: Shutting down and abandoning module IOSTargetPlatform (44)
[2017.01.12-21.12.58:914][240]LogModuleManager: Shutting down and abandoning module HTML5TargetPlatform (43)
[2017.01.12-21.12.58:914][240]LogModuleManager: Shutting down and abandoning module Android_PVRTCTargetPlatform (42)
[2017.01.12-21.12.58:914][240]LogModuleManager: Shutting down and abandoning module Android_MultiTargetPlatform (41)
[2017.01.12-21.12.58:914][240]LogModuleManager: Shutting down and abandoning module Android_ETC2TargetPlatform (40)
[2017.01.12-21.12.58:914][240]LogModuleManager: Shutting down and abandoning module Android_ETC1TargetPlatform (39)
[2017.01.12-21.12.58:914][240]LogModuleManager: Shutting down and abandoning module Android_DXTTargetPlatform (38)
[2017.01.12-21.12.58:914][240]LogModuleManager: Shutting down and abandoning module Android_ATCTargetPlatform (37)
[2017.01.12-21.12.58:914][240]LogModuleManager: Shutting down and abandoning module Android_ASTCTargetPlatform (36)
[2017.01.12-21.12.58:914][240]LogModuleManager: Shutting down and abandoning module AndroidTargetPlatform (35)
[2017.01.12-21.12.58:914][240]LogModuleManager: Shutting down and abandoning module WindowsTargetPlatform (34)
[2017.01.12-21.12.58:914][240]LogModuleManager: Shutting down and abandoning module WindowsServerTargetPlatform (33)
[2017.01.12-21.12.58:914][240]LogModuleManager: Shutting down and abandoning module WindowsNoEditorTargetPlatform (32)
[2017.01.12-21.12.58:914][240]LogModuleManager: Shutting down and abandoning module WindowsClientTargetPlatform (31)
[2017.01.12-21.12.58:914][240]LogModuleManager: Shutting down and abandoning module MacTargetPlatform (30)
[2017.01.12-21.12.58:914][240]LogModuleManager: Shutting down and abandoning module MacServerTargetPlatform (29)
[2017.01.12-21.12.58:914][240]LogModuleManager: Shutting down and abandoning module MacNoEditorTargetPlatform (28)
[2017.01.12-21.12.58:914][240]LogModuleManager: Shutting down and abandoning module MacClientTargetPlatform (27)
[2017.01.12-21.12.58:914][240]LogModuleManager: Shutting down and abandoning module AllDesktopTargetPlatform (26)
[2017.01.12-21.12.58:914][240]LogModuleManager: Shutting down and abandoning module TargetPlatform (25)
[2017.01.12-21.12.58:914][240]LogModuleManager: Shutting down and abandoning module InputCore (24)
[2017.01.12-21.12.58:914][240]LogModuleManager: Shutting down and abandoning module Settings (23)
[2017.01.12-21.12.58:914][240]LogModuleManager: Shutting down and abandoning module OculusRift (22)
[2017.01.12-21.12.58:914][240]LogModuleManager: Shutting down and abandoning module ExampleDeviceProfileSelector (21)
[2017.01.12-21.12.58:914][240]LogModuleManager: Shutting down and abandoning module OnlineBlueprintSupport (20)
[2017.01.12-21.12.58:914][240]LogModuleManager: Shutting down and abandoning module OnlineSubsystem (18)
[2017.01.12-21.12.58:914][240]LogOnline:Display: Unloading online subsystem: NULL
[2017.01.12-21.12.58:914][240]LogModuleManager: Shutting down and abandoning module SSL (17)
[2017.01.12-21.12.58:915][240]LogModuleManager: Shutting down and abandoning module HTTP (16)
[2017.01.12-21.12.58:915][240]LogModuleManager: Shutting down and abandoning module XMPP (15)
[2017.01.12-21.12.58:915][240]LogModuleManager: Shutting down and abandoning module TextureCompressor (14)
[2017.01.12-21.12.58:915][240]LogModuleManager: Shutting down and abandoning module ShaderCore (13)
[2017.01.12-21.12.58:915][240]LogModuleManager: Shutting down and abandoning module Landscape (12)
[2017.01.12-21.12.58:915][240]LogModuleManager: Shutting down and abandoning module SlateRHIRenderer (11)
[2017.01.12-21.12.58:917][240]LogModuleManager: Shutting down and abandoning module OpenGLDrv (10)
[2017.01.12-21.12.58:917][240]LogModuleManager: Shutting down and abandoning module D3D11RHI (9)
[2017.01.12-21.12.58:917][240]LogModuleManager: Shutting down and abandoning module AnimGraphRuntime (8)
[2017.01.12-21.12.58:917][240]LogModuleManager: Shutting down and abandoning module Renderer (7)
[2017.01.12-21.12.58:917][240]LogModuleManager: Shutting down and abandoning module Engine (6)
[2017.01.12-21.12.58:917][240]LogModuleManager: Shutting down and abandoning module CoreUObject (5)
[2017.01.12-21.12.58:917][240]LogModuleManager: Shutting down and abandoning module NetworkFile (4)
[2017.01.12-21.12.58:917][240]LogModuleManager: Shutting down and abandoning module StreamingFile (3)
[2017.01.12-21.12.58:917][240]LogModuleManager: Shutting down and abandoning module SandboxFile (2)
[2017.01.12-21.12.58:917][240]LogModuleManager: Shutting down and abandoning module PakFile (1)
[2017.01.12-21.12.58:919][240]LogExit: Exiting.
[2017.01.12-21.12.58:938][240]Log file closed, 01/12/17 18:12:58
