Log file open, 01/08/17 14:43:12
LogInit:Display: Running engine for game: CyberPunk_Unreal_Project
LogPlatformFile: Not using cached read wrapper
LogInit:Display: RandInit(-644238426) SRandInit(-644238426).
LogTaskGraph: Started task graph with 5 named threads and 8 total threads with 1 sets of task threads.
LogStats: Stats thread started at 0.087068
LogPluginManager: Loaded Plugin Paper2D, From C:/Program Files (x86)/Epic Games/4.14/Engine/Plugins/2D/Paper2D/Paper2D.uplugin
LogPluginManager: Loaded Plugin LightPropagationVolume, From C:/Program Files (x86)/Epic Games/4.14/Engine/Plugins/Blendables/LightPropagationVolume/LightPropagationVolume.uplugin
LogPluginManager: Loaded Plugin BlankPlugin, From C:/Program Files (x86)/Epic Games/4.14/Engine/Plugins/Developer/BlankPlugin/BlankPlugin.uplugin
LogPluginManager: Loaded Plugin CodeLiteSourceCodeAccess, From C:/Program Files (x86)/Epic Games/4.14/Engine/Plugins/Developer/CodeLiteSourceCodeAccess/CodeLiteSourceCodeAccess.uplugin
LogPluginManager: Loaded Plugin GitSourceControl, From C:/Program Files (x86)/Epic Games/4.14/Engine/Plugins/Developer/GitSourceControl/GitSourceControl.uplugin
LogPluginManager: Loaded Plugin KDevelopSourceCodeAccess, From C:/Program Files (x86)/Epic Games/4.14/Engine/Plugins/Developer/KDevelopSourceCodeAccess/KDevelopSourceCodeAccess.uplugin
LogPluginManager: Loaded Plugin NullSourceCodeAccess, From C:/Program Files (x86)/Epic Games/4.14/Engine/Plugins/Developer/NullSourceCodeAccess/NullSourceCodeAccess.uplugin
LogPluginManager: Loaded Plugin OneSkyLocalizationService, From C:/Program Files (x86)/Epic Games/4.14/Engine/Plugins/Developer/OneSkyLocalizationService/OneSkyLocalizationService.uplugin
LogPluginManager: Loaded Plugin PerforceSourceControl, From C:/Program Files (x86)/Epic Games/4.14/Engine/Plugins/Developer/PerforceSourceControl/PerforceSourceControl.uplugin
LogPluginManager: Loaded Plugin SubversionSourceControl, From C:/Program Files (x86)/Epic Games/4.14/Engine/Plugins/Developer/SubversionSourceControl/SubversionSourceControl.uplugin
LogPluginManager: Loaded Plugin UObjectPlugin, From C:/Program Files (x86)/Epic Games/4.14/Engine/Plugins/Developer/UObjectPlugin/UObjectPlugin.uplugin
LogPluginManager: Loaded Plugin VisualStudioSourceCodeAccess, From C:/Program Files (x86)/Epic Games/4.14/Engine/Plugins/Developer/VisualStudioSourceCodeAccess/VisualStudioSourceCodeAccess.uplugin
LogPluginManager: Loaded Plugin XCodeSourceCodeAccess, From C:/Program Files (x86)/Epic Games/4.14/Engine/Plugins/Developer/XCodeSourceCodeAccess/XCodeSourceCodeAccess.uplugin
LogPluginManager: Loaded Plugin AudioCapture, From C:/Program Files (x86)/Epic Games/4.14/Engine/Plugins/Editor/AudioCapture/AudioCapture.uplugin
LogPluginManager: Loaded Plugin EpicSurvey, From C:/Program Files (x86)/Epic Games/4.14/Engine/Plugins/Editor/EpicSurvey/EpicSurvey.uplugin
LogPluginManager: Loaded Plugin MacGraphicsSwitching, From C:/Program Files (x86)/Epic Games/4.14/Engine/Plugins/Editor/MacGraphicsSwitching/MacGraphicsSwitching.uplugin
LogPluginManager: Loaded Plugin MobileLauncherProfileWizard, From C:/Program Files (x86)/Epic Games/4.14/Engine/Plugins/Editor/MobileLauncherProfileWizard/MobileLauncherProfileWizard.uplugin
LogPluginManager: Loaded Plugin PluginBrowser, From C:/Program Files (x86)/Epic Games/4.14/Engine/Plugins/Editor/PluginBrowser/PluginBrowser.uplugin
LogPluginManager: Loaded Plugin SpeedTreeImporter, From C:/Program Files (x86)/Epic Games/4.14/Engine/Plugins/Editor/SpeedTreeImporter/SpeedTreeImporter.uplugin
LogPluginManager: Loaded Plugin SuperSearchEditor, From C:/Program Files (x86)/Epic Games/4.14/Engine/Plugins/Editor/SuperSearchEditor/SuperSearchEditor.uplugin
LogPluginManager: Loaded Plugin AlembicImporter, From C:/Program Files (x86)/Epic Games/4.14/Engine/Plugins/Experimental/AlembicImporter/AlembicImporter.uplugin
LogPluginManager: Loaded Plugin BlueprintStats, From C:/Program Files (x86)/Epic Games/4.14/Engine/Plugins/Experimental/BlueprintStats/BlueprintStats.uplugin
LogPluginManager: Loaded Plugin CharacterAI, From C:/Program Files (x86)/Epic Games/4.14/Engine/Plugins/Experimental/CharacterAI/CharacterAI.uplugin
LogPluginManager: Loaded Plugin CodeEditor, From C:/Program Files (x86)/Epic Games/4.14/Engine/Plugins/Experimental/CodeEditor/CodeEditor.uplugin
LogPluginManager: Loaded Plugin CodeView, From C:/Program Files (x86)/Epic Games/4.14/Engine/Plugins/Experimental/CodeView/CodeView.uplugin
LogPluginManager: Loaded Plugin HTML5Networking, From C:/Program Files (x86)/Epic Games/4.14/Engine/Plugins/Experimental/HTML5Networking/HTML5Networking.uplugin
LogPluginManager: Loaded Plugin OSVR, From C:/Program Files (x86)/Epic Games/4.14/Engine/Plugins/Experimental/OSVR/OSVR.uplugin
LogPluginManager: Loaded Plugin Phya, From C:/Program Files (x86)/Epic Games/4.14/Engine/Plugins/Experimental/Phya/Phya.uplugin
LogPluginManager: Loaded Plugin SignificanceManager, From C:/Program Files (x86)/Epic Games/4.14/Engine/Plugins/Experimental/SignificanceManager/SignificanceManager.uplugin
LogPluginManager: Loaded Plugin SimpleHMD, From C:/Program Files (x86)/Epic Games/4.14/Engine/Plugins/Experimental/SimpleHMD/SimpleHMD.uplugin
LogPluginManager: Loaded Plugin StereoPanorama, From C:/Program Files (x86)/Epic Games/4.14/Engine/Plugins/Experimental/StereoPanorama/StereoPanorama.uplugin
LogPluginManager: Loaded Plugin StructBox, From C:/Program Files (x86)/Epic Games/4.14/Engine/Plugins/Experimental/StructBox/StructBox.uplugin
LogPluginManager: Loaded Plugin AndroidMedia, From C:/Program Files (x86)/Epic Games/4.14/Engine/Plugins/Media/AndroidMedia/AndroidMedia.uplugin
LogPluginManager: Loaded Plugin AvfMedia, From C:/Program Files (x86)/Epic Games/4.14/Engine/Plugins/Media/AvfMedia/AvfMedia.uplugin
LogPluginManager: Loaded Plugin MediaPlayerEditor, From C:/Program Files (x86)/Epic Games/4.14/Engine/Plugins/Media/MediaPlayerEditor/MediaPlayerEditor.uplugin
LogPluginManager: Loaded Plugin WmfMedia, From C:/Program Files (x86)/Epic Games/4.14/Engine/Plugins/Media/WmfMedia/WmfMedia.uplugin
LogPluginManager: Loaded Plugin MessagingDebugger, From C:/Program Files (x86)/Epic Games/4.14/Engine/Plugins/Messaging/MessagingDebugger/MessagingDebugger.uplugin
LogPluginManager: Loaded Plugin TcpMessaging, From C:/Program Files (x86)/Epic Games/4.14/Engine/Plugins/Messaging/TcpMessaging/TcpMessaging.uplugin
LogPluginManager: Loaded Plugin UdpMessaging, From C:/Program Files (x86)/Epic Games/4.14/Engine/Plugins/Messaging/UdpMessaging/UdpMessaging.uplugin
LogPluginManager: Loaded Plugin LevelSequenceEditor, From C:/Program Files (x86)/Epic Games/4.14/Engine/Plugins/MovieScene/LevelSequenceEditor/LevelSequenceEditor.uplugin
LogPluginManager: Loaded Plugin MatineeToLevelSequence, From C:/Program Files (x86)/Epic Games/4.14/Engine/Plugins/MovieScene/MatineeToLevelSequence/MatineeToLevelSequence.uplugin
LogPluginManager: Loaded Plugin NetcodeUnitTest, From C:/Program Files (x86)/Epic Games/4.14/Engine/Plugins/NetcodeUnitTest/NetcodeUnitTest/NetcodeUnitTest.uplugin
LogPluginManager: Loaded Plugin NUTUnrealEngine4, From C:/Program Files (x86)/Epic Games/4.14/Engine/Plugins/NetcodeUnitTest/NUTUnrealEngine4/NUTUnrealEngine4.uplugin
LogPluginManager: Loaded Plugin OnlineSubsystemGameCircle, From C:/Program Files (x86)/Epic Games/4.14/Engine/Plugins/Online/Android/OnlineSubsystemGameCircle/OnlineSubsystemGameCircle.uplugin
LogPluginManager: Loaded Plugin OnlineSubsystemGooglePlay, From C:/Program Files (x86)/Epic Games/4.14/Engine/Plugins/Online/Android/OnlineSubsystemGooglePlay/OnlineSubsystemGooglePlay.uplugin
LogPluginManager: Loaded Plugin OnlineSubsystemIOS, From C:/Program Files (x86)/Epic Games/4.14/Engine/Plugins/Online/IOS/OnlineSubsystemIOS/OnlineSubsystemIOS.uplugin
LogPluginManager: Loaded Plugin OnlineFramework, From C:/Program Files (x86)/Epic Games/4.14/Engine/Plugins/Online/OnlineFramework/OnlineFramework.uplugin
LogPluginManager: Loaded Plugin OnlineSubsystem, From C:/Program Files (x86)/Epic Games/4.14/Engine/Plugins/Online/OnlineSubsystem/OnlineSubsystem.uplugin
LogPluginManager: Loaded Plugin OnlineSubsystemAmazon, From C:/Program Files (x86)/Epic Games/4.14/Engine/Plugins/Online/OnlineSubsystemAmazon/OnlineSubsystemAmazon.uplugin
LogPluginManager: Loaded Plugin OnlineSubsystemFacebook, From C:/Program Files (x86)/Epic Games/4.14/Engine/Plugins/Online/OnlineSubsystemFacebook/OnlineSubsystemFacebook.uplugin
LogPluginManager: Loaded Plugin OnlineSubsystemNull, From C:/Program Files (x86)/Epic Games/4.14/Engine/Plugins/Online/OnlineSubsystemNull/OnlineSubsystemNull.uplugin
LogPluginManager: Loaded Plugin OnlineSubsystemOculus, From C:/Program Files (x86)/Epic Games/4.14/Engine/Plugins/Online/OnlineSubsystemOculus/OnlineSubsystemOculus.uplugin
LogPluginManager: Loaded Plugin OnlineSubsystemSteam, From C:/Program Files (x86)/Epic Games/4.14/Engine/Plugins/Online/OnlineSubsystemSteam/OnlineSubsystemSteam.uplugin
LogPluginManager: Loaded Plugin OnlineSubsystemUtils, From C:/Program Files (x86)/Epic Games/4.14/Engine/Plugins/Online/OnlineSubsystemUtils/OnlineSubsystemUtils.uplugin
LogPluginManager: Loaded Plugin IOSTapJoy, From C:/Program Files (x86)/Epic Games/4.14/Engine/Plugins/Runtime/Advertising/IOSTapJoy/IOSTapJoy.uplugin
LogPluginManager: Loaded Plugin AnalyticsBlueprintLibrary, From C:/Program Files (x86)/Epic Games/4.14/Engine/Plugins/Runtime/Analytics/AnalyticsBlueprintLibrary/AnalyticsBlueprintLibrary.uplugin
LogPluginManager: Loaded Plugin AnalyticsMulticast, From C:/Program Files (x86)/Epic Games/4.14/Engine/Plugins/Runtime/Analytics/AnalyticsMulticast/AnalyticsMulticast.uplugin
LogPluginManager: Loaded Plugin Apsalar, From C:/Program Files (x86)/Epic Games/4.14/Engine/Plugins/Runtime/Analytics/Apsalar/Apsalar.uplugin
LogPluginManager: Loaded Plugin FileLogging, From C:/Program Files (x86)/Epic Games/4.14/Engine/Plugins/Runtime/Analytics/FileLogging/FileLogging.uplugin
LogPluginManager: Loaded Plugin Flurry, From C:/Program Files (x86)/Epic Games/4.14/Engine/Plugins/Runtime/Analytics/Flurry/Flurry.uplugin
LogPluginManager: Loaded Plugin AndroidDeviceProfileSelector, From C:/Program Files (x86)/Epic Games/4.14/Engine/Plugins/Runtime/AndroidDeviceProfileSelector/AndroidDeviceProfileSelector.uplugin
LogPluginManager: Loaded Plugin AndroidMoviePlayer, From C:/Program Files (x86)/Epic Games/4.14/Engine/Plugins/Runtime/AndroidMoviePlayer/AndroidMoviePlayer.uplugin
LogPluginManager: Loaded Plugin AppleMoviePlayer, From C:/Program Files (x86)/Epic Games/4.14/Engine/Plugins/Runtime/AppleMoviePlayer/AppleMoviePlayer.uplugin
LogPluginManager: Loaded Plugin ArchVisCharacter, From C:/Program Files (x86)/Epic Games/4.14/Engine/Plugins/Runtime/ArchVisCharacter/ArchVisCharacter.uplugin
LogPluginManager: Loaded Plugin CableComponent, From C:/Program Files (x86)/Epic Games/4.14/Engine/Plugins/Runtime/CableComponent/CableComponent.uplugin
LogPluginManager: Loaded Plugin CustomMeshComponent, From C:/Program Files (x86)/Epic Games/4.14/Engine/Plugins/Runtime/CustomMeshComponent/CustomMeshComponent.uplugin
LogPluginManager: Loaded Plugin ExampleDeviceProfileSelector, From C:/Program Files (x86)/Epic Games/4.14/Engine/Plugins/Runtime/ExampleDeviceProfileSelector/ExampleDeviceProfileSelector.uplugin
LogPluginManager: Loaded Plugin GearVR, From C:/Program Files (x86)/Epic Games/4.14/Engine/Plugins/Runtime/GearVR/GearVR.uplugin
LogPluginManager: Loaded Plugin GoogleVRController, From C:/Program Files (x86)/Epic Games/4.14/Engine/Plugins/Runtime/GoogleVR/GoogleVRController/GoogleVRController.uplugin
LogPluginManager: Loaded Plugin GoogleVRHMD, From C:/Program Files (x86)/Epic Games/4.14/Engine/Plugins/Runtime/GoogleVR/GoogleVRHMD/GoogleVRHMD.uplugin
LogPluginManager: Loaded Plugin IOSDeviceProfileSelector, From C:/Program Files (x86)/Epic Games/4.14/Engine/Plugins/Runtime/IOSDeviceProfileSelector/IOSDeviceProfileSelector.uplugin
LogPluginManager: Loaded Plugin LeapMotion, From C:/Program Files (x86)/Epic Games/4.14/Engine/Plugins/Runtime/LeapMotion/LeapMotion.uplugin
LogPluginManager: Loaded Plugin LinuxDeviceProfileSelector, From C:/Program Files (x86)/Epic Games/4.14/Engine/Plugins/Runtime/LinuxDeviceProfileSelector/LinuxDeviceProfileSelector.uplugin
LogPluginManager: Loaded Plugin MIDIDevice, From C:/Program Files (x86)/Epic Games/4.14/Engine/Plugins/Runtime/MIDIDevice/MIDIDevice.uplugin
LogPluginManager: Loaded Plugin MobilePatchingUtils, From C:/Program Files (x86)/Epic Games/4.14/Engine/Plugins/Runtime/MobilePatchingUtils/MobilePatchingUtils.uplugin
LogPluginManager: Loaded Plugin Ansel, From C:/Program Files (x86)/Epic Games/4.14/Engine/Plugins/Runtime/Nvidia/Ansel/Ansel.uplugin
LogPluginManager: Loaded Plugin OculusAudio, From C:/Program Files (x86)/Epic Games/4.14/Engine/Plugins/Runtime/OculusAudio/OculusAudio.uplugin
LogPluginManager: Loaded Plugin OculusInput, From C:/Program Files (x86)/Epic Games/4.14/Engine/Plugins/Runtime/OculusInput/OculusInput.uplugin
LogPluginManager: Loaded Plugin OculusLibrary, From C:/Program Files (x86)/Epic Games/4.14/Engine/Plugins/Runtime/OculusLibrary/OculusLibrary.uplugin
LogPluginManager: Loaded Plugin OculusRift, From C:/Program Files (x86)/Epic Games/4.14/Engine/Plugins/Runtime/OculusRift/OculusRift.uplugin
LogPluginManager: Loaded Plugin Oodle, From C:/Program Files (x86)/Epic Games/4.14/Engine/Plugins/Runtime/PacketHandlers/CompressionComponents/Oodle/Oodle.uplugin
LogPluginManager: Loaded Plugin ProceduralMeshComponent, From C:/Program Files (x86)/Epic Games/4.14/Engine/Plugins/Runtime/ProceduralMeshComponent/ProceduralMeshComponent.uplugin
LogPluginManager: Loaded Plugin SoundMod, From C:/Program Files (x86)/Epic Games/4.14/Engine/Plugins/Runtime/SoundMod/SoundMod.uplugin
LogPluginManager: Loaded Plugin SoundVisualizations, From C:/Program Files (x86)/Epic Games/4.14/Engine/Plugins/Runtime/SoundVisualizations/SoundVisualizations.uplugin
LogPluginManager: Loaded Plugin SteamController, From C:/Program Files (x86)/Epic Games/4.14/Engine/Plugins/Runtime/Steam/SteamController/SteamController.uplugin
LogPluginManager: Loaded Plugin SteamVR, From C:/Program Files (x86)/Epic Games/4.14/Engine/Plugins/Runtime/Steam/SteamVR/SteamVR.uplugin
LogPluginManager: Loaded Plugin WebBrowserWidget, From C:/Program Files (x86)/Epic Games/4.14/Engine/Plugins/Runtime/WebBrowserWidget/WebBrowserWidget.uplugin
LogPluginManager: Loaded Plugin WindowsDeviceProfileSelector, From C:/Program Files (x86)/Epic Games/4.14/Engine/Plugins/Runtime/WindowsDeviceProfileSelector/WindowsDeviceProfileSelector.uplugin
LogPluginManager: Loaded Plugin WindowsMoviePlayer, From C:/Program Files (x86)/Epic Games/4.14/Engine/Plugins/Runtime/WindowsMoviePlayer/WindowsMoviePlayer.uplugin
LogPluginManager: Loaded Plugin ScriptPlugin, From C:/Program Files (x86)/Epic Games/4.14/Engine/Plugins/ScriptPlugin/ScriptPlugin.uplugin
LogPluginManager: Loaded Plugin SlateRemote, From C:/Program Files (x86)/Epic Games/4.14/Engine/Plugins/Slate/SlateRemote/SlateRemote.uplugin
LogPluginManager: Loaded Plugin EditorTests, From C:/Program Files (x86)/Epic Games/4.14/Engine/Plugins/Tests/EditorTests/EditorTests.uplugin
LogPluginManager: Loaded Plugin FbxAutomationTestBuilder, From C:/Program Files (x86)/Epic Games/4.14/Engine/Plugins/Tests/FbxAutomationTestBuilder/FbxAutomationTestBuilder.uplugin
LogPluginManager: Loaded Plugin FunctionalTestingEditor, From C:/Program Files (x86)/Epic Games/4.14/Engine/Plugins/Tests/FunctionalTestingEditor/FunctionalTestingEditor.uplugin
LogPluginManager: Loaded Plugin RuntimeTests, From C:/Program Files (x86)/Epic Games/4.14/Engine/Plugins/Tests/RuntimeTests/RuntimeTests.uplugin
LogPluginManager: Loaded Plugin ScreenshotTools, From C:/Program Files (x86)/Epic Games/4.14/Engine/Plugins/Tests/ScreenshotTools/ScreenshotTools.uplugin
LogInit: Using libcurl 7.47.1
LogInit:  - built for x86_64-pc-win32
LogInit:  - supports SSL with OpenSSL/1.0.2g
LogInit:  - supports HTTP deflate (compression) using libz 1.2.8
LogInit:  - other features:
LogInit:      CURL_VERSION_SSL
LogInit:      CURL_VERSION_LIBZ
LogInit:      CURL_VERSION_IPV6
LogInit:      CURL_VERSION_ASYNCHDNS
LogInit:      CURL_VERSION_LARGEFILE
LogInit:      CURL_VERSION_IDN
LogInit:  CurlRequestOptions (configurable via config and command line):
LogInit:  - bVerifyPeer = false  - Libcurl will NOT verify peer certificate
LogInit:  - bUseHttpProxy = false  - Libcurl will NOT use HTTP proxy
LogInit:  - bDontReuseConnections = false  - Libcurl will reuse connections
LogInit:  - CertBundlePath = nullptr  - Libcurl will use whatever was configured at build time.
LogInit: Build: ++UE4+Release-4.14-CL-3241561
LogInit: Engine Version: 4.14.2-3241561+++UE4+Release-4.14
LogInit: Compatible Engine Version: 4.14.0-3195953+++UE4+Release-4.14
LogInit: Net CL: 3195953
LogDevObjectVersion: Number of dev versions registered: 13
LogDevObjectVersion:   Dev-Blueprints (B0D832E4-1F89-4F0D-ACCF-7EB736FD4AA2): 7
LogDevObjectVersion:   Dev-Build (E1C64328-A22C-4D53-A36C-8E866417BD8C): 0
LogDevObjectVersion:   Dev-Core (375EC13C-06E4-48FB-B500-84F0262A717E): 1
LogDevObjectVersion:   Dev-Editor (E4B068ED-F494-42E9-A231-DA0B2E46BB41): 8
LogDevObjectVersion:   Dev-Framework (CFFC743F-43B0-4480-9391-14DF171D2073): 17
LogDevObjectVersion:   Dev-Mobile (B02B49B5-BB20-44E9-A304-32B752E40360): 0
LogDevObjectVersion:   Dev-Networking (A4E4105C-59A1-49B5-A7C5-40C4547EDFEE): 0
LogDevObjectVersion:   Dev-Online (39C831C9-5AE6-47DC-9A44-9C173E1C8E7C): 0
LogDevObjectVersion:   Dev-Physics (78F01B33-EBEA-4F98-B9B4-84EACCB95AA2): 0
LogDevObjectVersion:   Dev-Platform (6631380F-2D4D-43E0-8009-CF276956A95A): 0
LogDevObjectVersion:   Dev-Rendering (12F88B9F-8875-4AFC-A67C-D90C383ABD29): 12
LogDevObjectVersion:   Dev-Sequencer (7B5AE74C-D270-4C10-A958-57980B212A5A): 1
LogDevObjectVersion:   Dev-VR (D7296918-1DD6-4BDD-9DE2-64A83CC13884): 0
LogInit: Compiled (64-bit): Dec 21 2016 02:13:27
LogInit: Compiled with Visual C++: 19.00.23026.00
LogInit: Build Configuration: Development
LogInit: Branch Name: ++UE4+Release-4.14
LogInit: Command line: 
LogInit: Base directory: C:/Program Files (x86)/Epic Games/4.14/Engine/Binaries/Win64/
LogInit: Installed Engine Build: 1
LogInit: Presizing for max 8388607 objects, including 0 objects not considered by GC, pre-allocating 0 bytes for permanent pool.
LogInit: Object subsystem initialized
[2017.01.08-17.43.12:915][  0]LogInit: Selected Device Profile: [Windows]
[2017.01.08-17.43.12:915][  0]LogInit: Applying CVar settings loaded from the selected device profile: [Windows]
[2017.01.08-17.43.12:959][  0]LogInit: Computer: DESKTOP-CNJIFR0
[2017.01.08-17.43.12:959][  0]LogInit: User: alefr
[2017.01.08-17.43.12:959][  0]LogInit: CPU Page size=65536, Cores=4
[2017.01.08-17.43.12:959][  0]LogInit: High frequency timer resolution =3.222679 MHz
[2017.01.08-17.43.12:960][  0]LogMemory: Memory total: Physical=7.9GB (8GB approx)
[2017.01.08-17.43.12:960][  0]LogMemory: Platform Memory Stats for Windows
[2017.01.08-17.43.12:960][  0]LogMemory: Process Physical Memory: 264.07 MB used, 264.07 MB peak
[2017.01.08-17.43.12:960][  0]LogMemory: Process Virtual Memory: 262.67 MB used, 262.67 MB peak
[2017.01.08-17.43.12:960][  0]LogMemory: Physical Memory: 4053.45 MB used,  4081.48 MB free, 8134.93 MB total
[2017.01.08-17.43.12:960][  0]LogMemory: Virtual Memory: 675.63 MB used,  4081.48 MB free, 134217728.00 MB total
[2017.01.08-17.43.13:019][  0]LogInit: Overriding culture en with editor configuration.
[2017.01.08-17.43.13:734][  0]LogD3D11RHI: D3D11 adapters:
[2017.01.08-17.43.14:241][  0]LogD3D11RHI:    0. 'NVIDIA GeForce GTX 1060 6GB' (Feature Level 11_0)
[2017.01.08-17.43.14:241][  0]LogD3D11RHI:       6100/0/4067 MB DedicatedVideo/DedicatedSystem/SharedSystem, Outputs:1, VendorId:0x10de
[2017.01.08-17.43.14:242][  0]LogD3D11RHI:    1. 'Microsoft Basic Render Driver' (Feature Level 11_0)
[2017.01.08-17.43.14:242][  0]LogD3D11RHI:       0/0/4067 MB DedicatedVideo/DedicatedSystem/SharedSystem, Outputs:0, VendorId:0x1414
[2017.01.08-17.43.14:242][  0]LogD3D11RHI: Chosen D3D11 Adapter: 0
[2017.01.08-17.43.14:246][  0]LogD3D11RHI: Creating new Direct3DDevice
[2017.01.08-17.43.14:246][  0]LogD3D11RHI:     GPU DeviceId: 0x1c03 (for the marketing name, search the web for "GPU Device Id")
[2017.01.08-17.43.14:246][  0]LogWindows: EnumDisplayDevices:
[2017.01.08-17.43.14:246][  0]LogWindows:    0. 'NVIDIA GeForce GTX 1060 6GB' (P:1 D:1)
[2017.01.08-17.43.14:246][  0]LogWindows:    1. 'NVIDIA GeForce GTX 1060 6GB' (P:0 D:0)
[2017.01.08-17.43.14:246][  0]LogWindows:    2. 'NVIDIA GeForce GTX 1060 6GB' (P:0 D:0)
[2017.01.08-17.43.14:247][  0]LogWindows:    3. 'NVIDIA GeForce GTX 1060 6GB' (P:0 D:0)
[2017.01.08-17.43.14:247][  0]LogWindows: DebugString: FoundDriverCount:4 
[2017.01.08-17.43.14:247][  0]LogD3D11RHI:     Adapter Name: NVIDIA GeForce GTX 1060 6GB
[2017.01.08-17.43.14:247][  0]LogD3D11RHI:   Driver Version: 376.33 (internal:21.21.13.7633, unified:376.33)
[2017.01.08-17.43.14:247][  0]LogD3D11RHI:      Driver Date: 12-11-2016
[2017.01.08-17.43.14:247][  0]LogRHI: Texture pool is 1361 MB (70% of 1945 MB)
[2017.01.08-17.43.14:718][  0]LogD3D11RHI: Async texture creation enabled
[2017.01.08-17.43.14:754][  0]LogD3D11RHI: GPU Timing Frequency: 1000.000000 (Debug: 2 1)
[2017.01.08-17.43.14:755][  0]LogShaderCompilers: Guid format shader working directory is -18 characters bigger than the processId version (D:/AlefRGamer/Documents/Unreal Projects/CyberPunk_Unreal_Project/Intermediate/Shaders/WorkingDirectory/7692/).
[2017.01.08-17.43.14:755][  0]LogShaderCompilers: Cleaned the shader compiler working directory 'C:/Users/alefr/AppData/Local/Temp/UnrealShaderWorkingDir/3372BDDA4B9324B820FD42A40D34020C/'.
[2017.01.08-17.43.14:755][  0]LogShaderCompilers:Display: Using Local Shader Compiler.
[2017.01.08-17.43.15:909][  0]LogTemp:Display: Loaded TP AllDesktopTargetPlatform
[2017.01.08-17.43.15:978][  0]LogTemp:Display: Loaded TP MacClientTargetPlatform
[2017.01.08-17.43.16:045][  0]LogTemp:Display: Loaded TP MacNoEditorTargetPlatform
[2017.01.08-17.43.16:112][  0]LogTemp:Display: Loaded TP MacServerTargetPlatform
[2017.01.08-17.43.16:177][  0]LogTemp:Display: Loaded TP MacTargetPlatform
[2017.01.08-17.43.16:239][  0]LogTemp:Display: Loaded TP WindowsClientTargetPlatform
[2017.01.08-17.43.16:303][  0]LogTemp:Display: Loaded TP WindowsNoEditorTargetPlatform
[2017.01.08-17.43.16:369][  0]LogTemp:Display: Loaded TP WindowsServerTargetPlatform
[2017.01.08-17.43.16:420][  0]LogTemp:Display: Loaded TP WindowsTargetPlatform
[2017.01.08-17.43.16:482][  0]LogTemp:Display: Loaded TP AndroidTargetPlatform
[2017.01.08-17.43.16:543][  0]LogTemp:Display: Loaded TP Android_ASTCTargetPlatform
[2017.01.08-17.43.16:606][  0]LogTemp:Display: Loaded TP Android_ATCTargetPlatform
[2017.01.08-17.43.16:669][  0]LogTemp:Display: Loaded TP Android_DXTTargetPlatform
[2017.01.08-17.43.16:730][  0]LogTemp:Display: Loaded TP Android_ETC1TargetPlatform
[2017.01.08-17.43.16:793][  0]LogTemp:Display: Loaded TP Android_ETC2TargetPlatform
[2017.01.08-17.43.16:916][  0]LogTemp:Display: Loaded TP Android_MultiTargetPlatform
[2017.01.08-17.43.16:916][  0]LogTemp:Display: Loaded TP Android_PVRTCTargetPlatform
[2017.01.08-17.43.16:962][  0]LogTemp:Display: Loaded TP HTML5TargetPlatform
[2017.01.08-17.43.17:061][  0]LogTemp:Display: Loaded TP IOSTargetPlatform
[2017.01.08-17.43.17:102][  0]LogTemp:Display: Loaded TP TVOSTargetPlatform
[2017.01.08-17.43.17:166][  0]LogTemp:Display: Loaded TP LinuxClientTargetPlatform
[2017.01.08-17.43.17:232][  0]LogTemp:Display: Loaded TP LinuxNoEditorTargetPlatform
[2017.01.08-17.43.17:298][  0]LogTemp:Display: Loaded TP LinuxServerTargetPlatform
[2017.01.08-17.43.17:365][  0]LogTemp:Display: Loaded TP LinuxTargetPlatform
[2017.01.08-17.43.17:365][  0]LogTargetPlatformManager:Display: Building Assets For Windows
[2017.01.08-17.43.17:837][  0]LogDerivedDataCache:Display: Max Cache Size: 512 MB
[2017.01.08-17.43.17:900][  0]LogDerivedDataCache: Loaded boot cache 0.06s 50MB C:/Users/alefr/AppData/Local/UnrealEngine/4.14/DerivedDataCache/Boot.ddc.
[2017.01.08-17.43.17:900][  0]LogDerivedDataCache:Display: Loaded Boot cache: C:/Users/alefr/AppData/Local/UnrealEngine/4.14/DerivedDataCache/Boot.ddc
[2017.01.08-17.43.17:900][  0]LogDerivedDataCache: FDerivedDataBackendGraph:  Pak pak cache file D:/AlefRGamer/Documents/Unreal Projects/CyberPunk_Unreal_Project/DerivedDataCache/DDC.ddp not found, will not use a pak cache.
[2017.01.08-17.43.17:900][  0]LogDerivedDataCache: Unable to find inner node Pak for hierarchical cache Hierarchy.
[2017.01.08-17.43.17:900][  0]LogDerivedDataCache: FDerivedDataBackendGraph:  CompressedPak pak cache file D:/AlefRGamer/Documents/Unreal Projects/CyberPunk_Unreal_Project/DerivedDataCache/Compressed.ddp not found, will not use a pak cache.
[2017.01.08-17.43.17:900][  0]LogDerivedDataCache: Unable to find inner node CompressedPak for hierarchical cache Hierarchy.
[2017.01.08-17.43.17:919][  0]LogDerivedDataCache:Display: Pak cache opened for reading ../../../Engine/DerivedDataCache/Compressed.ddp.
[2017.01.08-17.43.17:931][  0]LogDerivedDataCache: Using Local data cache path C:/Users/alefr/AppData/Local/UnrealEngine/Common/DerivedDataCache: Writable
[2017.01.08-17.43.18:180][  0]LogInit: Selected Device Profile: [Windows]
[2017.01.08-17.43.18:184][  0]LogContentStreaming: Texture pool size is 0.00 MB
[2017.01.08-17.43.18:421][  0]LogMeshUtilities: Using QuadricMeshReduction for automatic static mesh reduction
[2017.01.08-17.43.18:472][  0]LogSimplygon: Simplygon DLL not present - disabling.
[2017.01.08-17.43.18:526][  0]LogMeshUtilities: Using SimplygonSwarm for distributed automatic mesh merging
[2017.01.08-17.43.18:526][  0]LogMeshUtilities: No automatic skeletal mesh reduction module available
[2017.01.08-17.43.18:526][  0]LogMeshUtilities: No automatic mesh merging module available
[2017.01.08-17.43.19:092][  0]LogNetVersion: GetLocalNetworkVersion: CL: 3195953, ProjectName: cyberpunk_unreal_project, ProjectVersion: , EngineNetworkVersion: 2, GameNetworkVersion: 0, NetworkChecksum: 1747080424
[2017.01.08-17.43.19:155][  0]LogAssetRegistry: FAssetRegistry took 0.0217 seconds to start up
[2017.01.08-17.43.19:204][  0]LogPackageLocalizationCache: Processed 3 localized package path(s) for 1 prioritized culture(s) in 0.022060 seconds
[2017.01.08-17.43.19:210][  0]LogUObjectArray: 31946 objects as part of root set at end of initial load.
[2017.01.08-17.43.19:210][  0]LogUObjectAllocator: 6935848 out of 0 bytes used by permanent object pool.
[2017.01.08-17.43.19:210][  0]LogUObjectArray: CloseDisregardForGC: 0/0 objects in disregard for GC pool
[2017.01.08-17.43.19:284][  0]LogInit: WinSock: version 1.1 (2.2), MaxSocks=32767, MaxUdp=65467
[2017.01.08-17.43.20:134][  0]LogSlate: Using Freetype 2.6.0
[2017.01.08-17.43.20:135][  0]LogSlate: SlateFontCache - WITH_FREETYPE: 1, WITH_HARFBUZZ: 1
[2017.01.08-17.43.20:135][  0]LogSlate: SlateFontCache - WITH_FREETYPE: 1, WITH_HARFBUZZ: 1
[2017.01.08-17.43.20:997][  0]LogTcpMessaging: Initializing TcpMessaging bridge
[2017.01.08-17.43.21:044][  0]LogUdpMessaging: Initializing bridge on interface 0.0.0.0:0 to multicast group 230.0.0.1:6666.
[2017.01.08-17.43.21:408][  0]LogMaterial: Uniform references updated for custom material expression Custom.
[2017.01.08-17.43.21:870][  0]SourceControl: Info Source control is disabled
[2017.01.08-17.43.21:908][  0]SourceControl: Info Source control is disabled
[2017.01.08-17.43.21:968][  0]SourceControl: Info Source control is disabled
[2017.01.08-17.43.22:026][  0]SourceControl: Info Source control is disabled
[2017.01.08-17.43.23:755][  0]LogEngine: Initializing Engine...
[2017.01.08-17.43.23:755][  0]LogHMD: Failed to initialize OpenVR with code 110
[2017.01.08-17.43.24:042][  0]LogAIModule: Creating AISystem for world Untitled
[2017.01.08-17.43.24:048][  0]LogInit: XAudio2 using 'Alto-falantes (VIA HD Audio(Win 10))' : 2 channels at 48 kHz using 32 bits per sample (channel mask 0x3)
[2017.01.08-17.43.24:061][  0]LogInit: FAudioDevice initialized.
[2017.01.08-17.43.24:102][  0]LogDerivedDataCache: Saved boot cache 0.04s 50MB C:/Users/alefr/AppData/Local/UnrealEngine/4.14/DerivedDataCache/Boot.ddc.
[2017.01.08-17.43.24:115][  0]LogInit: Texture streaming: Enabled
[2017.01.08-17.43.24:362][  0]LogInit: Transaction tracking system initialized
[2017.01.08-17.43.24:845][  0]BlueprintLog: New page: Editor Load
[2017.01.08-17.43.25:985][  0]LocalizationService: Info Localization service is disabled
[2017.01.08-17.43.27:223][  0]LogConsoleResponse:Display: 
[2017.01.08-17.43.27:509][  0]LogCook:Display: Max memory allowance for cook 16384mb min free memory 0mb
[2017.01.08-17.43.27:509][  0]LogCook:Display: Mobile HDR setting 1
[2017.01.08-17.43.28:171][  0]LogFileCache: Scanning file cache for directory 'D:/AlefRGamer/Documents/Unreal Projects/CyberPunk_Unreal_Project/Content/' took 0.02s
[2017.01.08-17.43.28:769][  0]SourceControl: Info Source control is disabled
[2017.01.08-17.43.28:769][  0]Cmd: MAP LOAD FILE="D:/AlefRGamer/Documents/Unreal Projects/CyberPunk_Unreal_Project/Content/ThirdPersonBP/Maps/ThirdPersonExampleMap.umap" TEMPLATE=0 SHOWPROGRESS=1 FEATURELEVEL=3
[2017.01.08-17.43.28:769][  0]LightingResults: New page: Lighting Build
[2017.01.08-17.43.28:821][  0]MapCheck: New page: Map Check
[2017.01.08-17.43.28:821][  0]LightingResults: New page: Lighting Build
[2017.01.08-17.43.34:527][  0]LogAIModule: Creating AISystem for world ThirdPersonExampleMap
[2017.01.08-17.43.34:694][  0]LogEditorServer: Finished looking for orphan Actors (0.000 secs)
[2017.01.08-17.43.34:710][  0]Cmd: MAP CHECKDEP NOCLEARLOG
[2017.01.08-17.43.34:776][  0]MapCheck: Info Map check complete: 0 Error(s), 0 Warning(s), took 66.053ms to complete.
[2017.01.08-17.43.34:776][  0]LogFileHelpers: Loading map 'ThirdPersonExampleMap' took 6.007
[2017.01.08-17.43.34:854][  0]LogWindowsTextInputMethodSystem:Display: IME system now deactivated.
[2017.01.08-17.43.35:483][  0]LogCollectionManager: Loaded 0 collections in 0.002137 seconds
[2017.01.08-17.43.35:598][  0]LogFileCache: Scanning file cache for directory 'D:/AlefRGamer/Documents/Unreal Projects/CyberPunk_Unreal_Project/Saved/Collections/' took 0.01s
[2017.01.08-17.43.35:598][  0]LogFileCache: Scanning file cache for directory 'D:/AlefRGamer/Documents/Unreal Projects/CyberPunk_Unreal_Project/Content/Developers/alefr/Collections/' took 0.01s
[2017.01.08-17.43.35:598][  0]LogFileCache: Scanning file cache for directory 'D:/AlefRGamer/Documents/Unreal Projects/CyberPunk_Unreal_Project/Content/Collections/' took 0.01s
[2017.01.08-17.43.35:598][  0]LogCollectionManager: Rebuilt the GUID cache for 0 collections in 0.000002 seconds
[2017.01.08-17.43.35:616][  0]LogContentBrowser: Native class hierarchy populated in 0.0166 seconds. Added 2191 classes and 430 folders.
[2017.01.08-17.43.35:679][  0]LogStats: UGameplayTagsManager::ConstructGameplayTagTree: Construct from data asset -  0.000 s
[2017.01.08-17.43.35:687][  0]LogStats: UGameplayTagsManager::ConstructGameplayTagTree: GameplayTagTreeChangedEvent.Broadcast -  0.008 s
[2017.01.08-17.43.35:689][  0]LogContentBrowser: Native class hierarchy updated for 'GameplayTags' in 0.0006 seconds. Added 13 classes and 0 folders.
[2017.01.08-17.43.35:779][  0]LogContentBrowser: Native class hierarchy updated for 'WidgetCarousel' in 0.0005 seconds. Added 0 classes and 0 folders.
[2017.01.08-17.43.37:031][  0]LogContentBrowser: Native class hierarchy updated for 'AddContentDialog' in 0.0005 seconds. Added 0 classes and 0 folders.
[2017.01.08-17.43.37:386][  0]LogCrashTracker: Crashtracker disabled due to settings.
[2017.01.08-17.43.37:535][  0]LogUObjectGlobals:Warning: Failed to find object 'Class None.'
[2017.01.08-17.43.37:652][  0]LogContentBrowser: Native class hierarchy updated for 'HierarchicalLODOutliner' in 0.0005 seconds. Added 1 classes and 2 folders.
[2017.01.08-17.43.37:653][  0]LogLoad: (Engine Initialization) Total time: 27.16 seconds
[2017.01.08-17.43.37:653][  0]LogLoad: (Engine Initialization) Total Blueprint compile time: 0.35 seconds
[2017.01.08-17.43.37:653][  0]LogExternalProfiler: Found external profiler: VSPerf
[2017.01.08-17.43.37:653][  0]LogExternalProfiler: Using external profiler: VSPerf
[2017.01.08-17.43.37:662][  0]LogOcInput: OculusInput pre-init called
[2017.01.08-17.43.37:769][  0]LogContentStreaming: Texture pool size now 3000 MB
[2017.01.08-17.43.38:191][  0]LogRenderer: Reallocating scene render targets to support 1116x480 NumSamples 1 (Frame:2).
[2017.01.08-17.43.38:472][  1]LogAssetRegistry: Asset discovery search completed in 19.3380 seconds
[2017.01.08-17.43.38:472][  1]LogCollectionManager: Rebuilt the object cache for 0 collections in 0.000001 seconds (found 0 objects)
[2017.01.08-17.43.38:472][  1]LogCollectionManager: Fixed up redirectors for 0 collections in 0.000032 seconds (updated 0 objects)
[2017.01.08-17.44.17:801][506]LogSavePackage: Save=31.25ms
[2017.01.08-17.44.17:801][506]LogSavePackage: Moving 'D:/AlefRGamer/Documents/Unreal Projects/CyberPunk_Unreal_Project/Saved/BlendSpaceMovieE827816E4F349622F575589E537B0AE7.tmp' to 'D:/AlefRGamer/Documents/Unreal Projects/CyberPunk_Unreal_Project/Content/Char_Binary/Animation/BlendSpaceMovie.uasset'
[2017.01.08-17.44.17:837][506]LogSavePackage:Display: Finished SavePackage D:/AlefRGamer/Documents/Unreal Projects/CyberPunk_Unreal_Project/Content/Char_Binary/Animation/BlendSpaceMovie.uasset
[2017.01.08-17.44.18:108][506]LogSavePackage: Save=73.34ms
[2017.01.08-17.44.18:108][506]LogSavePackage: Moving 'D:/AlefRGamer/Documents/Unreal Projects/CyberPunk_Unreal_Project/Saved/AnimBlueprintCB3AA0CEAB4DD54D9E6E67AB93E456351E.tmp' to 'D:/AlefRGamer/Documents/Unreal Projects/CyberPunk_Unreal_Project/Content/Char_Binary/Animation/AnimBlueprintCB.uasset'
[2017.01.08-17.44.18:130][506]LogSavePackage:Display: Finished SavePackage D:/AlefRGamer/Documents/Unreal Projects/CyberPunk_Unreal_Project/Content/Char_Binary/Animation/AnimBlueprintCB.uasset
[2017.01.08-17.44.30:135][529]LogSavePackage: Save=16.83ms
[2017.01.08-17.44.30:135][529]LogSavePackage: Moving 'D:/AlefRGamer/Documents/Unreal Projects/CyberPunk_Unreal_Project/Saved/BlendSpaceMovimention29B99AA844F102932587D397E4BCC82C.tmp' to 'D:/AlefRGamer/Documents/Unreal Projects/CyberPunk_Unreal_Project/Content/Char_Binary/Animation/BlendSpaceMovimention.uasset'
[2017.01.08-17.44.30:136][529]LogSavePackage:Display: Finished SavePackage D:/AlefRGamer/Documents/Unreal Projects/CyberPunk_Unreal_Project/Content/Char_Binary/Animation/BlendSpaceMovimention.uasset
[2017.01.08-17.44.30:305][529]LogSavePackage: Save=68.92ms
[2017.01.08-17.44.30:305][529]LogSavePackage: Moving 'D:/AlefRGamer/Documents/Unreal Projects/CyberPunk_Unreal_Project/Saved/AnimBlueprintCB3729390941159A4C56959EBD22EAFEB5.tmp' to 'D:/AlefRGamer/Documents/Unreal Projects/CyberPunk_Unreal_Project/Content/Char_Binary/Animation/AnimBlueprintCB.uasset'
[2017.01.08-17.44.30:306][529]LogSavePackage:Display: Finished SavePackage D:/AlefRGamer/Documents/Unreal Projects/CyberPunk_Unreal_Project/Content/Char_Binary/Animation/AnimBlueprintCB.uasset
[2017.01.08-17.45.37:454][135]LogSkeletalMesh: InitArticulated: Bodies already created (/Engine/Transient.DebugSkelMeshComponent_0) - call TermArticulated first.
[2017.01.08-17.45.37:845][135]LogContentBrowser:Verbose: The majority of assets in the view are of type: AnimSequence
[2017.01.08-17.46.26:322][322]LogSkeletalMesh: InitArticulated: Bodies already created (/Engine/Transient.DebugSkelMeshComponent_3) - call TermArticulated first.
[2017.01.08-17.46.26:470][322]LogContentBrowser:Verbose: The majority of assets in the view are of type: AnimSequence
[2017.01.08-17.46.44:599][423]LogBlendSpaceBase:Warning: Parameter invalid
[2017.01.08-17.46.44:599][423]LogBlendSpaceBase:Warning: Parameter invalid
[2017.01.08-17.46.50:957][808]LogBlendSpaceBase:Warning: Parameter invalid
[2017.01.08-17.46.50:957][808]LogBlendSpaceBase:Warning: Parameter invalid
[2017.01.08-17.47.48:707][244]LogSavePackage: Save=21.50ms
[2017.01.08-17.47.48:707][244]LogSavePackage: Moving 'D:/AlefRGamer/Documents/Unreal Projects/CyberPunk_Unreal_Project/Saved/BlendSpaceCrouchingA64C87E947DE34F6CE27269F218DD9F7.tmp' to 'D:/AlefRGamer/Documents/Unreal Projects/CyberPunk_Unreal_Project/Content/Char_Binary/Animation/BlendSpaceCrouching.uasset'
[2017.01.08-17.47.48:709][244]LogSavePackage:Display: Finished SavePackage D:/AlefRGamer/Documents/Unreal Projects/CyberPunk_Unreal_Project/Content/Char_Binary/Animation/BlendSpaceCrouching.uasset
[2017.01.08-17.57.13:535][971]LogFileHelpers: Editor autosave (incl. sublevels) for '/Game/ThirdPersonBP/Maps/ThirdPersonExampleMap' took 0.012
[2017.01.08-17.57.13:537][971]OBJ SavePackage: Generating thumbnails for [0] asset(s) in package [/Game/Char_Binary/Animation/BlendSpaceCrouching] ([1] browsable assets)...
[2017.01.08-17.57.13:537][971]OBJ SavePackage: Finished generating thumbnails for package [/Game/Char_Binary/Animation/BlendSpaceCrouching]
[2017.01.08-17.57.13:560][971]LogSavePackage: Save=6.56ms
[2017.01.08-17.57.13:560][971]LogSavePackage: Moving 'D:/AlefRGamer/Documents/Unreal Projects/CyberPunk_Unreal_Project/Saved/BlendSpaceCrouching_Auto1F1D01C1E49A36CB98247C380E6CBC2C5.tmp' to 'D:/AlefRGamer/Documents/Unreal Projects/CyberPunk_Unreal_Project/Saved/Autosaves/Game/Char_Binary/Animation/BlendSpaceCrouching_Auto1.uasset'
[2017.01.08-17.57.13:561][971]LogSavePackage:Display: Finished SavePackage D:/AlefRGamer/Documents/Unreal Projects/CyberPunk_Unreal_Project/Saved/Autosaves/Game/Char_Binary/Animation/BlendSpaceCrouching_Auto1.uasset
[2017.01.08-17.57.13:561][971]LogFileHelpers: Auto-saving content packages took 0.025
[2017.01.08-18.01.14:748][548]LogSavePackage: Save=12.62ms
[2017.01.08-18.01.14:748][548]LogSavePackage: Moving 'D:/AlefRGamer/Documents/Unreal Projects/CyberPunk_Unreal_Project/Saved/BlendSpaceCrouching2629974D44AB75E3CAEDFD8B30CA01BA.tmp' to 'D:/AlefRGamer/Documents/Unreal Projects/CyberPunk_Unreal_Project/Content/Char_Binary/Animation/BlendSpaceCrouching.uasset'
[2017.01.08-18.01.14:750][548]LogSavePackage:Display: Finished SavePackage D:/AlefRGamer/Documents/Unreal Projects/CyberPunk_Unreal_Project/Content/Char_Binary/Animation/BlendSpaceCrouching.uasset
[2017.01.08-18.01.21:569][920]LogSavePackage: Save=6.50ms
[2017.01.08-18.01.21:569][920]LogSavePackage: Moving 'D:/AlefRGamer/Documents/Unreal Projects/CyberPunk_Unreal_Project/Saved/BlendSpaceCrouching47F5F8D849AFC7C06BD538B12474F2E6.tmp' to 'D:/AlefRGamer/Documents/Unreal Projects/CyberPunk_Unreal_Project/Content/Char_Binary/Animation/BlendSpaceCrouching.uasset'
[2017.01.08-18.01.21:607][920]LogSavePackage:Display: Finished SavePackage D:/AlefRGamer/Documents/Unreal Projects/CyberPunk_Unreal_Project/Content/Char_Binary/Animation/BlendSpaceCrouching.uasset
[2017.01.08-18.07.13:685][ 55]LogFileHelpers: Editor autosave (incl. sublevels) for '/Game/ThirdPersonBP/Maps/ThirdPersonExampleMap' took 0.009
[2017.01.08-18.07.13:686][ 55]OBJ SavePackage: Generating thumbnails for [0] asset(s) in package [/Game/Char_Binary/Animation/BlendSpaceCrouching] ([1] browsable assets)...
[2017.01.08-18.07.13:686][ 55]OBJ SavePackage: Finished generating thumbnails for package [/Game/Char_Binary/Animation/BlendSpaceCrouching]
[2017.01.08-18.07.13:714][ 55]LogSavePackage: Save=11.91ms
[2017.01.08-18.07.13:715][ 55]LogSavePackage: Moving 'D:/AlefRGamer/Documents/Unreal Projects/CyberPunk_Unreal_Project/Saved/BlendSpaceCrouching_Auto2902C96994BB33434A77DA09C569F8662.tmp' to 'D:/AlefRGamer/Documents/Unreal Projects/CyberPunk_Unreal_Project/Saved/Autosaves/Game/Char_Binary/Animation/BlendSpaceCrouching_Auto2.uasset'
[2017.01.08-18.07.13:715][ 55]LogSavePackage:Display: Finished SavePackage D:/AlefRGamer/Documents/Unreal Projects/CyberPunk_Unreal_Project/Saved/Autosaves/Game/Char_Binary/Animation/BlendSpaceCrouching_Auto2.uasset
[2017.01.08-18.07.13:715][ 55]LogFileHelpers: Auto-saving content packages took 0.030
[2017.01.08-18.18.38:712][512]LogSavePackage: Save=12.75ms
[2017.01.08-18.18.38:712][512]LogSavePackage: Moving 'D:/AlefRGamer/Documents/Unreal Projects/CyberPunk_Unreal_Project/Saved/BlendSpaceCrouchingAFDEA7BD4AA250F8BC625BAE707494EE.tmp' to 'D:/AlefRGamer/Documents/Unreal Projects/CyberPunk_Unreal_Project/Content/Char_Binary/Animation/BlendSpaceCrouching.uasset'
[2017.01.08-18.18.38:714][512]LogSavePackage:Display: Finished SavePackage D:/AlefRGamer/Documents/Unreal Projects/CyberPunk_Unreal_Project/Content/Char_Binary/Animation/BlendSpaceCrouching.uasset
[2017.01.08-18.20.00:263][ 28]LogFileHelpers: Editor autosave (incl. sublevels) for '/Game/ThirdPersonBP/Maps/ThirdPersonExampleMap' took 0.010
[2017.01.08-18.20.00:265][ 28]OBJ SavePackage: Generating thumbnails for [0] asset(s) in package [/Game/Char_Binary/Animation/BlendSpaceCrouching] ([1] browsable assets)...
[2017.01.08-18.20.00:265][ 28]OBJ SavePackage: Finished generating thumbnails for package [/Game/Char_Binary/Animation/BlendSpaceCrouching]
[2017.01.08-18.20.00:282][ 28]LogSavePackage: Save=14.99ms
[2017.01.08-18.20.00:282][ 28]LogSavePackage: Moving 'D:/AlefRGamer/Documents/Unreal Projects/CyberPunk_Unreal_Project/Saved/BlendSpaceCrouching_Auto37102DE4843110754F28968B37821E230.tmp' to 'D:/AlefRGamer/Documents/Unreal Projects/CyberPunk_Unreal_Project/Saved/Autosaves/Game/Char_Binary/Animation/BlendSpaceCrouching_Auto3.uasset'
[2017.01.08-18.20.00:283][ 28]LogSavePackage:Display: Finished SavePackage D:/AlefRGamer/Documents/Unreal Projects/CyberPunk_Unreal_Project/Saved/Autosaves/Game/Char_Binary/Animation/BlendSpaceCrouching_Auto3.uasset
[2017.01.08-18.20.00:284][ 28]LogFileHelpers: Auto-saving content packages took 0.019
[2017.01.08-18.21.03:113][430]LogSavePackage: Save=6.60ms
[2017.01.08-18.21.03:114][430]LogSavePackage: Moving 'D:/AlefRGamer/Documents/Unreal Projects/CyberPunk_Unreal_Project/Saved/BlendSpaceCrouchingDE0A60924CDC18BB05222F98353963A3.tmp' to 'D:/AlefRGamer/Documents/Unreal Projects/CyberPunk_Unreal_Project/Content/Char_Binary/Animation/BlendSpaceCrouching.uasset'
[2017.01.08-18.21.03:115][430]LogSavePackage:Display: Finished SavePackage D:/AlefRGamer/Documents/Unreal Projects/CyberPunk_Unreal_Project/Content/Char_Binary/Animation/BlendSpaceCrouching.uasset
[2017.01.08-18.21.19:926][368]LogSavePackage: Save=6.39ms
[2017.01.08-18.21.19:926][368]LogSavePackage: Moving 'D:/AlefRGamer/Documents/Unreal Projects/CyberPunk_Unreal_Project/Saved/BlendSpaceCrouching553AD760417EBF6D1CA4509A3857F130.tmp' to 'D:/AlefRGamer/Documents/Unreal Projects/CyberPunk_Unreal_Project/Content/Char_Binary/Animation/BlendSpaceCrouching.uasset'
[2017.01.08-18.21.19:928][368]LogSavePackage:Display: Finished SavePackage D:/AlefRGamer/Documents/Unreal Projects/CyberPunk_Unreal_Project/Content/Char_Binary/Animation/BlendSpaceCrouching.uasset
[2017.01.08-18.22.55:552][ 34]LogSavePackage: Save=361.13ms
[2017.01.08-18.22.55:552][ 34]LogSavePackage: Moving 'D:/AlefRGamer/Documents/Unreal Projects/CyberPunk_Unreal_Project/Saved/ThirdPersonExampleMap4ED4DDEE4A2DD4CFEE7DF7A79469DF0B.tmp' to 'D:/AlefRGamer/Documents/Unreal Projects/CyberPunk_Unreal_Project/Content/ThirdPersonBP/Maps/ThirdPersonExampleMap.umap'
[2017.01.08-18.22.55:557][ 34]LogSavePackage:Display: Finished SavePackage D:/AlefRGamer/Documents/Unreal Projects/CyberPunk_Unreal_Project/Content/ThirdPersonBP/Maps/ThirdPersonExampleMap.umap
[2017.01.08-18.22.55:957][ 34]LogSavePackage: Save=231.64ms
[2017.01.08-18.22.55:957][ 34]LogSavePackage: Moving 'D:/AlefRGamer/Documents/Unreal Projects/CyberPunk_Unreal_Project/Saved/ThirdPersonExampleMap_BuiltData193B19E24E3791F0CD76EAB3F608F12C.tmp' to 'D:/AlefRGamer/Documents/Unreal Projects/CyberPunk_Unreal_Project/Content/ThirdPersonBP/Maps/ThirdPersonExampleMap_BuiltData.uasset'
[2017.01.08-18.22.55:972][ 34]LogSavePackage:Display: Finished SavePackage D:/AlefRGamer/Documents/Unreal Projects/CyberPunk_Unreal_Project/Content/ThirdPersonBP/Maps/ThirdPersonExampleMap_BuiltData.uasset
[2017.01.08-18.24.31:570][666]LogSavePackage: Save=116.99ms
[2017.01.08-18.24.31:570][666]LogSavePackage: Moving 'D:/AlefRGamer/Documents/Unreal Projects/CyberPunk_Unreal_Project/Saved/ThirdPersonExampleMapB9AE04154BF417E09189B88DD631B7D3.tmp' to 'D:/AlefRGamer/Documents/Unreal Projects/CyberPunk_Unreal_Project/Content/ThirdPersonBP/Maps/ThirdPersonExampleMap.umap'
[2017.01.08-18.24.31:572][666]LogSavePackage:Display: Finished SavePackage D:/AlefRGamer/Documents/Unreal Projects/CyberPunk_Unreal_Project/Content/ThirdPersonBP/Maps/ThirdPersonExampleMap.umap
[2017.01.08-18.24.31:797][666]LogSavePackage: Save=198.66ms
[2017.01.08-18.24.31:798][666]LogSavePackage: Moving 'D:/AlefRGamer/Documents/Unreal Projects/CyberPunk_Unreal_Project/Saved/ThirdPersonExampleMap_BuiltData64DE9DB945739C339225139AAC0C912D.tmp' to 'D:/AlefRGamer/Documents/Unreal Projects/CyberPunk_Unreal_Project/Content/ThirdPersonBP/Maps/ThirdPersonExampleMap_BuiltData.uasset'
[2017.01.08-18.24.31:799][666]LogSavePackage:Display: Finished SavePackage D:/AlefRGamer/Documents/Unreal Projects/CyberPunk_Unreal_Project/Content/ThirdPersonBP/Maps/ThirdPersonExampleMap_BuiltData.uasset
[2017.01.08-18.30.52:027][820]LogSavePackage: Save=106.57ms
[2017.01.08-18.30.52:027][820]LogSavePackage: Moving 'D:/AlefRGamer/Documents/Unreal Projects/CyberPunk_Unreal_Project/Saved/ThirdPersonExampleMap97B12F0541D95580941F75B7B1EE2001.tmp' to 'D:/AlefRGamer/Documents/Unreal Projects/CyberPunk_Unreal_Project/Content/ThirdPersonBP/Maps/ThirdPersonExampleMap.umap'
[2017.01.08-18.30.52:029][820]LogSavePackage:Display: Finished SavePackage D:/AlefRGamer/Documents/Unreal Projects/CyberPunk_Unreal_Project/Content/ThirdPersonBP/Maps/ThirdPersonExampleMap.umap
[2017.01.08-18.30.52:222][820]LogSavePackage: Save=131.72ms
[2017.01.08-18.30.52:222][820]LogSavePackage: Moving 'D:/AlefRGamer/Documents/Unreal Projects/CyberPunk_Unreal_Project/Saved/ThirdPersonExampleMap_BuiltDataB3DABBA3475B633A5485CEA551166479.tmp' to 'D:/AlefRGamer/Documents/Unreal Projects/CyberPunk_Unreal_Project/Content/ThirdPersonBP/Maps/ThirdPersonExampleMap_BuiltData.uasset'
[2017.01.08-18.30.52:224][820]LogSavePackage:Display: Finished SavePackage D:/AlefRGamer/Documents/Unreal Projects/CyberPunk_Unreal_Project/Content/ThirdPersonBP/Maps/ThirdPersonExampleMap_BuiltData.uasset
[2017.01.08-18.31.06:090][660]LogSlate: Only BGRA pngs, bmps or icos are supported in by External Image Picker
[2017.01.08-18.31.06:649][695]LogTemp:Display: Executing iPhonePackager certificates Engine -bundlename com.YourCompany.CyberPunkUnrealProject

[2017.01.08-18.31.06:649][695]LogTemp:Display: CWD: C:\Program Files (x86)\Epic Games\4.14\Engine\Binaries\DotNet\IOS

[2017.01.08-18.31.06:649][695]LogTemp:Display: Initial Dir: C:\Program Files (x86)\Epic Games\4.14

[2017.01.08-18.31.06:649][695]LogTemp:Display: Env CWD: C:\Program Files (x86)\Epic Games\4.14\Engine\Binaries\DotNet\IOS

[2017.01.08-18.31.06:657][696]LogTemp:Display: BranchPath = DESKTOP-CNJIFR0/C/Program Files (x86)/Epic Games/4.14/Engine/Binaries --- GameBranchPath = DESKTOP-CNJIFR0/C/Program Files (x86)/Epic Games/4.14/Engine/Binaries

[2017.01.08-18.31.07:217][763]LogTemp:Display: IPP ERROR: Application exception: System.IO.DirectoryNotFoundException: N?o foi poss?vel localizar uma parte do caminho 'C:\Users\alefr\AppData\Local\Apple Computer\MobileDevice\Provisioning Profiles'.

[2017.01.08-18.31.07:217][763]LogTemp:Display:    em System.IO.__Error.WinIOError(Int32 errorCode, String maybeFullPath)

[2017.01.08-18.31.07:217][763]LogTemp:Display:    em System.IO.FileSystemEnumerableIterator`1.CommonInit()

[2017.01.08-18.31.07:217][763]LogTemp:Display:    em System.IO.Directory.EnumerateFiles(String path, String searchPattern)

[2017.01.08-18.31.07:217][763]LogTemp:Display:    em iPhonePackager.CodeSignatureBuilder.FindProvisions(String CFBundleIdentifier)

[2017.01.08-18.31.07:217][763]LogTemp:Display:    em iPhonePackager.Program.Main(String[] args)

[2017.01.08-18.36.11:717][863]LogContentBrowser: Native class hierarchy updated for 'BlueprintGraph' in 0.0016 seconds. Added 111 classes and 0 folders.
[2017.01.08-18.36.12:692][863]LogSkeletalMesh: InitArticulated: Bodies already created (/Engine/Transient.DebugSkelMeshComponent_5) - call TermArticulated first.
[2017.01.08-18.36.54:469][298]LogSavePackage: Save=48.99ms
[2017.01.08-18.36.54:469][298]LogSavePackage: Moving 'D:/AlefRGamer/Documents/Unreal Projects/CyberPunk_Unreal_Project/Saved/AnimBlueprintCB5D9F980C4F0C15A3CA2939997641B5E2.tmp' to 'D:/AlefRGamer/Documents/Unreal Projects/CyberPunk_Unreal_Project/Content/Char_Binary/Animation/AnimBlueprintCB.uasset'
[2017.01.08-18.36.54:470][298]LogSavePackage:Display: Finished SavePackage D:/AlefRGamer/Documents/Unreal Projects/CyberPunk_Unreal_Project/Content/Char_Binary/Animation/AnimBlueprintCB.uasset
