Log file open, 01/05/17 09:19:44
LogInit:Display: Running engine for game: MyProject
LogPlatformFile: Not using cached read wrapper
LogInit:Display: RandInit(-1299930218) SRandInit(-1299930218).
LogTaskGraph: Started task graph with 5 named threads and 8 total threads with 1 sets of task threads.
LogStats: Stats thread started at 0.083198
LogPluginManager: Loaded Plugin Paper2D, From C:/Program Files (x86)/Epic Games/4.14/Engine/Plugins/2D/Paper2D/Paper2D.uplugin
LogPluginManager: Loaded Plugin LightPropagationVolume, From C:/Program Files (x86)/Epic Games/4.14/Engine/Plugins/Blendables/LightPropagationVolume/LightPropagationVolume.uplugin
LogPluginManager: Loaded Plugin BlankPlugin, From C:/Program Files (x86)/Epic Games/4.14/Engine/Plugins/Developer/BlankPlugin/BlankPlugin.uplugin
LogPluginManager: Loaded Plugin CodeLiteSourceCodeAccess, From C:/Program Files (x86)/Epic Games/4.14/Engine/Plugins/Developer/CodeLiteSourceCodeAccess/CodeLiteSourceCodeAccess.uplugin
LogPluginManager: Loaded Plugin GitSourceControl, From C:/Program Files (x86)/Epic Games/4.14/Engine/Plugins/Developer/GitSourceControl/GitSourceControl.uplugin
LogPluginManager: Loaded Plugin KDevelopSourceCodeAccess, From C:/Program Files (x86)/Epic Games/4.14/Engine/Plugins/Developer/KDevelopSourceCodeAccess/KDevelopSourceCodeAccess.uplugin
LogPluginManager: Loaded Plugin NullSourceCodeAccess, From C:/Program Files (x86)/Epic Games/4.14/Engine/Plugins/Developer/NullSourceCodeAccess/NullSourceCodeAccess.uplugin
LogPluginManager: Loaded Plugin OneSkyLocalizationService, From C:/Program Files (x86)/Epic Games/4.14/Engine/Plugins/Developer/OneSkyLocalizationService/OneSkyLocalizationService.uplugin
LogPluginManager: Loaded Plugin PerforceSourceControl, From C:/Program Files (x86)/Epic Games/4.14/Engine/Plugins/Developer/PerforceSourceControl/PerforceSourceControl.uplugin
LogPluginManager: Loaded Plugin SubversionSourceControl, From C:/Program Files (x86)/Epic Games/4.14/Engine/Plugins/Developer/SubversionSourceControl/SubversionSourceControl.uplugin
LogPluginManager: Loaded Plugin UObjectPlugin, From C:/Program Files (x86)/Epic Games/4.14/Engine/Plugins/Developer/UObjectPlugin/UObjectPlugin.uplugin
LogPluginManager: Loaded Plugin VisualStudioSourceCodeAccess, From C:/Program Files (x86)/Epic Games/4.14/Engine/Plugins/Developer/VisualStudioSourceCodeAccess/VisualStudioSourceCodeAccess.uplugin
LogPluginManager: Loaded Plugin XCodeSourceCodeAccess, From C:/Program Files (x86)/Epic Games/4.14/Engine/Plugins/Developer/XCodeSourceCodeAccess/XCodeSourceCodeAccess.uplugin
LogPluginManager: Loaded Plugin AudioCapture, From C:/Program Files (x86)/Epic Games/4.14/Engine/Plugins/Editor/AudioCapture/AudioCapture.uplugin
LogPluginManager: Loaded Plugin EpicSurvey, From C:/Program Files (x86)/Epic Games/4.14/Engine/Plugins/Editor/EpicSurvey/EpicSurvey.uplugin
LogPluginManager: Loaded Plugin MacGraphicsSwitching, From C:/Program Files (x86)/Epic Games/4.14/Engine/Plugins/Editor/MacGraphicsSwitching/MacGraphicsSwitching.uplugin
LogPluginManager: Loaded Plugin MobileLauncherProfileWizard, From C:/Program Files (x86)/Epic Games/4.14/Engine/Plugins/Editor/MobileLauncherProfileWizard/MobileLauncherProfileWizard.uplugin
LogPluginManager: Loaded Plugin PluginBrowser, From C:/Program Files (x86)/Epic Games/4.14/Engine/Plugins/Editor/PluginBrowser/PluginBrowser.uplugin
LogPluginManager: Loaded Plugin SpeedTreeImporter, From C:/Program Files (x86)/Epic Games/4.14/Engine/Plugins/Editor/SpeedTreeImporter/SpeedTreeImporter.uplugin
LogPluginManager: Loaded Plugin SuperSearchEditor, From C:/Program Files (x86)/Epic Games/4.14/Engine/Plugins/Editor/SuperSearchEditor/SuperSearchEditor.uplugin
LogPluginManager: Loaded Plugin AlembicImporter, From C:/Program Files (x86)/Epic Games/4.14/Engine/Plugins/Experimental/AlembicImporter/AlembicImporter.uplugin
LogPluginManager: Loaded Plugin BlueprintStats, From C:/Program Files (x86)/Epic Games/4.14/Engine/Plugins/Experimental/BlueprintStats/BlueprintStats.uplugin
LogPluginManager: Loaded Plugin CharacterAI, From C:/Program Files (x86)/Epic Games/4.14/Engine/Plugins/Experimental/CharacterAI/CharacterAI.uplugin
LogPluginManager: Loaded Plugin CodeEditor, From C:/Program Files (x86)/Epic Games/4.14/Engine/Plugins/Experimental/CodeEditor/CodeEditor.uplugin
LogPluginManager: Loaded Plugin CodeView, From C:/Program Files (x86)/Epic Games/4.14/Engine/Plugins/Experimental/CodeView/CodeView.uplugin
LogPluginManager: Loaded Plugin HTML5Networking, From C:/Program Files (x86)/Epic Games/4.14/Engine/Plugins/Experimental/HTML5Networking/HTML5Networking.uplugin
LogPluginManager: Loaded Plugin OSVR, From C:/Program Files (x86)/Epic Games/4.14/Engine/Plugins/Experimental/OSVR/OSVR.uplugin
LogPluginManager: Loaded Plugin Phya, From C:/Program Files (x86)/Epic Games/4.14/Engine/Plugins/Experimental/Phya/Phya.uplugin
LogPluginManager: Loaded Plugin SignificanceManager, From C:/Program Files (x86)/Epic Games/4.14/Engine/Plugins/Experimental/SignificanceManager/SignificanceManager.uplugin
LogPluginManager: Loaded Plugin SimpleHMD, From C:/Program Files (x86)/Epic Games/4.14/Engine/Plugins/Experimental/SimpleHMD/SimpleHMD.uplugin
LogPluginManager: Loaded Plugin StereoPanorama, From C:/Program Files (x86)/Epic Games/4.14/Engine/Plugins/Experimental/StereoPanorama/StereoPanorama.uplugin
LogPluginManager: Loaded Plugin StructBox, From C:/Program Files (x86)/Epic Games/4.14/Engine/Plugins/Experimental/StructBox/StructBox.uplugin
LogPluginManager: Loaded Plugin AndroidMedia, From C:/Program Files (x86)/Epic Games/4.14/Engine/Plugins/Media/AndroidMedia/AndroidMedia.uplugin
LogPluginManager: Loaded Plugin AvfMedia, From C:/Program Files (x86)/Epic Games/4.14/Engine/Plugins/Media/AvfMedia/AvfMedia.uplugin
LogPluginManager: Loaded Plugin MediaPlayerEditor, From C:/Program Files (x86)/Epic Games/4.14/Engine/Plugins/Media/MediaPlayerEditor/MediaPlayerEditor.uplugin
LogPluginManager: Loaded Plugin WmfMedia, From C:/Program Files (x86)/Epic Games/4.14/Engine/Plugins/Media/WmfMedia/WmfMedia.uplugin
LogPluginManager: Loaded Plugin MessagingDebugger, From C:/Program Files (x86)/Epic Games/4.14/Engine/Plugins/Messaging/MessagingDebugger/MessagingDebugger.uplugin
LogPluginManager: Loaded Plugin TcpMessaging, From C:/Program Files (x86)/Epic Games/4.14/Engine/Plugins/Messaging/TcpMessaging/TcpMessaging.uplugin
LogPluginManager: Loaded Plugin UdpMessaging, From C:/Program Files (x86)/Epic Games/4.14/Engine/Plugins/Messaging/UdpMessaging/UdpMessaging.uplugin
LogPluginManager: Loaded Plugin LevelSequenceEditor, From C:/Program Files (x86)/Epic Games/4.14/Engine/Plugins/MovieScene/LevelSequenceEditor/LevelSequenceEditor.uplugin
LogPluginManager: Loaded Plugin MatineeToLevelSequence, From C:/Program Files (x86)/Epic Games/4.14/Engine/Plugins/MovieScene/MatineeToLevelSequence/MatineeToLevelSequence.uplugin
LogPluginManager: Loaded Plugin NetcodeUnitTest, From C:/Program Files (x86)/Epic Games/4.14/Engine/Plugins/NetcodeUnitTest/NetcodeUnitTest/NetcodeUnitTest.uplugin
LogPluginManager: Loaded Plugin NUTUnrealEngine4, From C:/Program Files (x86)/Epic Games/4.14/Engine/Plugins/NetcodeUnitTest/NUTUnrealEngine4/NUTUnrealEngine4.uplugin
LogPluginManager: Loaded Plugin OnlineSubsystemGameCircle, From C:/Program Files (x86)/Epic Games/4.14/Engine/Plugins/Online/Android/OnlineSubsystemGameCircle/OnlineSubsystemGameCircle.uplugin
LogPluginManager: Loaded Plugin OnlineSubsystemGooglePlay, From C:/Program Files (x86)/Epic Games/4.14/Engine/Plugins/Online/Android/OnlineSubsystemGooglePlay/OnlineSubsystemGooglePlay.uplugin
LogPluginManager: Loaded Plugin OnlineSubsystemIOS, From C:/Program Files (x86)/Epic Games/4.14/Engine/Plugins/Online/IOS/OnlineSubsystemIOS/OnlineSubsystemIOS.uplugin
LogPluginManager: Loaded Plugin OnlineFramework, From C:/Program Files (x86)/Epic Games/4.14/Engine/Plugins/Online/OnlineFramework/OnlineFramework.uplugin
LogPluginManager: Loaded Plugin OnlineSubsystem, From C:/Program Files (x86)/Epic Games/4.14/Engine/Plugins/Online/OnlineSubsystem/OnlineSubsystem.uplugin
LogPluginManager: Loaded Plugin OnlineSubsystemAmazon, From C:/Program Files (x86)/Epic Games/4.14/Engine/Plugins/Online/OnlineSubsystemAmazon/OnlineSubsystemAmazon.uplugin
LogPluginManager: Loaded Plugin OnlineSubsystemFacebook, From C:/Program Files (x86)/Epic Games/4.14/Engine/Plugins/Online/OnlineSubsystemFacebook/OnlineSubsystemFacebook.uplugin
LogPluginManager: Loaded Plugin OnlineSubsystemNull, From C:/Program Files (x86)/Epic Games/4.14/Engine/Plugins/Online/OnlineSubsystemNull/OnlineSubsystemNull.uplugin
LogPluginManager: Loaded Plugin OnlineSubsystemOculus, From C:/Program Files (x86)/Epic Games/4.14/Engine/Plugins/Online/OnlineSubsystemOculus/OnlineSubsystemOculus.uplugin
LogPluginManager: Loaded Plugin OnlineSubsystemSteam, From C:/Program Files (x86)/Epic Games/4.14/Engine/Plugins/Online/OnlineSubsystemSteam/OnlineSubsystemSteam.uplugin
LogPluginManager: Loaded Plugin OnlineSubsystemUtils, From C:/Program Files (x86)/Epic Games/4.14/Engine/Plugins/Online/OnlineSubsystemUtils/OnlineSubsystemUtils.uplugin
LogPluginManager: Loaded Plugin IOSTapJoy, From C:/Program Files (x86)/Epic Games/4.14/Engine/Plugins/Runtime/Advertising/IOSTapJoy/IOSTapJoy.uplugin
LogPluginManager: Loaded Plugin AnalyticsBlueprintLibrary, From C:/Program Files (x86)/Epic Games/4.14/Engine/Plugins/Runtime/Analytics/AnalyticsBlueprintLibrary/AnalyticsBlueprintLibrary.uplugin
LogPluginManager: Loaded Plugin AnalyticsMulticast, From C:/Program Files (x86)/Epic Games/4.14/Engine/Plugins/Runtime/Analytics/AnalyticsMulticast/AnalyticsMulticast.uplugin
LogPluginManager: Loaded Plugin Apsalar, From C:/Program Files (x86)/Epic Games/4.14/Engine/Plugins/Runtime/Analytics/Apsalar/Apsalar.uplugin
LogPluginManager: Loaded Plugin FileLogging, From C:/Program Files (x86)/Epic Games/4.14/Engine/Plugins/Runtime/Analytics/FileLogging/FileLogging.uplugin
LogPluginManager: Loaded Plugin Flurry, From C:/Program Files (x86)/Epic Games/4.14/Engine/Plugins/Runtime/Analytics/Flurry/Flurry.uplugin
LogPluginManager: Loaded Plugin AndroidDeviceProfileSelector, From C:/Program Files (x86)/Epic Games/4.14/Engine/Plugins/Runtime/AndroidDeviceProfileSelector/AndroidDeviceProfileSelector.uplugin
LogPluginManager: Loaded Plugin AndroidMoviePlayer, From C:/Program Files (x86)/Epic Games/4.14/Engine/Plugins/Runtime/AndroidMoviePlayer/AndroidMoviePlayer.uplugin
LogPluginManager: Loaded Plugin AppleMoviePlayer, From C:/Program Files (x86)/Epic Games/4.14/Engine/Plugins/Runtime/AppleMoviePlayer/AppleMoviePlayer.uplugin
LogPluginManager: Loaded Plugin ArchVisCharacter, From C:/Program Files (x86)/Epic Games/4.14/Engine/Plugins/Runtime/ArchVisCharacter/ArchVisCharacter.uplugin
LogPluginManager: Loaded Plugin CableComponent, From C:/Program Files (x86)/Epic Games/4.14/Engine/Plugins/Runtime/CableComponent/CableComponent.uplugin
LogPluginManager: Loaded Plugin CustomMeshComponent, From C:/Program Files (x86)/Epic Games/4.14/Engine/Plugins/Runtime/CustomMeshComponent/CustomMeshComponent.uplugin
LogPluginManager: Loaded Plugin ExampleDeviceProfileSelector, From C:/Program Files (x86)/Epic Games/4.14/Engine/Plugins/Runtime/ExampleDeviceProfileSelector/ExampleDeviceProfileSelector.uplugin
LogPluginManager: Loaded Plugin GearVR, From C:/Program Files (x86)/Epic Games/4.14/Engine/Plugins/Runtime/GearVR/GearVR.uplugin
LogPluginManager: Loaded Plugin GoogleVRController, From C:/Program Files (x86)/Epic Games/4.14/Engine/Plugins/Runtime/GoogleVR/GoogleVRController/GoogleVRController.uplugin
LogPluginManager: Loaded Plugin GoogleVRHMD, From C:/Program Files (x86)/Epic Games/4.14/Engine/Plugins/Runtime/GoogleVR/GoogleVRHMD/GoogleVRHMD.uplugin
LogPluginManager: Loaded Plugin IOSDeviceProfileSelector, From C:/Program Files (x86)/Epic Games/4.14/Engine/Plugins/Runtime/IOSDeviceProfileSelector/IOSDeviceProfileSelector.uplugin
LogPluginManager: Loaded Plugin LeapMotion, From C:/Program Files (x86)/Epic Games/4.14/Engine/Plugins/Runtime/LeapMotion/LeapMotion.uplugin
LogPluginManager: Loaded Plugin LinuxDeviceProfileSelector, From C:/Program Files (x86)/Epic Games/4.14/Engine/Plugins/Runtime/LinuxDeviceProfileSelector/LinuxDeviceProfileSelector.uplugin
LogPluginManager: Loaded Plugin MIDIDevice, From C:/Program Files (x86)/Epic Games/4.14/Engine/Plugins/Runtime/MIDIDevice/MIDIDevice.uplugin
LogPluginManager: Loaded Plugin MobilePatchingUtils, From C:/Program Files (x86)/Epic Games/4.14/Engine/Plugins/Runtime/MobilePatchingUtils/MobilePatchingUtils.uplugin
LogPluginManager: Loaded Plugin Ansel, From C:/Program Files (x86)/Epic Games/4.14/Engine/Plugins/Runtime/Nvidia/Ansel/Ansel.uplugin
LogPluginManager: Loaded Plugin OculusAudio, From C:/Program Files (x86)/Epic Games/4.14/Engine/Plugins/Runtime/OculusAudio/OculusAudio.uplugin
LogPluginManager: Loaded Plugin OculusInput, From C:/Program Files (x86)/Epic Games/4.14/Engine/Plugins/Runtime/OculusInput/OculusInput.uplugin
LogPluginManager: Loaded Plugin OculusLibrary, From C:/Program Files (x86)/Epic Games/4.14/Engine/Plugins/Runtime/OculusLibrary/OculusLibrary.uplugin
LogPluginManager: Loaded Plugin OculusRift, From C:/Program Files (x86)/Epic Games/4.14/Engine/Plugins/Runtime/OculusRift/OculusRift.uplugin
LogPluginManager: Loaded Plugin Oodle, From C:/Program Files (x86)/Epic Games/4.14/Engine/Plugins/Runtime/PacketHandlers/CompressionComponents/Oodle/Oodle.uplugin
LogPluginManager: Loaded Plugin ProceduralMeshComponent, From C:/Program Files (x86)/Epic Games/4.14/Engine/Plugins/Runtime/ProceduralMeshComponent/ProceduralMeshComponent.uplugin
LogPluginManager: Loaded Plugin SoundMod, From C:/Program Files (x86)/Epic Games/4.14/Engine/Plugins/Runtime/SoundMod/SoundMod.uplugin
LogPluginManager: Loaded Plugin SoundVisualizations, From C:/Program Files (x86)/Epic Games/4.14/Engine/Plugins/Runtime/SoundVisualizations/SoundVisualizations.uplugin
LogPluginManager: Loaded Plugin SteamController, From C:/Program Files (x86)/Epic Games/4.14/Engine/Plugins/Runtime/Steam/SteamController/SteamController.uplugin
LogPluginManager: Loaded Plugin SteamVR, From C:/Program Files (x86)/Epic Games/4.14/Engine/Plugins/Runtime/Steam/SteamVR/SteamVR.uplugin
LogPluginManager: Loaded Plugin WebBrowserWidget, From C:/Program Files (x86)/Epic Games/4.14/Engine/Plugins/Runtime/WebBrowserWidget/WebBrowserWidget.uplugin
LogPluginManager: Loaded Plugin WindowsDeviceProfileSelector, From C:/Program Files (x86)/Epic Games/4.14/Engine/Plugins/Runtime/WindowsDeviceProfileSelector/WindowsDeviceProfileSelector.uplugin
LogPluginManager: Loaded Plugin WindowsMoviePlayer, From C:/Program Files (x86)/Epic Games/4.14/Engine/Plugins/Runtime/WindowsMoviePlayer/WindowsMoviePlayer.uplugin
LogPluginManager: Loaded Plugin ScriptPlugin, From C:/Program Files (x86)/Epic Games/4.14/Engine/Plugins/ScriptPlugin/ScriptPlugin.uplugin
LogPluginManager: Loaded Plugin SlateRemote, From C:/Program Files (x86)/Epic Games/4.14/Engine/Plugins/Slate/SlateRemote/SlateRemote.uplugin
LogPluginManager: Loaded Plugin EditorTests, From C:/Program Files (x86)/Epic Games/4.14/Engine/Plugins/Tests/EditorTests/EditorTests.uplugin
LogPluginManager: Loaded Plugin FbxAutomationTestBuilder, From C:/Program Files (x86)/Epic Games/4.14/Engine/Plugins/Tests/FbxAutomationTestBuilder/FbxAutomationTestBuilder.uplugin
LogPluginManager: Loaded Plugin FunctionalTestingEditor, From C:/Program Files (x86)/Epic Games/4.14/Engine/Plugins/Tests/FunctionalTestingEditor/FunctionalTestingEditor.uplugin
LogPluginManager: Loaded Plugin RuntimeTests, From C:/Program Files (x86)/Epic Games/4.14/Engine/Plugins/Tests/RuntimeTests/RuntimeTests.uplugin
LogPluginManager: Loaded Plugin ScreenshotTools, From C:/Program Files (x86)/Epic Games/4.14/Engine/Plugins/Tests/ScreenshotTools/ScreenshotTools.uplugin
LogInit: Using libcurl 7.47.1
LogInit:  - built for x86_64-pc-win32
LogInit:  - supports SSL with OpenSSL/1.0.2g
LogInit:  - supports HTTP deflate (compression) using libz 1.2.8
LogInit:  - other features:
LogInit:      CURL_VERSION_SSL
LogInit:      CURL_VERSION_LIBZ
LogInit:      CURL_VERSION_IPV6
LogInit:      CURL_VERSION_ASYNCHDNS
LogInit:      CURL_VERSION_LARGEFILE
LogInit:      CURL_VERSION_IDN
LogInit:  CurlRequestOptions (configurable via config and command line):
LogInit:  - bVerifyPeer = false  - Libcurl will NOT verify peer certificate
LogInit:  - bUseHttpProxy = false  - Libcurl will NOT use HTTP proxy
LogInit:  - bDontReuseConnections = false  - Libcurl will reuse connections
LogInit:  - CertBundlePath = nullptr  - Libcurl will use whatever was configured at build time.
LogInit: Build: ++UE4+Release-4.14-CL-3224400
LogInit: Engine Version: 4.14.1-3224400+++UE4+Release-4.14
LogInit: Compatible Engine Version: 4.14.0-3195953+++UE4+Release-4.14
LogInit: Net CL: 3195953
LogDevObjectVersion: Number of dev versions registered: 13
LogDevObjectVersion:   Dev-Blueprints (B0D832E4-1F89-4F0D-ACCF-7EB736FD4AA2): 7
LogDevObjectVersion:   Dev-Build (E1C64328-A22C-4D53-A36C-8E866417BD8C): 0
LogDevObjectVersion:   Dev-Core (375EC13C-06E4-48FB-B500-84F0262A717E): 1
LogDevObjectVersion:   Dev-Editor (E4B068ED-F494-42E9-A231-DA0B2E46BB41): 8
LogDevObjectVersion:   Dev-Framework (CFFC743F-43B0-4480-9391-14DF171D2073): 17
LogDevObjectVersion:   Dev-Mobile (B02B49B5-BB20-44E9-A304-32B752E40360): 0
LogDevObjectVersion:   Dev-Networking (A4E4105C-59A1-49B5-A7C5-40C4547EDFEE): 0
LogDevObjectVersion:   Dev-Online (39C831C9-5AE6-47DC-9A44-9C173E1C8E7C): 0
LogDevObjectVersion:   Dev-Physics (78F01B33-EBEA-4F98-B9B4-84EACCB95AA2): 0
LogDevObjectVersion:   Dev-Platform (6631380F-2D4D-43E0-8009-CF276956A95A): 0
LogDevObjectVersion:   Dev-Rendering (12F88B9F-8875-4AFC-A67C-D90C383ABD29): 12
LogDevObjectVersion:   Dev-Sequencer (7B5AE74C-D270-4C10-A958-57980B212A5A): 1
LogDevObjectVersion:   Dev-VR (D7296918-1DD6-4BDD-9DE2-64A83CC13884): 0
LogInit: Compiled (64-bit): Dec  7 2016 02:14:32
LogInit: Compiled with Visual C++: 19.00.23026.00
LogInit: Build Configuration: Development
LogInit: Branch Name: ++UE4+Release-4.14
LogInit: Command line: 
LogInit: Base directory: C:/Program Files (x86)/Epic Games/4.14/Engine/Binaries/Win64/
LogInit: Installed Engine Build: 1
LogInit: Presizing for max 8388607 objects, including 0 objects not considered by GC, pre-allocating 0 bytes for permanent pool.
LogInit: Object subsystem initialized
[2017.01.05-12.19.45:953][  0]LogInit: Selected Device Profile: [Windows]
[2017.01.05-12.19.45:953][  0]LogInit: Applying CVar settings loaded from the selected device profile: [Windows]
[2017.01.05-12.19.46:139][  0]LogInit: Computer: DESKTOP-CNJIFR0
[2017.01.05-12.19.46:139][  0]LogInit: User: alefr
[2017.01.05-12.19.46:139][  0]LogInit: CPU Page size=65536, Cores=4
[2017.01.05-12.19.46:139][  0]LogInit: High frequency timer resolution =3.222680 MHz
[2017.01.05-12.19.46:139][  0]LogMemory: Memory total: Physical=7.9GB (8GB approx)
[2017.01.05-12.19.46:139][  0]LogMemory: Platform Memory Stats for Windows
[2017.01.05-12.19.46:139][  0]LogMemory: Process Physical Memory: 264.06 MB used, 264.06 MB peak
[2017.01.05-12.19.46:139][  0]LogMemory: Process Virtual Memory: 262.50 MB used, 262.50 MB peak
[2017.01.05-12.19.46:139][  0]LogMemory: Physical Memory: 3826.05 MB used,  4308.88 MB free, 8134.93 MB total
[2017.01.05-12.19.46:139][  0]LogMemory: Virtual Memory: 675.61 MB used,  4308.88 MB free, 134217728.00 MB total
[2017.01.05-12.19.46:199][  0]LogInit: Overriding culture en with editor configuration.
[2017.01.05-12.19.46:894][  0]LogD3D11RHI: D3D11 adapters:
[2017.01.05-12.19.47:392][  0]LogD3D11RHI:    0. 'NVIDIA GeForce GTX 1060 6GB' (Feature Level 11_0)
[2017.01.05-12.19.47:392][  0]LogD3D11RHI:       6100/0/4067 MB DedicatedVideo/DedicatedSystem/SharedSystem, Outputs:1, VendorId:0x10de
[2017.01.05-12.19.47:393][  0]LogD3D11RHI:    1. 'Microsoft Basic Render Driver' (Feature Level 11_0)
[2017.01.05-12.19.47:393][  0]LogD3D11RHI:       0/0/4067 MB DedicatedVideo/DedicatedSystem/SharedSystem, Outputs:0, VendorId:0x1414
[2017.01.05-12.19.47:393][  0]LogD3D11RHI: Chosen D3D11 Adapter: 0
[2017.01.05-12.19.47:397][  0]LogD3D11RHI: Creating new Direct3DDevice
[2017.01.05-12.19.47:397][  0]LogD3D11RHI:     GPU DeviceId: 0x1c03 (for the marketing name, search the web for "GPU Device Id")
[2017.01.05-12.19.47:397][  0]LogWindows: EnumDisplayDevices:
[2017.01.05-12.19.47:397][  0]LogWindows:    0. 'NVIDIA GeForce GTX 1060 6GB' (P:1 D:1)
[2017.01.05-12.19.47:397][  0]LogWindows:    1. 'NVIDIA GeForce GTX 1060 6GB' (P:0 D:0)
[2017.01.05-12.19.47:397][  0]LogWindows:    2. 'NVIDIA GeForce GTX 1060 6GB' (P:0 D:0)
[2017.01.05-12.19.47:397][  0]LogWindows:    3. 'NVIDIA GeForce GTX 1060 6GB' (P:0 D:0)
[2017.01.05-12.19.47:397][  0]LogWindows: DebugString: FoundDriverCount:4 
[2017.01.05-12.19.47:397][  0]LogD3D11RHI:     Adapter Name: NVIDIA GeForce GTX 1060 6GB
[2017.01.05-12.19.47:397][  0]LogD3D11RHI:   Driver Version: 376.33 (internal:21.21.13.7633, unified:376.33)
[2017.01.05-12.19.47:397][  0]LogD3D11RHI:      Driver Date: 12-11-2016
[2017.01.05-12.19.47:397][  0]LogRHI: Texture pool is 1361 MB (70% of 1945 MB)
[2017.01.05-12.19.47:868][  0]LogD3D11RHI: Async texture creation enabled
[2017.01.05-12.19.47:898][  0]LogD3D11RHI: GPU Timing Frequency: 1000.000000 (Debug: 2 1)
[2017.01.05-12.19.47:899][  0]LogShaderCompilers: Guid format shader working directory is -3 characters bigger than the processId version (D:/AlefRGamer/Documents/Unreal Projects/MyProject/Intermediate/Shaders/WorkingDirectory/6232/).
[2017.01.05-12.19.47:899][  0]LogShaderCompilers: Cleaned the shader compiler working directory 'C:/Users/alefr/AppData/Local/Temp/UnrealShaderWorkingDir/EC3F013E4F9B3D66A0FE7BB61682930F/'.
[2017.01.05-12.19.47:899][  0]LogShaderCompilers:Display: Using Local Shader Compiler.
[2017.01.05-12.19.49:143][  0]LogTemp:Display: Loaded TP AllDesktopTargetPlatform
[2017.01.05-12.19.49:208][  0]LogTemp:Display: Loaded TP MacClientTargetPlatform
[2017.01.05-12.19.49:269][  0]LogTemp:Display: Loaded TP MacNoEditorTargetPlatform
[2017.01.05-12.19.49:332][  0]LogTemp:Display: Loaded TP MacServerTargetPlatform
[2017.01.05-12.19.49:396][  0]LogTemp:Display: Loaded TP MacTargetPlatform
[2017.01.05-12.19.49:461][  0]LogTemp:Display: Loaded TP WindowsClientTargetPlatform
[2017.01.05-12.19.49:526][  0]LogTemp:Display: Loaded TP WindowsNoEditorTargetPlatform
[2017.01.05-12.19.49:766][  0]LogTemp:Display: Loaded TP WindowsServerTargetPlatform
[2017.01.05-12.19.49:817][  0]LogTemp:Display: Loaded TP WindowsTargetPlatform
[2017.01.05-12.19.49:878][  0]LogTemp:Display: Loaded TP AndroidTargetPlatform
[2017.01.05-12.19.49:941][  0]LogTemp:Display: Loaded TP Android_ASTCTargetPlatform
[2017.01.05-12.19.50:005][  0]LogTemp:Display: Loaded TP Android_ATCTargetPlatform
[2017.01.05-12.19.50:067][  0]LogTemp:Display: Loaded TP Android_DXTTargetPlatform
[2017.01.05-12.19.50:128][  0]LogTemp:Display: Loaded TP Android_ETC1TargetPlatform
[2017.01.05-12.19.50:189][  0]LogTemp:Display: Loaded TP Android_ETC2TargetPlatform
[2017.01.05-12.19.50:311][  0]LogTemp:Display: Loaded TP Android_MultiTargetPlatform
[2017.01.05-12.19.50:311][  0]LogTemp:Display: Loaded TP Android_PVRTCTargetPlatform
[2017.01.05-12.19.50:355][  0]LogTemp:Display: Loaded TP HTML5TargetPlatform
[2017.01.05-12.19.50:451][  0]LogTemp:Display: Loaded TP IOSTargetPlatform
[2017.01.05-12.19.50:492][  0]LogTemp:Display: Loaded TP TVOSTargetPlatform
[2017.01.05-12.19.50:553][  0]LogTemp:Display: Loaded TP LinuxClientTargetPlatform
[2017.01.05-12.19.50:615][  0]LogTemp:Display: Loaded TP LinuxNoEditorTargetPlatform
[2017.01.05-12.19.50:675][  0]LogTemp:Display: Loaded TP LinuxServerTargetPlatform
[2017.01.05-12.19.50:736][  0]LogTemp:Display: Loaded TP LinuxTargetPlatform
[2017.01.05-12.19.50:736][  0]LogTargetPlatformManager:Display: Building Assets For Windows
[2017.01.05-12.19.51:198][  0]LogDerivedDataCache:Display: Max Cache Size: 512 MB
[2017.01.05-12.19.51:264][  0]LogDerivedDataCache: Loaded boot cache 0.06s 50MB C:/Users/alefr/AppData/Local/UnrealEngine/4.14/DerivedDataCache/Boot.ddc.
[2017.01.05-12.19.51:302][  0]LogDerivedDataCache:Display: Loaded Boot cache: C:/Users/alefr/AppData/Local/UnrealEngine/4.14/DerivedDataCache/Boot.ddc
[2017.01.05-12.19.51:303][  0]LogDerivedDataCache: FDerivedDataBackendGraph:  Pak pak cache file D:/AlefRGamer/Documents/Unreal Projects/MyProject/DerivedDataCache/DDC.ddp not found, will not use a pak cache.
[2017.01.05-12.19.51:303][  0]LogDerivedDataCache: Unable to find inner node Pak for hierarchical cache Hierarchy.
[2017.01.05-12.19.51:303][  0]LogDerivedDataCache: FDerivedDataBackendGraph:  CompressedPak pak cache file D:/AlefRGamer/Documents/Unreal Projects/MyProject/DerivedDataCache/Compressed.ddp not found, will not use a pak cache.
[2017.01.05-12.19.51:303][  0]LogDerivedDataCache: Unable to find inner node CompressedPak for hierarchical cache Hierarchy.
[2017.01.05-12.19.51:322][  0]LogDerivedDataCache:Display: Pak cache opened for reading ../../../Engine/DerivedDataCache/Compressed.ddp.
[2017.01.05-12.19.51:334][  0]LogDerivedDataCache: Using Local data cache path C:/Users/alefr/AppData/Local/UnrealEngine/Common/DerivedDataCache: Writable
[2017.01.05-12.19.51:628][  0]LogInit: Selected Device Profile: [Windows]
[2017.01.05-12.19.51:632][  0]LogContentStreaming: Texture pool size is 0.00 MB
[2017.01.05-12.19.51:906][  0]LogMeshUtilities: Using QuadricMeshReduction for automatic static mesh reduction
[2017.01.05-12.19.51:954][  0]LogSimplygon: Simplygon DLL not present - disabling.
[2017.01.05-12.19.52:008][  0]LogMeshUtilities: Using SimplygonSwarm for distributed automatic mesh merging
[2017.01.05-12.19.52:008][  0]LogMeshUtilities: No automatic skeletal mesh reduction module available
[2017.01.05-12.19.52:008][  0]LogMeshUtilities: No automatic mesh merging module available
[2017.01.05-12.19.52:594][  0]LogNetVersion: GetLocalNetworkVersion: CL: 3195953, ProjectName: myproject, ProjectVersion: , EngineNetworkVersion: 2, GameNetworkVersion: 0, NetworkChecksum: 2754685603
[2017.01.05-12.19.52:655][  0]LogAssetRegistry: FAssetRegistry took 0.0216 seconds to start up
[2017.01.05-12.19.52:707][  0]LogPackageLocalizationCache: Processed 3 localized package path(s) for 1 prioritized culture(s) in 0.027179 seconds
[2017.01.05-12.19.52:713][  0]LogUObjectArray: 31946 objects as part of root set at end of initial load.
[2017.01.05-12.19.52:713][  0]LogUObjectAllocator: 6935848 out of 0 bytes used by permanent object pool.
[2017.01.05-12.19.52:713][  0]LogUObjectArray: CloseDisregardForGC: 0/0 objects in disregard for GC pool
[2017.01.05-12.19.52:784][  0]LogInit: WinSock: version 1.1 (2.2), MaxSocks=32767, MaxUdp=65467
[2017.01.05-12.19.53:667][  0]LogSlate: Using Freetype 2.6.0
[2017.01.05-12.19.53:667][  0]LogSlate: SlateFontCache - WITH_FREETYPE: 1, WITH_HARFBUZZ: 1
[2017.01.05-12.19.53:667][  0]LogSlate: SlateFontCache - WITH_FREETYPE: 1, WITH_HARFBUZZ: 1
[2017.01.05-12.19.54:511][  0]LogTcpMessaging: Initializing TcpMessaging bridge
[2017.01.05-12.19.54:555][  0]LogUdpMessaging: Initializing bridge on interface 0.0.0.0:0 to multicast group 230.0.0.1:6666.
[2017.01.05-12.19.54:886][  0]LogMaterial: Uniform references updated for custom material expression Custom.
[2017.01.05-12.19.55:318][  0]SourceControl: Info Source control is disabled
[2017.01.05-12.19.55:352][  0]SourceControl: Info Source control is disabled
[2017.01.05-12.19.55:405][  0]SourceControl: Info Source control is disabled
[2017.01.05-12.19.55:455][  0]SourceControl: Info Source control is disabled
[2017.01.05-12.19.56:905][  0]LogEngine: Initializing Engine...
[2017.01.05-12.19.56:905][  0]LogHMD: Failed to initialize OpenVR with code 110
[2017.01.05-12.19.57:184][  0]LogAIModule: Creating AISystem for world Untitled
[2017.01.05-12.19.57:191][  0]LogInit: XAudio2 using '2270W-4 (NVIDIA High Definition Audio)' : 2 channels at 48 kHz using 16 bits per sample (channel mask 0x3)
[2017.01.05-12.19.57:199][  0]LogInit: FAudioDevice initialized.
[2017.01.05-12.19.57:237][  0]LogDerivedDataCache: Saved boot cache 0.04s 50MB C:/Users/alefr/AppData/Local/UnrealEngine/4.14/DerivedDataCache/Boot.ddc.
[2017.01.05-12.19.57:250][  0]LogInit: Texture streaming: Enabled
[2017.01.05-12.19.57:484][  0]LogInit: Transaction tracking system initialized
[2017.01.05-12.19.57:890][  0]BlueprintLog: New page: Editor Load
[2017.01.05-12.19.58:891][  0]LocalizationService: Info Localization service is disabled
[2017.01.05-12.20.00:119][  0]LogConsoleResponse:Display: 
[2017.01.05-12.20.00:449][  0]LogCook:Display: Max memory allowance for cook 16384mb min free memory 0mb
[2017.01.05-12.20.00:449][  0]LogCook:Display: Mobile HDR setting 1
[2017.01.05-12.20.01:101][  0]LogFileCache: Scanning file cache for directory 'D:/AlefRGamer/Documents/Unreal Projects/MyProject/Content/' took 0.08s
[2017.01.05-12.20.01:550][  0]SourceControl: Info Source control is disabled
[2017.01.05-12.20.01:550][  0]Cmd: MAP LOAD FILE="D:/AlefRGamer/Documents/Unreal Projects/MyProject/Content/ThirdPersonBP/Maps/ThirdPersonExampleMap.umap" TEMPLATE=0 SHOWPROGRESS=1 FEATURELEVEL=3
[2017.01.05-12.20.01:804][  0]LightingResults: New page: Lighting Build
[2017.01.05-12.20.01:851][  0]MapCheck: New page: Map Check
[2017.01.05-12.20.01:851][  0]LightingResults: New page: Lighting Build
[2017.01.05-12.20.09:705][  0]LogAIModule: Creating AISystem for world ThirdPersonExampleMap
[2017.01.05-12.20.09:765][  0]LogEditorServer: Finished looking for orphan Actors (0.000 secs)
[2017.01.05-12.20.09:794][  0]Cmd: MAP CHECKDEP NOCLEARLOG
[2017.01.05-12.20.09:846][  0]MapCheck: Info Map check complete: 0 Error(s), 0 Warning(s), took 51.318ms to complete.
[2017.01.05-12.20.09:846][  0]LogFileHelpers: Loading map 'ThirdPersonExampleMap' took 8.296
[2017.01.05-12.20.09:993][  0]LogWindowsTextInputMethodSystem:Display: IME system now deactivated.
[2017.01.05-12.20.11:569][  0]LogCollectionManager: Loaded 0 collections in 0.002114 seconds
[2017.01.05-12.20.11:919][  0]LogFileCache: Scanning file cache for directory 'D:/AlefRGamer/Documents/Unreal Projects/MyProject/Saved/Collections/' took 0.01s
[2017.01.05-12.20.11:919][  0]LogFileCache: Scanning file cache for directory 'D:/AlefRGamer/Documents/Unreal Projects/MyProject/Content/Developers/alefr/Collections/' took 0.01s
[2017.01.05-12.20.11:919][  0]LogFileCache: Scanning file cache for directory 'D:/AlefRGamer/Documents/Unreal Projects/MyProject/Content/Collections/' took 0.01s
[2017.01.05-12.20.11:919][  0]LogCollectionManager: Rebuilt the GUID cache for 0 collections in 0.000002 seconds
[2017.01.05-12.20.12:020][  0]LogContentBrowser: Native class hierarchy populated in 0.0093 seconds. Added 2191 classes and 430 folders.
[2017.01.05-12.20.12:195][  0]LogStats: UGameplayTagsManager::ConstructGameplayTagTree: Construct from data asset -  0.000 s
[2017.01.05-12.20.12:211][  0]LogStats: UGameplayTagsManager::ConstructGameplayTagTree: GameplayTagTreeChangedEvent.Broadcast -  0.016 s
[2017.01.05-12.20.12:248][  0]LogContentBrowser: Native class hierarchy updated for 'GameplayTags' in 0.0275 seconds. Added 13 classes and 0 folders.
[2017.01.05-12.20.12:372][  0]LogContentBrowser: Native class hierarchy updated for 'WidgetCarousel' in 0.0004 seconds. Added 0 classes and 0 folders.
[2017.01.05-12.20.17:437][  0]LogContentBrowser: Native class hierarchy updated for 'AddContentDialog' in 0.0005 seconds. Added 0 classes and 0 folders.
[2017.01.05-12.20.19:636][  0]LogCrashTracker: Crashtracker disabled due to settings.
[2017.01.05-12.20.20:072][  0]LogUObjectGlobals:Warning: Failed to find object 'Class None.'
[2017.01.05-12.20.20:173][  0]LogContentBrowser: Native class hierarchy updated for 'HierarchicalLODOutliner' in 0.0005 seconds. Added 1 classes and 2 folders.
[2017.01.05-12.20.20:174][  0]LogLoad: (Engine Initialization) Total time: 38.00 seconds
[2017.01.05-12.20.20:174][  0]LogLoad: (Engine Initialization) Total Blueprint compile time: 0.78 seconds
[2017.01.05-12.20.20:174][  0]LogExternalProfiler: Found external profiler: VSPerf
[2017.01.05-12.20.20:174][  0]LogExternalProfiler: Using external profiler: VSPerf
[2017.01.05-12.20.20:183][  0]LogOcInput: OculusInput pre-init called
[2017.01.05-12.20.20:255][  0]LogContentStreaming: Texture pool size now 3000 MB
[2017.01.05-12.20.20:953][  0]LogRenderer: Reallocating scene render targets to support 1116x636 NumSamples 1 (Frame:2).
[2017.01.05-12.20.21:300][  1]LogAssetRegistry: Asset discovery search completed in 28.6666 seconds
[2017.01.05-12.20.21:300][  1]LogCollectionManager: Rebuilt the object cache for 0 collections in 0.000001 seconds (found 0 objects)
[2017.01.05-12.20.21:300][  1]LogCollectionManager: Fixed up redirectors for 0 collections in 0.000026 seconds (updated 0 objects)
[2017.01.05-12.31.10:580][906]LogAnimation:Warning: AnimBP ThirdPerson_AnimBP_C is incompatible with skeleton Exo_Gray_Skeleton, removing AnimBP from actor.
[2017.01.05-12.31.18:804][579]LogSkeletalMesh: InitArticulated: Bodies already created (/Engine/Transient.DebugSkelMeshComponent_2) - call TermArticulated first.
[2017.01.05-12.31.19:628][579]LogRenderer: Reallocating scene render targets to support 1144x636 NumSamples 1 (Frame:32337).
[2017.01.05-12.31.19:628][579]LogContentBrowser:Verbose: The majority of assets in the view are of type: AnimSequence
[2017.01.05-12.31.31:247][296]LogSkeletalMesh: InitArticulated: Bodies already created (/Engine/Transient.DebugSkelMeshComponent_5) - call TermArticulated first.
[2017.01.05-12.31.31:406][297]LogRenderer: Reallocating scene render targets to support 1144x888 NumSamples 1 (Frame:33940).
[2017.01.05-12.31.34:736][539]LogSkeletalMesh: InitArticulated: Bodies already created (/Engine/Transient.DebugSkelMeshComponent_6) - call TermArticulated first.
[2017.01.05-12.35.31:241][812]LogSkeletalMesh: InitArticulated: Bodies already created (/Engine/Transient.DebugSkelMeshComponent_7) - call TermArticulated first.
[2017.01.05-12.41.58:345][121]LogFileHelpers: Editor autosave (incl. sublevels) for '/Game/ThirdPersonBP/Maps/ThirdPersonExampleMap' took 0.050
[2017.01.05-12.41.58:377][121]OBJ SavePackage: Generating thumbnails for [0] asset(s) in package [/Game/Mannequin/Character/Mesh/UE4_Mannequin_Skeleton] ([1] browsable assets)...
[2017.01.05-12.41.58:383][121]OBJ SavePackage: Finished generating thumbnails for package [/Game/Mannequin/Character/Mesh/UE4_Mannequin_Skeleton]
[2017.01.05-12.41.58:535][121]LogSavePackage: Save=133.71ms
[2017.01.05-12.41.58:535][121]LogSavePackage: Moving 'D:/AlefRGamer/Documents/Unreal Projects/MyProject/Saved/UE4_Mannequin_Skeleton_Auto104E5276E4C78B71A53F7C5B86630569A.tmp' to 'D:/AlefRGamer/Documents/Unreal Projects/MyProject/Saved/Autosaves/Game/Mannequin/Character/Mesh/UE4_Mannequin_Skeleton_Auto1.uasset'
[2017.01.05-12.41.58:536][121]LogSavePackage:Display: Finished SavePackage D:/AlefRGamer/Documents/Unreal Projects/MyProject/Saved/Autosaves/Game/Mannequin/Character/Mesh/UE4_Mannequin_Skeleton_Auto1.uasset
[2017.01.05-12.41.58:563][121]OBJ SavePackage: Generating thumbnails for [0] asset(s) in package [/Game/Char_Binary/Char/Mesh/Exo_Gray_Skeleton] ([1] browsable assets)...
[2017.01.05-12.41.58:564][121]OBJ SavePackage: Finished generating thumbnails for package [/Game/Char_Binary/Char/Mesh/Exo_Gray_Skeleton]
[2017.01.05-12.41.58:610][121]LogSavePackage: Save=40.44ms
[2017.01.05-12.41.58:610][121]LogSavePackage: Moving 'D:/AlefRGamer/Documents/Unreal Projects/MyProject/Saved/Exo_Gray_Skeleton_Auto1869E69F64D83684B9A815E995795FF09.tmp' to 'D:/AlefRGamer/Documents/Unreal Projects/MyProject/Saved/Autosaves/Game/Char_Binary/Char/Mesh/Exo_Gray_Skeleton_Auto1.uasset'
[2017.01.05-12.41.58:610][121]LogSavePackage:Display: Finished SavePackage D:/AlefRGamer/Documents/Unreal Projects/MyProject/Saved/Autosaves/Game/Char_Binary/Char/Mesh/Exo_Gray_Skeleton_Auto1.uasset
[2017.01.05-12.41.58:611][121]OBJ SavePackage: Generating thumbnails for [1] asset(s) in package [/Game/Char_Binary/Animation/ThirdPerson_Jump] ([1] browsable assets)...
[2017.01.05-12.41.58:685][121]OBJ SavePackage:     Rendered thumbnail for [AnimSequence /Game/Char_Binary/Animation/ThirdPerson_Jump.ThirdPerson_Jump]
[2017.01.05-12.41.58:685][121]OBJ SavePackage: Finished generating thumbnails for package [/Game/Char_Binary/Animation/ThirdPerson_Jump]
[2017.01.05-12.41.58:718][121]LogSavePackage: Save=31.76ms
[2017.01.05-12.41.58:718][121]LogSavePackage: Moving 'D:/AlefRGamer/Documents/Unreal Projects/MyProject/Saved/ThirdPerson_Jump_Auto13CF8ED0A498706826F4093B1A2C1DB3E.tmp' to 'D:/AlefRGamer/Documents/Unreal Projects/MyProject/Saved/Autosaves/Game/Char_Binary/Animation/ThirdPerson_Jump_Auto1.uasset'
[2017.01.05-12.41.58:718][121]LogSavePackage:Display: Finished SavePackage D:/AlefRGamer/Documents/Unreal Projects/MyProject/Saved/Autosaves/Game/Char_Binary/Animation/ThirdPerson_Jump_Auto1.uasset
[2017.01.05-12.41.58:719][121]OBJ SavePackage: Generating thumbnails for [1] asset(s) in package [/Game/Char_Binary/Animation/ThirdPersonJump_Loop] ([1] browsable assets)...
[2017.01.05-12.41.58:749][121]OBJ SavePackage:     Rendered thumbnail for [AnimSequence /Game/Char_Binary/Animation/ThirdPersonJump_Loop.ThirdPersonJump_Loop]
[2017.01.05-12.41.58:749][121]OBJ SavePackage: Finished generating thumbnails for package [/Game/Char_Binary/Animation/ThirdPersonJump_Loop]
[2017.01.05-12.41.58:765][121]LogSavePackage: Save=14.71ms
[2017.01.05-12.41.58:766][121]LogSavePackage: Moving 'D:/AlefRGamer/Documents/Unreal Projects/MyProject/Saved/ThirdPersonJump_Loop_Auto1D4A9C4D84828DDA259ADCA900F6CBDF6.tmp' to 'D:/AlefRGamer/Documents/Unreal Projects/MyProject/Saved/Autosaves/Game/Char_Binary/Animation/ThirdPersonJump_Loop_Auto1.uasset'
[2017.01.05-12.41.58:793][121]LogSavePackage:Display: Finished SavePackage D:/AlefRGamer/Documents/Unreal Projects/MyProject/Saved/Autosaves/Game/Char_Binary/Animation/ThirdPersonJump_Loop_Auto1.uasset
[2017.01.05-12.41.58:794][121]OBJ SavePackage: Generating thumbnails for [1] asset(s) in package [/Game/Char_Binary/Animation/ThirdPersonJump_Start] ([1] browsable assets)...
[2017.01.05-12.41.58:824][121]OBJ SavePackage:     Rendered thumbnail for [AnimSequence /Game/Char_Binary/Animation/ThirdPersonJump_Start.ThirdPersonJump_Start]
[2017.01.05-12.41.58:824][121]OBJ SavePackage: Finished generating thumbnails for package [/Game/Char_Binary/Animation/ThirdPersonJump_Start]
[2017.01.05-12.41.58:857][121]LogSavePackage: Save=31.44ms
[2017.01.05-12.41.58:857][121]LogSavePackage: Moving 'D:/AlefRGamer/Documents/Unreal Projects/MyProject/Saved/ThirdPersonJump_Start_Auto1F5ED1B8B40D791F15129918FB60DA380.tmp' to 'D:/AlefRGamer/Documents/Unreal Projects/MyProject/Saved/Autosaves/Game/Char_Binary/Animation/ThirdPersonJump_Start_Auto1.uasset'
[2017.01.05-12.41.58:858][121]LogSavePackage:Display: Finished SavePackage D:/AlefRGamer/Documents/Unreal Projects/MyProject/Saved/Autosaves/Game/Char_Binary/Animation/ThirdPersonJump_Start_Auto1.uasset
[2017.01.05-12.41.58:858][121]OBJ SavePackage: Generating thumbnails for [1] asset(s) in package [/Game/Char_Binary/Animation/ThirdPerson_IdleRun_2D] ([1] browsable assets)...
[2017.01.05-12.41.58:888][121]OBJ SavePackage:     Rendered thumbnail for [BlendSpace1D /Game/Char_Binary/Animation/ThirdPerson_IdleRun_2D.ThirdPerson_IdleRun_2D]
[2017.01.05-12.41.58:888][121]OBJ SavePackage: Finished generating thumbnails for package [/Game/Char_Binary/Animation/ThirdPerson_IdleRun_2D]
[2017.01.05-12.41.58:915][121]LogSavePackage: Save=25.37ms
[2017.01.05-12.41.58:915][121]LogSavePackage: Moving 'D:/AlefRGamer/Documents/Unreal Projects/MyProject/Saved/ThirdPerson_IdleRun_2D_Auto168AC3F864FD91E5274411B8C3D2CC306.tmp' to 'D:/AlefRGamer/Documents/Unreal Projects/MyProject/Saved/Autosaves/Game/Char_Binary/Animation/ThirdPerson_IdleRun_2D_Auto1.uasset'
[2017.01.05-12.41.58:916][121]LogSavePackage:Display: Finished SavePackage D:/AlefRGamer/Documents/Unreal Projects/MyProject/Saved/Autosaves/Game/Char_Binary/Animation/ThirdPerson_IdleRun_2D_Auto1.uasset
[2017.01.05-12.41.58:916][121]OBJ SavePackage: Generating thumbnails for [1] asset(s) in package [/Game/Char_Binary/Animation/ThirdPersonIdle] ([1] browsable assets)...
[2017.01.05-12.41.58:946][121]OBJ SavePackage:     Rendered thumbnail for [AnimSequence /Game/Char_Binary/Animation/ThirdPersonIdle.ThirdPersonIdle]
[2017.01.05-12.41.58:946][121]OBJ SavePackage: Finished generating thumbnails for package [/Game/Char_Binary/Animation/ThirdPersonIdle]
[2017.01.05-12.41.58:962][121]LogSavePackage: Save=14.72ms
[2017.01.05-12.41.58:962][121]LogSavePackage: Moving 'D:/AlefRGamer/Documents/Unreal Projects/MyProject/Saved/ThirdPersonIdle_Auto1B8C2FFF044944BFA70B308A464878EC8.tmp' to 'D:/AlefRGamer/Documents/Unreal Projects/MyProject/Saved/Autosaves/Game/Char_Binary/Animation/ThirdPersonIdle_Auto1.uasset'
[2017.01.05-12.41.58:963][121]LogSavePackage:Display: Finished SavePackage D:/AlefRGamer/Documents/Unreal Projects/MyProject/Saved/Autosaves/Game/Char_Binary/Animation/ThirdPersonIdle_Auto1.uasset
[2017.01.05-12.41.58:964][121]OBJ SavePackage: Generating thumbnails for [1] asset(s) in package [/Game/Char_Binary/Animation/ThirdPersonWalk] ([1] browsable assets)...
[2017.01.05-12.41.58:995][121]OBJ SavePackage:     Rendered thumbnail for [AnimSequence /Game/Char_Binary/Animation/ThirdPersonWalk.ThirdPersonWalk]
[2017.01.05-12.41.58:995][121]OBJ SavePackage: Finished generating thumbnails for package [/Game/Char_Binary/Animation/ThirdPersonWalk]
[2017.01.05-12.41.59:016][121]LogSavePackage: Save=18.39ms
[2017.01.05-12.41.59:016][121]LogSavePackage: Moving 'D:/AlefRGamer/Documents/Unreal Projects/MyProject/Saved/ThirdPersonWalk_Auto16B947D1344A4D4ABB6B5119B4BA1E093.tmp' to 'D:/AlefRGamer/Documents/Unreal Projects/MyProject/Saved/Autosaves/Game/Char_Binary/Animation/ThirdPersonWalk_Auto1.uasset'
[2017.01.05-12.41.59:017][121]LogSavePackage:Display: Finished SavePackage D:/AlefRGamer/Documents/Unreal Projects/MyProject/Saved/Autosaves/Game/Char_Binary/Animation/ThirdPersonWalk_Auto1.uasset
[2017.01.05-12.41.59:017][121]OBJ SavePackage: Generating thumbnails for [1] asset(s) in package [/Game/Char_Binary/Animation/ThirdPersonRun] ([1] browsable assets)...
[2017.01.05-12.41.59:047][121]OBJ SavePackage:     Rendered thumbnail for [AnimSequence /Game/Char_Binary/Animation/ThirdPersonRun.ThirdPersonRun]
[2017.01.05-12.41.59:047][121]OBJ SavePackage: Finished generating thumbnails for package [/Game/Char_Binary/Animation/ThirdPersonRun]
[2017.01.05-12.41.59:063][121]LogSavePackage: Save=14.53ms
[2017.01.05-12.41.59:063][121]LogSavePackage: Moving 'D:/AlefRGamer/Documents/Unreal Projects/MyProject/Saved/ThirdPersonRun_Auto12DA97289497A061142160E9E84F2BA2C.tmp' to 'D:/AlefRGamer/Documents/Unreal Projects/MyProject/Saved/Autosaves/Game/Char_Binary/Animation/ThirdPersonRun_Auto1.uasset'
[2017.01.05-12.41.59:064][121]LogSavePackage:Display: Finished SavePackage D:/AlefRGamer/Documents/Unreal Projects/MyProject/Saved/Autosaves/Game/Char_Binary/Animation/ThirdPersonRun_Auto1.uasset
[2017.01.05-12.41.59:064][121]OBJ SavePackage: Generating thumbnails for [1] asset(s) in package [/Game/Char_Binary/Animation/ThirdPerson_AnimBP] ([1] browsable assets)...
[2017.01.05-12.41.59:094][121]OBJ SavePackage:     Rendered thumbnail for [AnimBlueprint /Game/Char_Binary/Animation/ThirdPerson_AnimBP.ThirdPerson_AnimBP]
[2017.01.05-12.41.59:094][121]OBJ SavePackage: Finished generating thumbnails for package [/Game/Char_Binary/Animation/ThirdPerson_AnimBP]
[2017.01.05-12.41.59:166][121]LogSavePackage: Save=70.80ms
[2017.01.05-12.41.59:166][121]LogSavePackage: Moving 'D:/AlefRGamer/Documents/Unreal Projects/MyProject/Saved/ThirdPerson_AnimBP_Auto1E1E3831C4628D25E5287F19DF535D57C.tmp' to 'D:/AlefRGamer/Documents/Unreal Projects/MyProject/Saved/Autosaves/Game/Char_Binary/Animation/ThirdPerson_AnimBP_Auto1.uasset'
[2017.01.05-12.41.59:167][121]LogSavePackage:Display: Finished SavePackage D:/AlefRGamer/Documents/Unreal Projects/MyProject/Saved/Autosaves/Game/Char_Binary/Animation/ThirdPerson_AnimBP_Auto1.uasset
[2017.01.05-12.41.59:167][121]LogFileHelpers: Auto-saving content packages took 0.818
[2017.01.05-12.51.59:773][987]LogFileHelpers: Editor autosave (incl. sublevels) for '/Game/ThirdPersonBP/Maps/ThirdPersonExampleMap' took 0.036
[2017.01.05-12.51.59:775][987]OBJ SavePackage: Generating thumbnails for [0] asset(s) in package [/Game/Char_Binary/Char/Mesh/Exo_Gray_Skeleton] ([1] browsable assets)...
[2017.01.05-12.51.59:775][987]OBJ SavePackage: Finished generating thumbnails for package [/Game/Char_Binary/Char/Mesh/Exo_Gray_Skeleton]
[2017.01.05-12.51.59:787][987]LogSavePackage: Save=6.91ms
[2017.01.05-12.51.59:787][987]LogSavePackage: Moving 'D:/AlefRGamer/Documents/Unreal Projects/MyProject/Saved/Exo_Gray_Skeleton_Auto28E09119749EFF6A62C5C39B831E6E52B.tmp' to 'D:/AlefRGamer/Documents/Unreal Projects/MyProject/Saved/Autosaves/Game/Char_Binary/Char/Mesh/Exo_Gray_Skeleton_Auto2.uasset'
[2017.01.05-12.51.59:803][987]LogSavePackage:Display: Finished SavePackage D:/AlefRGamer/Documents/Unreal Projects/MyProject/Saved/Autosaves/Game/Char_Binary/Char/Mesh/Exo_Gray_Skeleton_Auto2.uasset
[2017.01.05-12.51.59:803][987]LogFileHelpers: Auto-saving content packages took 0.029
[2017.01.05-13.15.22:504][499]Cmd: QUIT_EDITOR
[2017.01.05-13.15.23:333][499]LogWindowsTextInputMethodSystem:Display: IME system now deactivated.
[2017.01.05-13.15.23:524][499]LogExit: Preparing to exit.
[2017.01.05-13.15.25:780][499]LogExit: Editor shut down
[2017.01.05-13.15.25:781][499]LogExit: Transaction tracking system shut down
[2017.01.05-13.15.28:679][499]LogObj: Freed 0b from 0 cluster array pools.
[2017.01.05-13.15.28:687][499]LogExit: Object subsystem successfully closed.
[2017.01.05-13.15.28:939][499]LogD3D11RHI: Shutdown
[2017.01.05-13.15.28:950][499]LogD3D11RHI: CleanupD3DDevice
[2017.01.05-13.15.29:166][499]LogD3D11RHI: ~FD3D11DynamicRHI
[2017.01.05-13.15.29:926][499]LogHttp:Display: Http module shutting down, but needs to wait on 1 outstanding Http requests:
[2017.01.05-13.15.29:926][499]LogHttp:Display: 	verb=[POST] url=[https://datarouter.ol.epicgames.com/datarouter/api/v1/public/data?SessionID=%7BFB03B762-4BA3-0F34-99BD-EFA4D9BC36CE%7D&AppID=UEEditor.Rocket.Release&AppVersion=4.14.1-3224400%2B%2B%2BUE4%2BRelease-4.14&UserID=52ed3b3d4ce3abbda4cbe5b908f59371%7C03bd44dd75f444429f532cbb07098575%7C0e4b8cd2-7ff2-4dea-a4a2-ac050ab251d5&AppEnvironment=datacollector-binary&UploadType=eteventstream] status=Processing
[2017.01.05-13.15.29:983][499]LogModuleManager: Shutting down and abandoning module SkeletalMeshEditor (244)
[2017.01.05-13.15.29:989][499]LogModuleManager: Shutting down and abandoning module SkeletonEditor (243)
[2017.01.05-13.15.29:989][499]LogModuleManager: Shutting down and abandoning module AnimationEditor (242)
[2017.01.05-13.15.29:989][499]LogModuleManager: Shutting down and abandoning module HierarchicalLODOutliner (241)
[2017.01.05-13.15.29:998][499]LogModuleManager: Shutting down and abandoning module CrashTracker (240)
[2017.01.05-13.15.30:006][499]LogModuleManager: Shutting down and abandoning module WidgetCarousel (239)
[2017.01.05-13.15.30:006][499]LogModuleManager: Shutting down and abandoning module AddContentDialog (238)
[2017.01.05-13.15.30:051][499]LogDirectoryWatcher: A directory notification for 'C:/Program Files (x86)/Epic Games/4.14/FeaturePacks/' was aborted.
[2017.01.05-13.15.30:056][499]LogModuleManager: Shutting down and abandoning module GameplayTags (237)
[2017.01.05-13.15.30:056][499]LogModuleManager: Shutting down and abandoning module EditorWidgets (236)
[2017.01.05-13.15.30:056][499]LogModuleManager: Shutting down and abandoning module CollectionManager (235)
[2017.01.05-13.15.30:091][499]LogDirectoryWatcher: A directory notification for 'D:/AlefRGamer/Documents/Unreal Projects/MyProject/Content/Collections/' was aborted.
[2017.01.05-13.15.30:091][499]LogDirectoryWatcher: A directory notification for 'D:/AlefRGamer/Documents/Unreal Projects/MyProject/Content/Developers/alefr/Collections/' was aborted.
[2017.01.05-13.15.30:091][499]LogDirectoryWatcher: A directory notification for 'D:/AlefRGamer/Documents/Unreal Projects/MyProject/Saved/Collections/' was aborted.
[2017.01.05-13.15.30:091][499]LogModuleManager: Shutting down and abandoning module SceneOutliner (234)
[2017.01.05-13.15.30:096][499]LogModuleManager: Shutting down and abandoning module StatsViewer (233)
[2017.01.05-13.15.30:112][499]LogModuleManager: Shutting down and abandoning module FoliageEdit (232)
[2017.01.05-13.15.30:113][499]LogModuleManager: Shutting down and abandoning module LandscapeEditor (231)
[2017.01.05-13.15.30:127][499]LogModuleManager: Shutting down and abandoning module SceneDepthPickerMode (230)
[2017.01.05-13.15.30:127][499]LogModuleManager: Shutting down and abandoning module ActorPickerMode (229)
[2017.01.05-13.15.30:127][499]LogModuleManager: Shutting down and abandoning module GeometryMode (228)
[2017.01.05-13.15.30:127][499]LogModuleManager: Shutting down and abandoning module TextureAlignMode (227)
[2017.01.05-13.15.30:127][499]LogModuleManager: Shutting down and abandoning module BspMode (226)
[2017.01.05-13.15.30:132][499]LogModuleManager: Shutting down and abandoning module HardwareSurvey (225)
[2017.01.05-13.15.30:137][499]LogModuleManager: Shutting down and abandoning module SequenceRecorderSections (224)
[2017.01.05-13.15.30:140][499]LogModuleManager: Shutting down and abandoning module AutomationWorker (223)
[2017.01.05-13.15.30:148][499]LogModuleManager: Shutting down and abandoning module MatineeToLevelSequence (222)
[2017.01.05-13.15.30:153][499]LogModuleManager: Shutting down and abandoning module PlacementMode (221)
[2017.01.05-13.15.30:177][499]LogModuleManager: Shutting down and abandoning module LevelSequenceEditor (220)
[2017.01.05-13.15.30:214][499]LogModuleManager: Shutting down and abandoning module WmfMediaFactory (219)
[2017.01.05-13.15.30:214][499]LogModuleManager: Shutting down and abandoning module WmfMediaEditor (218)
[2017.01.05-13.15.30:214][499]LogModuleManager: Shutting down and abandoning module AvfMediaFactory (217)
[2017.01.05-13.15.30:214][499]LogModuleManager: Shutting down and abandoning module AvfMediaEditor (216)
[2017.01.05-13.15.30:214][499]LogModuleManager: Shutting down and abandoning module Media (215)
[2017.01.05-13.15.30:214][499]LogModuleManager: Shutting down and abandoning module AndroidMediaFactory (214)
[2017.01.05-13.15.30:214][499]LogModuleManager: Shutting down and abandoning module AndroidMediaEditor (213)
[2017.01.05-13.15.30:214][499]LogModuleManager: Shutting down and abandoning module CharacterAI (212)
[2017.01.05-13.15.30:214][499]LogModuleManager: Shutting down and abandoning module SequenceRecorder (211)
[2017.01.05-13.15.30:249][499]LogModuleManager: Shutting down and abandoning module AudioCapture (210)
[2017.01.05-13.15.30:249][499]LogModuleManager: Shutting down and abandoning module SmartSnapping (209)
[2017.01.05-13.15.30:249][499]LogModuleManager: Shutting down and abandoning module SessionServices (208)
[2017.01.05-13.15.30:249][499]LogModuleManager: Shutting down and abandoning module ViewportSnapping (207)
[2017.01.05-13.15.30:249][499]LogModuleManager: Shutting down and abandoning module ViewportInteraction (206)
[2017.01.05-13.15.30:249][499]LogModuleManager: Shutting down and abandoning module LogVisualizer (205)
[2017.01.05-13.15.30:289][499]LogModuleManager: Shutting down and abandoning module GameProjectGeneration (204)
[2017.01.05-13.15.30:318][499]LogModuleManager: Shutting down and abandoning module IntroTutorials (203)
[2017.01.05-13.15.30:331][499]LogModuleManager: Shutting down and abandoning module EditorLiveStreaming (202)
[2017.01.05-13.15.30:331][499]LogModuleManager: Shutting down and abandoning module IOSPlatformEditor (201)
[2017.01.05-13.15.30:354][499]LogModuleManager: Shutting down and abandoning module HTML5PlatformEditor (200)
[2017.01.05-13.15.30:354][499]LogModuleManager: Shutting down and abandoning module AndroidDeviceDetection (199)
[2017.01.05-13.15.30:692][499]LogModuleManager: Shutting down and abandoning module AndroidPlatformEditor (198)
[2017.01.05-13.15.30:800][499]LogModuleManager: Shutting down and abandoning module IOSRuntimeSettings (197)
[2017.01.05-13.15.30:800][499]LogModuleManager: Shutting down and abandoning module AndroidRuntimeSettings (196)
[2017.01.05-13.15.30:800][499]LogModuleManager: Shutting down and abandoning module InputBindingEditor (195)
[2017.01.05-13.15.30:811][499]LogModuleManager: Shutting down and abandoning module NiagaraEditor (194)
[2017.01.05-13.15.30:830][499]LogModuleManager: Shutting down and abandoning module MergeActors (193)
[2017.01.05-13.15.30:849][499]LogModuleManager: Shutting down and abandoning module SizeMap (192)
[2017.01.05-13.15.30:854][499]LogModuleManager: Shutting down and abandoning module TreeMap (191)
[2017.01.05-13.15.30:879][499]LogModuleManager: Shutting down and abandoning module ReferenceViewer (190)
[2017.01.05-13.15.30:879][499]LogModuleManager: Shutting down and abandoning module LocalizationService (189)
[2017.01.05-13.15.30:884][499]LogModuleManager: Shutting down and abandoning module LocalizationDashboard (188)
[2017.01.05-13.15.30:895][499]LogModuleManager: Shutting down and abandoning module HardwareTargeting (187)
[2017.01.05-13.15.30:902][499]LogModuleManager: Shutting down and abandoning module DeviceProfileEditor (186)
[2017.01.05-13.15.30:914][499]LogModuleManager: Shutting down and abandoning module UndoHistory (185)
[2017.01.05-13.15.30:928][499]LogModuleManager: Shutting down and abandoning module UserFeedback (184)
[2017.01.05-13.15.30:928][499]LogModuleManager: Shutting down and abandoning module XmlParser (183)
[2017.01.05-13.15.30:938][499]LogModuleManager: Shutting down and abandoning module Blutility (182)
[2017.01.05-13.15.30:947][499]LogModuleManager: Shutting down and abandoning module ProjectTargetPlatformEditor (181)
[2017.01.05-13.15.30:947][499]LogModuleManager: Shutting down and abandoning module ProjectSettingsViewer (180)
[2017.01.05-13.15.30:947][499]LogModuleManager: Shutting down and abandoning module EditorSettingsViewer (179)
[2017.01.05-13.15.30:947][499]LogModuleManager: Shutting down and abandoning module SettingsEditor (178)
[2017.01.05-13.15.30:954][499]LogModuleManager: Shutting down and abandoning module ProjectLauncher (177)
[2017.01.05-13.15.30:977][499]LogModuleManager: Shutting down and abandoning module SessionFrontend (176)
[2017.01.05-13.15.30:994][499]LogModuleManager: Shutting down and abandoning module ProfilerClient (175)
[2017.01.05-13.15.31:010][499]LogModuleManager: Shutting down and abandoning module TargetDeviceServices (174)
[2017.01.05-13.15.31:010][499]LogModuleManager: Shutting down and abandoning module DeviceManager (173)
[2017.01.05-13.15.31:078][499]LogModuleManager: Shutting down and abandoning module AutomationController (172)
[2017.01.05-13.15.31:096][499]LogModuleManager: Shutting down and abandoning module AutomationWindow (171)
[2017.01.05-13.15.31:125][499]LogModuleManager: Shutting down and abandoning module Layers (170)
[2017.01.05-13.15.31:166][499]LogModuleManager: Shutting down and abandoning module ComponentVisualizers (169)
[2017.01.05-13.15.31:166][499]LogModuleManager: Shutting down and abandoning module DetailCustomizations (168)
[2017.01.05-13.15.31:173][499]LogModuleManager: Shutting down and abandoning module PackagesDialog (167)
[2017.01.05-13.15.31:173][499]LogModuleManager: Shutting down and abandoning module AnimGraph (166)
[2017.01.05-13.15.31:173][499]LogModuleManager: Shutting down and abandoning module Persona (165)
[2017.01.05-13.15.31:173][499]LogModuleManager: Shutting down and abandoning module Kismet (164)
[2017.01.05-13.15.31:209][499]LogModuleManager: Shutting down and abandoning module GraphEditor (163)
[2017.01.05-13.15.31:327][499]LogModuleManager: Shutting down and abandoning module ClassViewer (162)
[2017.01.05-13.15.31:346][499]LogModuleManager: Shutting down and abandoning module Toolbox (161)
[2017.01.05-13.15.31:353][499]LogModuleManager: Shutting down and abandoning module ModuleUI (160)
[2017.01.05-13.15.31:365][499]LogModuleManager: Shutting down and abandoning module MovieSceneTools (159)
[2017.01.05-13.15.31:390][499]LogModuleManager: Shutting down and abandoning module OutputLog (158)
[2017.01.05-13.15.31:390][499]LogModuleManager: Shutting down and abandoning module GammaUI (157)
[2017.01.05-13.15.31:408][499]LogModuleManager: Shutting down and abandoning module Documentation (156)
[2017.01.05-13.15.31:408][499]LogModuleManager: Shutting down and abandoning module Niagara (155)
[2017.01.05-13.15.31:409][499]LogModuleManager: Shutting down and abandoning module StreamingPauseRendering (154)
[2017.01.05-13.15.31:409][499]LogModuleManager: Shutting down and abandoning module AnalyticsET (153)
[2017.01.05-13.15.31:409][499]LogModuleManager: Shutting down and abandoning module PortalServices (152)
[2017.01.05-13.15.31:409][499]LogModuleManager: Shutting down and abandoning module PortalRpc (151)
[2017.01.05-13.15.31:409][499]LogModuleManager: Shutting down and abandoning module MessagingRpc (150)
[2017.01.05-13.15.31:409][499]LogModuleManager: Shutting down and abandoning module GameplayDebugger (149)
[2017.01.05-13.15.31:426][499]LogModuleManager: Shutting down and abandoning module AITestSuite (148)
[2017.01.05-13.15.31:432][499]LogModuleManager: Shutting down and abandoning module AIModule (147)
[2017.01.05-13.15.31:432][499]LogModuleManager: Shutting down and abandoning module ProfilerService (146)
[2017.01.05-13.15.31:688][499]LogModuleManager: Shutting down and abandoning module TaskGraph (145)
[2017.01.05-13.15.31:715][499]LogModuleManager: Shutting down and abandoning module SlateRemote (144)
[2017.01.05-13.15.31:715][499]LogModuleManager: Shutting down and abandoning module SteamVRController (143)
[2017.01.05-13.15.31:715][499]LogModuleManager: Shutting down and abandoning module SteamVR (142)
[2017.01.05-13.15.31:715][499]LogModuleManager: Shutting down and abandoning module ProceduralMeshComponentEditor (141)
[2017.01.05-13.15.31:737][499]LogModuleManager: Shutting down and abandoning module ProceduralMeshComponent (140)
[2017.01.05-13.15.31:760][499]LogModuleManager: Shutting down and abandoning module OculusLibrary (139)
[2017.01.05-13.15.31:760][499]LogModuleManager: Shutting down and abandoning module OculusInput (138)
[2017.01.05-13.15.31:760][499]LogModuleManager: Shutting down and abandoning module MobilePatchingUtils (137)
[2017.01.05-13.15.31:760][499]LogModuleManager: Shutting down and abandoning module CustomMeshComponent (136)
[2017.01.05-13.15.31:760][499]LogModuleManager: Shutting down and abandoning module CableComponent (135)
[2017.01.05-13.15.31:777][499]LogModuleManager: Shutting down and abandoning module ArchVisCharacter (134)
[2017.01.05-13.15.31:777][499]LogModuleManager: Shutting down and abandoning module MediaPlayerEditor (132)
[2017.01.05-13.15.31:840][499]LogModuleManager: Shutting down and abandoning module HTML5Networking (131)
[2017.01.05-13.15.31:840][499]LogModuleManager: Shutting down and abandoning module GeometryCacheEd (130)
[2017.01.05-13.15.31:840][499]LogModuleManager: Shutting down and abandoning module GeometryCache (129)
[2017.01.05-13.15.31:840][499]LogModuleManager: Shutting down and abandoning module AlembicLibrary (128)
[2017.01.05-13.15.31:854][499]LogModuleManager: Shutting down and abandoning module AlembicImporter (127)
[2017.01.05-13.15.31:874][499]LogModuleManager: Shutting down and abandoning module SuperSearch (126)
[2017.01.05-13.15.31:874][499]LogModuleManager: Shutting down and abandoning module SuperSearchEditor (125)
[2017.01.05-13.15.31:874][499]LogModuleManager: Shutting down and abandoning module SpeedTreeImporter (124)
[2017.01.05-13.15.31:874][499]LogModuleManager: Shutting down and abandoning module PluginBrowser (123)
[2017.01.05-13.15.31:916][499]LogModuleManager: Shutting down and abandoning module MobileLauncherProfileWizard (122)
[2017.01.05-13.15.31:936][499]LogModuleManager: Shutting down and abandoning module EpicSurvey (121)
[2017.01.05-13.15.32:045][499]LogModuleManager: Shutting down and abandoning module DesktopPlatform (120)
[2017.01.05-13.15.32:045][499]LogModuleManager: Shutting down and abandoning module VisualStudioSourceCodeAccess (119)
[2017.01.05-13.15.32:068][499]LogModuleManager: Shutting down and abandoning module UObjectPlugin (118)
[2017.01.05-13.15.32:068][499]LogModuleManager: Shutting down and abandoning module SubversionSourceControl (117)
[2017.01.05-13.15.32:080][499]LogModuleManager: Shutting down and abandoning module PerforceSourceControl (116)
[2017.01.05-13.15.32:095][499]LogModuleManager: Shutting down and abandoning module SourceControl (115)
[2017.01.05-13.15.32:108][499]LogModuleManager: Shutting down and abandoning module GitSourceControl (114)
[2017.01.05-13.15.32:113][499]LogModuleManager: Shutting down and abandoning module LightPropagationVolumeEditor (113)
[2017.01.05-13.15.32:113][499]LogModuleManager: Shutting down and abandoning module PaperTiledImporter (112)
[2017.01.05-13.15.32:116][499]LogModuleManager: Shutting down and abandoning module PaperSpriteSheetImporter (111)
[2017.01.05-13.15.32:116][499]LogModuleManager: Shutting down and abandoning module MeshPaint (110)
[2017.01.05-13.15.32:117][499]LogModuleManager: Shutting down and abandoning module PixelInspectorModule (109)
[2017.01.05-13.15.32:126][499]LogModuleManager: Shutting down and abandoning module HotReload (108)
[2017.01.05-13.15.32:143][499]LogModuleManager: Shutting down and abandoning module MainFrame (107)
[2017.01.05-13.15.32:143][499]LogModuleManager: Shutting down and abandoning module LevelEditor (106)
[2017.01.05-13.15.32:159][499]LogModuleManager: Shutting down and abandoning module ContentBrowser (105)
[2017.01.05-13.15.32:161][499]LogModuleManager: Shutting down and abandoning module Paper2DEditor (104)
[2017.01.05-13.15.32:173][499]LogModuleManager: Shutting down and abandoning module UdpMessaging (103)
[2017.01.05-13.15.32:274][499]LogModuleManager: Shutting down and abandoning module TcpMessaging (102)
[2017.01.05-13.15.32:386][499]LogModuleManager: Shutting down and abandoning module LightPropagationVolumeRuntime (101)
[2017.01.05-13.15.32:386][499]LogModuleManager: Shutting down and abandoning module Paper2D (100)
[2017.01.05-13.15.32:426][499]LogModuleManager: Shutting down and abandoning module WindowsMoviePlayer (99)
[2017.01.05-13.15.32:455][499]LogModuleManager: Shutting down and abandoning module WmfMedia (98)
[2017.01.05-13.15.32:474][499]LogModuleManager: Shutting down and abandoning module MediaAssets (97)
[2017.01.05-13.15.32:474][499]LogModuleManager: Shutting down and abandoning module GameLiveStreaming (96)
[2017.01.05-13.15.32:477][499]LogModuleManager: Shutting down and abandoning module GameplayTagsEditor (95)
[2017.01.05-13.15.32:477][499]LogModuleManager: Shutting down and abandoning module VREditor (94)
[2017.01.05-13.15.32:477][499]LogModuleManager: Shutting down and abandoning module GameplayTasksEditor (93)
[2017.01.05-13.15.32:477][499]LogModuleManager: Shutting down and abandoning module BehaviorTreeEditor (92)
[2017.01.05-13.15.32:501][499]LogModuleManager: Shutting down and abandoning module FunctionalTesting (91)
[2017.01.05-13.15.32:512][499]LogModuleManager: Shutting down and abandoning module CollisionAnalyzer (90)
[2017.01.05-13.15.32:534][499]LogModuleManager: Shutting down and abandoning module Sequencer (89)
[2017.01.05-13.15.32:564][499]LogModuleManager: Shutting down and abandoning module WorkspaceMenuStructure (88)
[2017.01.05-13.15.32:564][499]LogModuleManager: Shutting down and abandoning module MessageLog (87)
[2017.01.05-13.15.32:564][499]LogModuleManager: Shutting down and abandoning module AssetTools (86)
[2017.01.05-13.15.32:584][499]LogModuleManager: Shutting down and abandoning module UMGEditor (85)
[2017.01.05-13.15.32:619][499]LogModuleManager: Shutting down and abandoning module UMG (84)
[2017.01.05-13.15.32:629][499]LogModuleManager: Shutting down and abandoning module SlateReflector (83)
[2017.01.05-13.15.32:663][499]LogModuleManager: Shutting down and abandoning module Slate (82)
[2017.01.05-13.15.32:663][499]LogModuleManager: Shutting down and abandoning module EditorStyle (81)
[2017.01.05-13.15.32:678][499]LogModuleManager: Shutting down and abandoning module SourceCodeAccess (80)
[2017.01.05-13.15.32:678][499]LogModuleManager: Shutting down and abandoning module HeadMountedDisplay (79)
[2017.01.05-13.15.32:678][499]LogModuleManager: Shutting down and abandoning module XAudio2 (78)
[2017.01.05-13.15.32:678][499]LogModuleManager: Shutting down and abandoning module Networking (76)
[2017.01.05-13.15.32:678][499]LogModuleManager: Shutting down and abandoning module Core (75)
[2017.01.05-13.15.32:678][499]LogModuleManager: Shutting down and abandoning module DirectoryWatcher (74)
[2017.01.05-13.15.32:678][499]LogDirectoryWatcher: A directory notification for '../../../Engine/Content/' was aborted.
[2017.01.05-13.15.32:678][499]LogDirectoryWatcher: A directory notification for 'D:/AlefRGamer/Documents/Unreal Projects/MyProject/Content/' was aborted.
[2017.01.05-13.15.32:679][499]LogDirectoryWatcher: A directory notification for '../../../Engine/Plugins/2D/Paper2D/Content/' was aborted.
[2017.01.05-13.15.32:682][499]LogModuleManager: Shutting down and abandoning module AssetRegistry (73)
[2017.01.05-13.15.32:889][499]LogModuleManager: Shutting down and abandoning module KismetCompiler (72)
[2017.01.05-13.15.32:889][499]LogModuleManager: Shutting down and abandoning module PhysXFormats (71)
[2017.01.05-13.15.32:904][499]LogModuleManager: Shutting down and abandoning module SimplygonSwarm (70)
[2017.01.05-13.15.32:918][499]LogModuleManager: Shutting down and abandoning module SimplygonMeshReduction (69)
[2017.01.05-13.15.32:926][499]LogModuleManager: Shutting down and abandoning module QuadricMeshReduction (68)
[2017.01.05-13.15.32:939][499]LogModuleManager: Shutting down and abandoning module PropertyEditor (67)
[2017.01.05-13.15.32:950][499]LogModuleManager: Shutting down and abandoning module MeshUtilities (66)
[2017.01.05-13.15.32:982][499]LogModuleManager: Shutting down and abandoning module DerivedDataCache (65)
[2017.01.05-13.15.33:075][499]LogDerivedDataCache: Shutdown
[2017.01.05-13.15.33:077][499]LogModuleManager: Shutting down and abandoning module VulkanShaderFormat (64)
[2017.01.05-13.15.33:093][499]LogModuleManager: Shutting down and abandoning module ShaderFormatOpenGL (63)
[2017.01.05-13.15.33:124][499]LogModuleManager: Shutting down and abandoning module ShaderFormatD3D (62)
[2017.01.05-13.15.33:141][499]LogModuleManager: Shutting down and abandoning module MetalShaderFormat (61)
[2017.01.05-13.15.33:186][499]LogModuleManager: Shutting down and abandoning module TextureFormatUncompressed (60)
[2017.01.05-13.15.33:186][499]LogModuleManager: Shutting down and abandoning module TextureFormatPVR (59)
[2017.01.05-13.15.33:195][499]LogModuleManager: Shutting down and abandoning module TextureFormatDXT (58)
[2017.01.05-13.15.33:201][499]LogModuleManager: Shutting down and abandoning module TextureFormatIntelISPCTexComp (57)
[2017.01.05-13.15.33:223][499]LogModuleManager: Shutting down and abandoning module ImageWrapper (56)
[2017.01.05-13.15.33:223][499]LogModuleManager: Shutting down and abandoning module TextureFormatASTC (55)
[2017.01.05-13.15.33:223][499]LogModuleManager: Shutting down and abandoning module TextureFormatAndroid (54)
[2017.01.05-13.15.33:223][499]LogModuleManager: Shutting down and abandoning module AudioFormatOpus (53)
[2017.01.05-13.15.33:262][499]LogModuleManager: Shutting down and abandoning module AudioFormatOgg (52)
[2017.01.05-13.15.33:288][499]LogModuleManager: Shutting down and abandoning module AudioFormatADPCM (51)
[2017.01.05-13.15.33:288][499]LogModuleManager: Shutting down and abandoning module LinuxTargetPlatform (50)
[2017.01.05-13.15.33:288][499]LogModuleManager: Shutting down and abandoning module LinuxServerTargetPlatform (49)
[2017.01.05-13.15.33:291][499]LogModuleManager: Shutting down and abandoning module LinuxNoEditorTargetPlatform (48)
[2017.01.05-13.15.33:297][499]LogModuleManager: Shutting down and abandoning module LinuxClientTargetPlatform (47)
[2017.01.05-13.15.33:306][499]LogModuleManager: Shutting down and abandoning module TVOSTargetPlatform (46)
[2017.01.05-13.15.33:306][499]LogModuleManager: Shutting down and abandoning module Messaging (45)
[2017.01.05-13.15.33:306][499]LogModuleManager: Shutting down and abandoning module IOSTargetPlatform (44)
[2017.01.05-13.15.33:306][499]LogModuleManager: Shutting down and abandoning module HTML5TargetPlatform (43)
[2017.01.05-13.15.33:306][499]LogModuleManager: Shutting down and abandoning module Android_PVRTCTargetPlatform (42)
[2017.01.05-13.15.33:306][499]LogModuleManager: Shutting down and abandoning module Android_MultiTargetPlatform (41)
[2017.01.05-13.15.33:306][499]LogModuleManager: Shutting down and abandoning module Android_ETC2TargetPlatform (40)
[2017.01.05-13.15.33:307][499]LogModuleManager: Shutting down and abandoning module Android_ETC1TargetPlatform (39)
[2017.01.05-13.15.33:307][499]LogModuleManager: Shutting down and abandoning module Android_DXTTargetPlatform (38)
[2017.01.05-13.15.33:307][499]LogModuleManager: Shutting down and abandoning module Android_ATCTargetPlatform (37)
[2017.01.05-13.15.33:307][499]LogModuleManager: Shutting down and abandoning module Android_ASTCTargetPlatform (36)
[2017.01.05-13.15.33:307][499]LogModuleManager: Shutting down and abandoning module AndroidTargetPlatform (35)
[2017.01.05-13.15.33:307][499]LogModuleManager: Shutting down and abandoning module WindowsTargetPlatform (34)
[2017.01.05-13.15.33:307][499]LogModuleManager: Shutting down and abandoning module WindowsServerTargetPlatform (33)
[2017.01.05-13.15.33:310][499]LogModuleManager: Shutting down and abandoning module WindowsNoEditorTargetPlatform (32)
[2017.01.05-13.15.33:318][499]LogModuleManager: Shutting down and abandoning module WindowsClientTargetPlatform (31)
[2017.01.05-13.15.33:327][499]LogModuleManager: Shutting down and abandoning module MacTargetPlatform (30)
[2017.01.05-13.15.33:327][499]LogModuleManager: Shutting down and abandoning module MacServerTargetPlatform (29)
[2017.01.05-13.15.33:327][499]LogModuleManager: Shutting down and abandoning module MacNoEditorTargetPlatform (28)
[2017.01.05-13.15.33:327][499]LogModuleManager: Shutting down and abandoning module MacClientTargetPlatform (27)
[2017.01.05-13.15.33:327][499]LogModuleManager: Shutting down and abandoning module AllDesktopTargetPlatform (26)
[2017.01.05-13.15.33:327][499]LogModuleManager: Shutting down and abandoning module TargetPlatform (25)
[2017.01.05-13.15.33:327][499]LogModuleManager: Shutting down and abandoning module InputCore (24)
[2017.01.05-13.15.33:327][499]LogModuleManager: Shutting down and abandoning module Settings (23)
[2017.01.05-13.15.33:327][499]LogModuleManager: Shutting down and abandoning module OculusRift (22)
[2017.01.05-13.15.33:333][499]LogModuleManager: Shutting down and abandoning module ExampleDeviceProfileSelector (21)
[2017.01.05-13.15.33:333][499]LogModuleManager: Shutting down and abandoning module OnlineBlueprintSupport (20)
[2017.01.05-13.15.33:333][499]LogModuleManager: Shutting down and abandoning module OnlineSubsystem (18)
[2017.01.05-13.15.33:333][499]LogOnline:Display: Unloading online subsystem: NULL
[2017.01.05-13.15.33:371][499]LogModuleManager: Shutting down and abandoning module SSL (17)
[2017.01.05-13.15.33:383][499]LogModuleManager: Shutting down and abandoning module HTTP (16)
[2017.01.05-13.15.33:383][499]LogModuleManager: Shutting down and abandoning module XMPP (15)
[2017.01.05-13.15.33:421][499]LogModuleManager: Shutting down and abandoning module TextureCompressor (14)
[2017.01.05-13.15.33:431][499]LogModuleManager: Shutting down and abandoning module ShaderCore (13)
[2017.01.05-13.15.33:431][499]LogModuleManager: Shutting down and abandoning module Landscape (12)
[2017.01.05-13.15.33:431][499]LogModuleManager: Shutting down and abandoning module SlateRHIRenderer (11)
[2017.01.05-13.15.33:454][499]LogModuleManager: Shutting down and abandoning module OpenGLDrv (10)
[2017.01.05-13.15.33:484][499]LogModuleManager: Shutting down and abandoning module D3D11RHI (9)
[2017.01.05-13.15.33:484][499]LogModuleManager: Shutting down and abandoning module AnimGraphRuntime (8)
[2017.01.05-13.15.33:495][499]LogModuleManager: Shutting down and abandoning module Renderer (7)
[2017.01.05-13.15.33:508][499]LogModuleManager: Shutting down and abandoning module Engine (6)
[2017.01.05-13.15.33:508][499]LogModuleManager: Shutting down and abandoning module CoreUObject (5)
[2017.01.05-13.15.33:508][499]LogModuleManager: Shutting down and abandoning module NetworkFile (4)
[2017.01.05-13.15.33:515][499]LogModuleManager: Shutting down and abandoning module StreamingFile (3)
[2017.01.05-13.15.33:519][499]LogModuleManager: Shutting down and abandoning module SandboxFile (2)
[2017.01.05-13.15.33:523][499]LogModuleManager: Shutting down and abandoning module PakFile (1)
[2017.01.05-13.15.33:550][499]LogExit: Exiting.
[2017.01.05-13.15.33:573][499]Log file closed, 01/05/17 10:15:33
